[0.052s] Invoking command in '/workspaces/ros2project/build/pid2': CMAKE_PREFIX_PATH=${CMAKE_PREFIX_PATH}:/opt/ros/jazzy /usr/bin/cmake --build /workspaces/ros2project/build/pid2 -- -j8 -l8
[0.238s] [ 50%] [32mBuilding CXX object CMakeFiles/pid.dir/src/pid.cpp.o[0m
[21.936s] [100%] [32m[1mLinking CXX executable pid[0m
[22.554s] [100%] Built target pid
[22.595s] Invoked command in '/workspaces/ros2project/build/pid2' returned '0': CMAKE_PREFIX_PATH=${CMAKE_PREFIX_PATH}:/opt/ros/jazzy /usr/bin/cmake --build /workspaces/ros2project/build/pid2 -- -j8 -l8
[22.615s] Invoking command in '/workspaces/ros2project/build/pid2': CMAKE_PREFIX_PATH=${CMAKE_PREFIX_PATH}:/opt/ros/jazzy /usr/bin/cmake --install /workspaces/ros2project/build/pid2
[22.630s] -- Install configuration: ""
[22.631s] -- Installing: /workspaces/ros2project/install/pid2/lib/pid2/pid
[22.641s] -- Set non-toolchain portion of runtime path of "/workspaces/ros2project/install/pid2/lib/pid2/pid" to ""
[22.641s] -- Up-to-date: /workspaces/ros2project/install/pid2/share/ament_index/resource_index/package_run_dependencies/pid2
[22.641s] -- Up-to-date: /workspaces/ros2project/install/pid2/share/ament_index/resource_index/parent_prefix_path/pid2
[22.642s] -- Up-to-date: /workspaces/ros2project/install/pid2/share/pid2/environment/ament_prefix_path.sh
[22.642s] -- Up-to-date: /workspaces/ros2project/install/pid2/share/pid2/environment/ament_prefix_path.dsv
[22.642s] -- Up-to-date: /workspaces/ros2project/install/pid2/share/pid2/environment/path.sh
[22.643s] -- Up-to-date: /workspaces/ros2project/install/pid2/share/pid2/environment/path.dsv
[22.643s] -- Up-to-date: /workspaces/ros2project/install/pid2/share/pid2/local_setup.bash
[22.643s] -- Up-to-date: /workspaces/ros2project/install/pid2/share/pid2/local_setup.sh
[22.643s] -- Up-to-date: /workspaces/ros2project/install/pid2/share/pid2/local_setup.zsh
[22.643s] -- Up-to-date: /workspaces/ros2project/install/pid2/share/pid2/local_setup.dsv
[22.643s] -- Installing: /workspaces/ros2project/install/pid2/share/pid2/package.dsv
[22.643s] -- Up-to-date: /workspaces/ros2project/install/pid2/share/ament_index/resource_index/packages/pid2
[22.643s] -- Up-to-date: /workspaces/ros2project/install/pid2/share/pid2/cmake/pid2Config.cmake
[22.644s] -- Up-to-date: /workspaces/ros2project/install/pid2/share/pid2/cmake/pid2Config-version.cmake
[22.644s] -- Up-to-date: /workspaces/ros2project/install/pid2/share/pid2/package.xml
[22.646s] Invoked command in '/workspaces/ros2project/build/pid2' returned '0': CMAKE_PREFIX_PATH=${CMAKE_PREFIX_PATH}:/opt/ros/jazzy /usr/bin/cmake --install /workspaces/ros2project/build/pid2
