[ 75%] Built target listener
[ 75%] [32mBuilding CXX object CMakeFiles/talker.dir/src/publisher.cpp.o[0m
[100%] [32m[1mLinking CXX executable talker[0m
[100%] Built target talker
-- Install configuration: ""
-- Installing: /workspaces/ros2project/install/task2/lib/task2/talker
-- Set non-toolchain portion of runtime path of "/workspaces/ros2project/install/task2/lib/task2/talker" to ""
-- Up-to-date: /workspaces/ros2project/install/task2/lib/task2/listener
-- Up-to-date: /workspaces/ros2project/install/task2/share/ament_index/resource_index/package_run_dependencies/task2
-- Up-to-date: /workspaces/ros2project/install/task2/share/ament_index/resource_index/parent_prefix_path/task2
-- Up-to-date: /workspaces/ros2project/install/task2/share/task2/environment/ament_prefix_path.sh
-- Up-to-date: /workspaces/ros2project/install/task2/share/task2/environment/ament_prefix_path.dsv
-- Up-to-date: /workspaces/ros2project/install/task2/share/task2/environment/path.sh
-- Up-to-date: /workspaces/ros2project/install/task2/share/task2/environment/path.dsv
-- Up-to-date: /workspaces/ros2project/install/task2/share/task2/local_setup.bash
-- Up-to-date: /workspaces/ros2project/install/task2/share/task2/local_setup.sh
-- Up-to-date: /workspaces/ros2project/install/task2/share/task2/local_setup.zsh
-- Up-to-date: /workspaces/ros2project/install/task2/share/task2/local_setup.dsv
-- Installing: /workspaces/ros2project/install/task2/share/task2/package.dsv
-- Up-to-date: /workspaces/ros2project/install/task2/share/ament_index/resource_index/packages/task2
-- Up-to-date: /workspaces/ros2project/install/task2/share/task2/cmake/task2Config.cmake
-- Up-to-date: /workspaces/ros2project/install/task2/share/task2/cmake/task2Config-version.cmake
-- Up-to-date: /workspaces/ros2project/install/task2/share/task2/package.xml
