[0.033s] Invoking command in '/workspaces/ros2project/build/pid2': CMAKE_PREFIX_PATH=${CMAKE_PREFIX_PATH}:/opt/ros/jazzy /usr/bin/cmake --build /workspaces/ros2project/build/pid2 -- -j8 -l8
[0.175s] [ 50%] [32mBuilding CXX object CMakeFiles/pid.dir/src/pid.cpp.o[0m
[33.546s] [100%] [32m[1mLinking CXX executable pid[0m
[34.646s] [100%] Built target pid
[34.694s] Invoked command in '/workspaces/ros2project/build/pid2' returned '0': CMAKE_PREFIX_PATH=${CMAKE_PREFIX_PATH}:/opt/ros/jazzy /usr/bin/cmake --build /workspaces/ros2project/build/pid2 -- -j8 -l8
[34.734s] Invoking command in '/workspaces/ros2project/build/pid2': CMAKE_PREFIX_PATH=${CMAKE_PREFIX_PATH}:/opt/ros/jazzy /usr/bin/cmake --install /workspaces/ros2project/build/pid2
[34.770s] -- Install configuration: ""
[34.775s] -- Installing: /workspaces/ros2project/install/pid2/lib/pid2/pid
[34.796s] -- Set non-toolchain portion of runtime path of "/workspaces/ros2project/install/pid2/lib/pid2/pid" to ""
[34.796s] -- Up-to-date: /workspaces/ros2project/install/pid2/share/ament_index/resource_index/package_run_dependencies/pid2
[34.797s] -- Up-to-date: /workspaces/ros2project/install/pid2/share/ament_index/resource_index/parent_prefix_path/pid2
[34.797s] -- Up-to-date: /workspaces/ros2project/install/pid2/share/pid2/environment/ament_prefix_path.sh
[34.798s] -- Up-to-date: /workspaces/ros2project/install/pid2/share/pid2/environment/ament_prefix_path.dsv
[34.798s] -- Up-to-date: /workspaces/ros2project/install/pid2/share/pid2/environment/path.sh
[34.798s] -- Up-to-date: /workspaces/ros2project/install/pid2/share/pid2/environment/path.dsv
[34.799s] -- Up-to-date: /workspaces/ros2project/install/pid2/share/pid2/local_setup.bash
[34.799s] -- Up-to-date: /workspaces/ros2project/install/pid2/share/pid2/local_setup.sh
[34.799s] -- Up-to-date: /workspaces/ros2project/install/pid2/share/pid2/local_setup.zsh
[34.799s] -- Up-to-date: /workspaces/ros2project/install/pid2/share/pid2/local_setup.dsv
[34.800s] -- Installing: /workspaces/ros2project/install/pid2/share/pid2/package.dsv
[34.800s] -- Up-to-date: /workspaces/ros2project/install/pid2/share/ament_index/resource_index/packages/pid2
[34.800s] -- Up-to-date: /workspaces/ros2project/install/pid2/share/pid2/cmake/pid2Config.cmake
[34.800s] -- Up-to-date: /workspaces/ros2project/install/pid2/share/pid2/cmake/pid2Config-version.cmake
[34.800s] -- Up-to-date: /workspaces/ros2project/install/pid2/share/pid2/package.xml
[34.804s] Invoked command in '/workspaces/ros2project/build/pid2' returned '0': CMAKE_PREFIX_PATH=${CMAKE_PREFIX_PATH}:/opt/ros/jazzy /usr/bin/cmake --install /workspaces/ros2project/build/pid2
