[0.057s] Invoking command in '/workspaces/ros2project/build/pid2': CMAKE_PREFIX_PATH=${CMAKE_PREFIX_PATH}:/opt/ros/jazzy /usr/bin/cmake --build /workspaces/ros2project/build/pid2 -- -j8 -l8
[0.329s] [ 50%] [32mBuilding CXX object CMakeFiles/pid.dir/src/pid.cpp.o[0m
[41.824s] [100%] [32m[1mLinking CXX executable pid[0m
[43.088s] [100%] Built target pid
[43.167s] Invoked command in '/workspaces/ros2project/build/pid2' returned '0': CMAKE_PREFIX_PATH=${CMAKE_PREFIX_PATH}:/opt/ros/jazzy /usr/bin/cmake --build /workspaces/ros2project/build/pid2 -- -j8 -l8
[43.211s] Invoking command in '/workspaces/ros2project/build/pid2': CMAKE_PREFIX_PATH=${CMAKE_PREFIX_PATH}:/opt/ros/jazzy /usr/bin/cmake --install /workspaces/ros2project/build/pid2
[43.244s] -- Install configuration: ""
[43.245s] -- Installing: /workspaces/ros2project/install/pid2/lib/pid2/pid
[43.262s] -- Set non-toolchain portion of runtime path of "/workspaces/ros2project/install/pid2/lib/pid2/pid" to ""
[43.263s] -- Up-to-date: /workspaces/ros2project/install/pid2/share/ament_index/resource_index/package_run_dependencies/pid2
[43.263s] -- Up-to-date: /workspaces/ros2project/install/pid2/share/ament_index/resource_index/parent_prefix_path/pid2
[43.264s] -- Up-to-date: /workspaces/ros2project/install/pid2/share/pid2/environment/ament_prefix_path.sh
[43.264s] -- Up-to-date: /workspaces/ros2project/install/pid2/share/pid2/environment/ament_prefix_path.dsv
[43.264s] -- Up-to-date: /workspaces/ros2project/install/pid2/share/pid2/environment/path.sh
[43.264s] -- Up-to-date: /workspaces/ros2project/install/pid2/share/pid2/environment/path.dsv
[43.264s] -- Up-to-date: /workspaces/ros2project/install/pid2/share/pid2/local_setup.bash
[43.264s] -- Up-to-date: /workspaces/ros2project/install/pid2/share/pid2/local_setup.sh
[43.265s] -- Up-to-date: /workspaces/ros2project/install/pid2/share/pid2/local_setup.zsh
[43.265s] -- Up-to-date: /workspaces/ros2project/install/pid2/share/pid2/local_setup.dsv
[43.265s] -- Installing: /workspaces/ros2project/install/pid2/share/pid2/package.dsv
[43.265s] -- Up-to-date: /workspaces/ros2project/install/pid2/share/ament_index/resource_index/packages/pid2
[43.265s] -- Up-to-date: /workspaces/ros2project/install/pid2/share/pid2/cmake/pid2Config.cmake
[43.266s] -- Up-to-date: /workspaces/ros2project/install/pid2/share/pid2/cmake/pid2Config-version.cmake
[43.266s] -- Up-to-date: /workspaces/ros2project/install/pid2/share/pid2/package.xml
[43.269s] Invoked command in '/workspaces/ros2project/build/pid2' returned '0': CMAKE_PREFIX_PATH=${CMAKE_PREFIX_PATH}:/opt/ros/jazzy /usr/bin/cmake --install /workspaces/ros2project/build/pid2
