[0.026s] Invoking command in '/workspaces/ros2project/build/pid2': CMAKE_PREFIX_PATH=${CMAKE_PREFIX_PATH}:/opt/ros/jazzy /usr/bin/cmake --build /workspaces/ros2project/build/pid2 -- -j8 -l8
[0.141s] [ 50%] [32mBuilding CXX object CMakeFiles/pid.dir/src/pid.cpp.o[0m
[12.958s] [100%] [32m[1mLinking CXX executable pid[0m
[13.417s] [100%] Built target pid
[13.434s] Invoked command in '/workspaces/ros2project/build/pid2' returned '0': CMAKE_PREFIX_PATH=${CMAKE_PREFIX_PATH}:/opt/ros/jazzy /usr/bin/cmake --build /workspaces/ros2project/build/pid2 -- -j8 -l8
[13.450s] Invoking command in '/workspaces/ros2project/build/pid2': CMAKE_PREFIX_PATH=${CMAKE_PREFIX_PATH}:/opt/ros/jazzy /usr/bin/cmake --install /workspaces/ros2project/build/pid2
[13.460s] -- Install configuration: ""
[13.461s] -- Installing: /workspaces/ros2project/install/pid2/lib/pid2/pid
[13.470s] -- Set non-toolchain portion of runtime path of "/workspaces/ros2project/install/pid2/lib/pid2/pid" to ""
[13.470s] -- Up-to-date: /workspaces/ros2project/install/pid2/share/ament_index/resource_index/package_run_dependencies/pid2
[13.470s] -- Up-to-date: /workspaces/ros2project/install/pid2/share/ament_index/resource_index/parent_prefix_path/pid2
[13.471s] -- Up-to-date: /workspaces/ros2project/install/pid2/share/pid2/environment/ament_prefix_path.sh
[13.471s] -- Up-to-date: /workspaces/ros2project/install/pid2/share/pid2/environment/ament_prefix_path.dsv
[13.471s] -- Up-to-date: /workspaces/ros2project/install/pid2/share/pid2/environment/path.sh
[13.472s] -- Up-to-date: /workspaces/ros2project/install/pid2/share/pid2/environment/path.dsv
[13.472s] -- Up-to-date: /workspaces/ros2project/install/pid2/share/pid2/local_setup.bash
[13.472s] -- Up-to-date: /workspaces/ros2project/install/pid2/share/pid2/local_setup.sh
[13.472s] -- Up-to-date: /workspaces/ros2project/install/pid2/share/pid2/local_setup.zsh
[13.472s] -- Up-to-date: /workspaces/ros2project/install/pid2/share/pid2/local_setup.dsv
[13.472s] -- Installing: /workspaces/ros2project/install/pid2/share/pid2/package.dsv
[13.472s] -- Up-to-date: /workspaces/ros2project/install/pid2/share/ament_index/resource_index/packages/pid2
[13.473s] -- Up-to-date: /workspaces/ros2project/install/pid2/share/pid2/cmake/pid2Config.cmake
[13.473s] -- Up-to-date: /workspaces/ros2project/install/pid2/share/pid2/cmake/pid2Config-version.cmake
[13.473s] -- Up-to-date: /workspaces/ros2project/install/pid2/share/pid2/package.xml
[13.475s] Invoked command in '/workspaces/ros2project/build/pid2' returned '0': CMAKE_PREFIX_PATH=${CMAKE_PREFIX_PATH}:/opt/ros/jazzy /usr/bin/cmake --install /workspaces/ros2project/build/pid2
