[0.047s] Invoking command in '/workspaces/ros2project/build/pid2': CMAKE_PREFIX_PATH=${CMAKE_PREFIX_PATH}:/opt/ros/jazzy /usr/bin/cmake --build /workspaces/ros2project/build/pid2 -- -j8 -l8
[0.308s] [ 50%] [32mBuilding CXX object CMakeFiles/pid.dir/src/pid.cpp.o[0m
[56.357s] [100%] [32m[1mLinking CXX executable pid[0m
[57.686s] [100%] Built target pid
[57.730s] Invoked command in '/workspaces/ros2project/build/pid2' returned '0': CMAKE_PREFIX_PATH=${CMAKE_PREFIX_PATH}:/opt/ros/jazzy /usr/bin/cmake --build /workspaces/ros2project/build/pid2 -- -j8 -l8
[57.777s] Invoking command in '/workspaces/ros2project/build/pid2': CMAKE_PREFIX_PATH=${CMAKE_PREFIX_PATH}:/opt/ros/jazzy /usr/bin/cmake --install /workspaces/ros2project/build/pid2
[57.799s] -- Install configuration: ""
[57.800s] -- Installing: /workspaces/ros2project/install/pid2/lib/pid2/pid
[57.828s] -- Set non-toolchain portion of runtime path of "/workspaces/ros2project/install/pid2/lib/pid2/pid" to ""
[57.829s] -- Up-to-date: /workspaces/ros2project/install/pid2/share/ament_index/resource_index/package_run_dependencies/pid2
[57.830s] -- Up-to-date: /workspaces/ros2project/install/pid2/share/ament_index/resource_index/parent_prefix_path/pid2
[57.830s] -- Up-to-date: /workspaces/ros2project/install/pid2/share/pid2/environment/ament_prefix_path.sh
[57.831s] -- Up-to-date: /workspaces/ros2project/install/pid2/share/pid2/environment/ament_prefix_path.dsv
[57.831s] -- Up-to-date: /workspaces/ros2project/install/pid2/share/pid2/environment/path.sh
[57.832s] -- Up-to-date: /workspaces/ros2project/install/pid2/share/pid2/environment/path.dsv
[57.832s] -- Up-to-date: /workspaces/ros2project/install/pid2/share/pid2/local_setup.bash
[57.832s] -- Up-to-date: /workspaces/ros2project/install/pid2/share/pid2/local_setup.sh
[57.832s] -- Up-to-date: /workspaces/ros2project/install/pid2/share/pid2/local_setup.zsh
[57.832s] -- Up-to-date: /workspaces/ros2project/install/pid2/share/pid2/local_setup.dsv
[57.833s] -- Installing: /workspaces/ros2project/install/pid2/share/pid2/package.dsv
[57.833s] -- Up-to-date: /workspaces/ros2project/install/pid2/share/ament_index/resource_index/packages/pid2
[57.833s] -- Up-to-date: /workspaces/ros2project/install/pid2/share/pid2/cmake/pid2Config.cmake
[57.834s] -- Up-to-date: /workspaces/ros2project/install/pid2/share/pid2/cmake/pid2Config-version.cmake
[57.834s] -- Up-to-date: /workspaces/ros2project/install/pid2/share/pid2/package.xml
[57.842s] Invoked command in '/workspaces/ros2project/build/pid2' returned '0': CMAKE_PREFIX_PATH=${CMAKE_PREFIX_PATH}:/opt/ros/jazzy /usr/bin/cmake --install /workspaces/ros2project/build/pid2
