[0.032s] Invoking command in '/workspaces/ros2project/build/pid2': CMAKE_PREFIX_PATH=${CMAKE_PREFIX_PATH}:/opt/ros/jazzy /usr/bin/cmake --build /workspaces/ros2project/build/pid2 -- -j8 -l8
[0.142s] [ 50%] [32mBuilding CXX object CMakeFiles/pid.dir/src/pid.cpp.o[0m
[17.198s] [100%] [32m[1mLinking CXX executable pid[0m
[17.748s] [100%] Built target pid
[17.769s] Invoked command in '/workspaces/ros2project/build/pid2' returned '0': CMAKE_PREFIX_PATH=${CMAKE_PREFIX_PATH}:/opt/ros/jazzy /usr/bin/cmake --build /workspaces/ros2project/build/pid2 -- -j8 -l8
[17.785s] Invoking command in '/workspaces/ros2project/build/pid2': CMAKE_PREFIX_PATH=${CMAKE_PREFIX_PATH}:/opt/ros/jazzy /usr/bin/cmake --install /workspaces/ros2project/build/pid2
[17.802s] -- Install configuration: ""
[17.806s] -- Installing: /workspaces/ros2project/install/pid2/lib/pid2/pid
[17.814s] -- Set non-toolchain portion of runtime path of "/workspaces/ros2project/install/pid2/lib/pid2/pid" to ""
[17.814s] -- Up-to-date: /workspaces/ros2project/install/pid2/share/ament_index/resource_index/package_run_dependencies/pid2
[17.814s] -- Up-to-date: /workspaces/ros2project/install/pid2/share/ament_index/resource_index/parent_prefix_path/pid2
[17.815s] -- Up-to-date: /workspaces/ros2project/install/pid2/share/pid2/environment/ament_prefix_path.sh
[17.815s] -- Up-to-date: /workspaces/ros2project/install/pid2/share/pid2/environment/ament_prefix_path.dsv
[17.815s] -- Up-to-date: /workspaces/ros2project/install/pid2/share/pid2/environment/path.sh
[17.816s] -- Up-to-date: /workspaces/ros2project/install/pid2/share/pid2/environment/path.dsv
[17.816s] -- Up-to-date: /workspaces/ros2project/install/pid2/share/pid2/local_setup.bash
[17.816s] -- Up-to-date: /workspaces/ros2project/install/pid2/share/pid2/local_setup.sh
[17.816s] -- Up-to-date: /workspaces/ros2project/install/pid2/share/pid2/local_setup.zsh
[17.816s] -- Up-to-date: /workspaces/ros2project/install/pid2/share/pid2/local_setup.dsv
[17.817s] -- Installing: /workspaces/ros2project/install/pid2/share/pid2/package.dsv
[17.817s] -- Up-to-date: /workspaces/ros2project/install/pid2/share/ament_index/resource_index/packages/pid2
[17.817s] -- Up-to-date: /workspaces/ros2project/install/pid2/share/pid2/cmake/pid2Config.cmake
[17.817s] -- Up-to-date: /workspaces/ros2project/install/pid2/share/pid2/cmake/pid2Config-version.cmake
[17.817s] -- Up-to-date: /workspaces/ros2project/install/pid2/share/pid2/package.xml
[17.819s] Invoked command in '/workspaces/ros2project/build/pid2' returned '0': CMAKE_PREFIX_PATH=${CMAKE_PREFIX_PATH}:/opt/ros/jazzy /usr/bin/cmake --install /workspaces/ros2project/build/pid2
