[0.328s] DEBUG:colcon:Command line arguments: ['/usr/bin/colcon', 'build', '--packages-select', 'pid2']
[0.328s] DEBUG:colcon:Parsed command line arguments: Namespace(log_base=None, log_level=None, verb_name='build', build_base='build', install_base='install', merge_install=False, symlink_install=False, test_result_base=None, continue_on_error=False, executor='parallel', parallel_workers=8, event_handlers=None, ignore_user_meta=False, metas=['./colcon.meta'], base_paths=['.'], packages_ignore=None, packages_ignore_regex=None, paths=None, packages_up_to=None, packages_up_to_regex=None, packages_above=None, packages_above_and_dependencies=None, packages_above_depth=None, packages_select_by_dep=None, packages_skip_by_dep=None, packages_skip_up_to=None, packages_select_build_failed=False, packages_skip_build_finished=False, packages_select_test_failures=False, packages_skip_test_passed=False, packages_select=['pid2'], packages_skip=None, packages_select_regex=None, packages_skip_regex=None, packages_start=None, packages_end=None, cmake_args=None, cmake_target=None, cmake_target_skip_unavailable=False, cmake_clean_cache=False, cmake_clean_first=False, cmake_force_configure=False, ament_cmake_args=None, catkin_cmake_args=None, catkin_skip_building_tests=False, mixin_files=None, mixin=None, verb_parser=<colcon_mixin.mixin.mixin_argument.MixinArgumentDecorator object at 0x7f738029fcb0>, verb_extension=<colcon_core.verb.build.BuildVerb object at 0x7f738029f980>, main=<bound method BuildVerb.main of <colcon_core.verb.build.BuildVerb object at 0x7f738029f980>>, mixin_verb=('build',))
[0.477s] Level 1:colcon.colcon_core.package_discovery:discover_packages(colcon_meta) check parameters
[0.477s] Level 1:colcon.colcon_core.package_discovery:discover_packages(recursive) check parameters
[0.477s] Level 1:colcon.colcon_core.package_discovery:discover_packages(ignore) check parameters
[0.477s] Level 1:colcon.colcon_core.package_discovery:discover_packages(path) check parameters
[0.477s] Level 1:colcon.colcon_core.package_discovery:discover_packages(colcon_meta) discover
[0.477s] Level 1:colcon.colcon_core.package_discovery:discover_packages(recursive) discover
[0.477s] INFO:colcon.colcon_core.package_discovery:Crawling recursively for packages in '/workspaces/ros2project'
[0.478s] Level 1:colcon.colcon_core.package_identification:_identify(.) by extensions ['ignore', 'ignore_ament_install']
[0.478s] Level 1:colcon.colcon_core.package_identification:_identify(.) by extension 'ignore'
[0.478s] Level 1:colcon.colcon_core.package_identification:_identify(.) by extension 'ignore_ament_install'
[0.478s] Level 1:colcon.colcon_core.package_identification:_identify(.) by extensions ['colcon_pkg']
[0.478s] Level 1:colcon.colcon_core.package_identification:_identify(.) by extension 'colcon_pkg'
[0.478s] Level 1:colcon.colcon_core.package_identification:_identify(.) by extensions ['colcon_meta']
[0.478s] Level 1:colcon.colcon_core.package_identification:_identify(.) by extension 'colcon_meta'
[0.478s] Level 1:colcon.colcon_core.package_identification:_identify(.) by extensions ['ros']
[0.478s] Level 1:colcon.colcon_core.package_identification:_identify(.) by extension 'ros'
[0.566s] Level 1:colcon.colcon_core.package_identification:_identify(.) by extensions ['cmake', 'python']
[0.566s] Level 1:colcon.colcon_core.package_identification:_identify(.) by extension 'cmake'
[0.567s] Level 1:colcon.colcon_core.package_identification:_identify(.) by extension 'python'
[0.567s] Level 1:colcon.colcon_core.package_identification:_identify(.) by extensions ['python_setup_py']
[0.567s] Level 1:colcon.colcon_core.package_identification:_identify(.) by extension 'python_setup_py'
[0.567s] Level 1:colcon.colcon_core.package_identification:_identify(build) by extensions ['ignore', 'ignore_ament_install']
[0.567s] Level 1:colcon.colcon_core.package_identification:_identify(build) by extension 'ignore'
[0.568s] Level 1:colcon.colcon_core.package_identification:_identify(build) ignored
[0.568s] Level 1:colcon.colcon_core.package_identification:_identify(install) by extensions ['ignore', 'ignore_ament_install']
[0.568s] Level 1:colcon.colcon_core.package_identification:_identify(install) by extension 'ignore'
[0.568s] Level 1:colcon.colcon_core.package_identification:_identify(install) ignored
[0.568s] Level 1:colcon.colcon_core.package_identification:_identify(log) by extensions ['ignore', 'ignore_ament_install']
[0.569s] Level 1:colcon.colcon_core.package_identification:_identify(log) by extension 'ignore'
[0.569s] Level 1:colcon.colcon_core.package_identification:_identify(log) ignored
[0.569s] Level 1:colcon.colcon_core.package_identification:_identify(src) by extensions ['ignore', 'ignore_ament_install']
[0.569s] Level 1:colcon.colcon_core.package_identification:_identify(src) by extension 'ignore'
[0.569s] Level 1:colcon.colcon_core.package_identification:_identify(src) by extension 'ignore_ament_install'
[0.569s] Level 1:colcon.colcon_core.package_identification:_identify(src) by extensions ['colcon_pkg']
[0.569s] Level 1:colcon.colcon_core.package_identification:_identify(src) by extension 'colcon_pkg'
[0.569s] Level 1:colcon.colcon_core.package_identification:_identify(src) by extensions ['colcon_meta']
[0.569s] Level 1:colcon.colcon_core.package_identification:_identify(src) by extension 'colcon_meta'
[0.570s] Level 1:colcon.colcon_core.package_identification:_identify(src) by extensions ['ros']
[0.570s] Level 1:colcon.colcon_core.package_identification:_identify(src) by extension 'ros'
[0.570s] Level 1:colcon.colcon_core.package_identification:_identify(src) by extensions ['cmake', 'python']
[0.570s] Level 1:colcon.colcon_core.package_identification:_identify(src) by extension 'cmake'
[0.570s] Level 1:colcon.colcon_core.package_identification:_identify(src) by extension 'python'
[0.570s] Level 1:colcon.colcon_core.package_identification:_identify(src) by extensions ['python_setup_py']
[0.570s] Level 1:colcon.colcon_core.package_identification:_identify(src) by extension 'python_setup_py'
[0.570s] Level 1:colcon.colcon_core.package_identification:_identify(src/filter) by extensions ['ignore', 'ignore_ament_install']
[0.570s] Level 1:colcon.colcon_core.package_identification:_identify(src/filter) by extension 'ignore'
[0.570s] Level 1:colcon.colcon_core.package_identification:_identify(src/filter) by extension 'ignore_ament_install'
[0.571s] Level 1:colcon.colcon_core.package_identification:_identify(src/filter) by extensions ['colcon_pkg']
[0.571s] Level 1:colcon.colcon_core.package_identification:_identify(src/filter) by extension 'colcon_pkg'
[0.571s] Level 1:colcon.colcon_core.package_identification:_identify(src/filter) by extensions ['colcon_meta']
[0.571s] Level 1:colcon.colcon_core.package_identification:_identify(src/filter) by extension 'colcon_meta'
[0.571s] Level 1:colcon.colcon_core.package_identification:_identify(src/filter) by extensions ['ros']
[0.571s] Level 1:colcon.colcon_core.package_identification:_identify(src/filter) by extension 'ros'
[0.575s] DEBUG:colcon.colcon_core.package_identification:Package 'src/filter' with type 'ros.ament_cmake' and name 'filter'
[0.576s] Level 1:colcon.colcon_core.package_identification:_identify(src/motor_pid) by extensions ['ignore', 'ignore_ament_install']
[0.576s] Level 1:colcon.colcon_core.package_identification:_identify(src/motor_pid) by extension 'ignore'
[0.576s] Level 1:colcon.colcon_core.package_identification:_identify(src/motor_pid) by extension 'ignore_ament_install'
[0.576s] Level 1:colcon.colcon_core.package_identification:_identify(src/motor_pid) by extensions ['colcon_pkg']
[0.576s] Level 1:colcon.colcon_core.package_identification:_identify(src/motor_pid) by extension 'colcon_pkg'
[0.576s] Level 1:colcon.colcon_core.package_identification:_identify(src/motor_pid) by extensions ['colcon_meta']
[0.576s] Level 1:colcon.colcon_core.package_identification:_identify(src/motor_pid) by extension 'colcon_meta'
[0.577s] Level 1:colcon.colcon_core.package_identification:_identify(src/motor_pid) by extensions ['ros']
[0.577s] Level 1:colcon.colcon_core.package_identification:_identify(src/motor_pid) by extension 'ros'
[0.578s] DEBUG:colcon.colcon_core.package_identification:Package 'src/motor_pid' with type 'ros.ament_cmake' and name 'motor_pid'
[0.578s] Level 1:colcon.colcon_core.package_identification:_identify(src/motor_simulator) by extensions ['ignore', 'ignore_ament_install']
[0.578s] Level 1:colcon.colcon_core.package_identification:_identify(src/motor_simulator) by extension 'ignore'
[0.578s] Level 1:colcon.colcon_core.package_identification:_identify(src/motor_simulator) by extension 'ignore_ament_install'
[0.579s] Level 1:colcon.colcon_core.package_identification:_identify(src/motor_simulator) by extensions ['colcon_pkg']
[0.579s] Level 1:colcon.colcon_core.package_identification:_identify(src/motor_simulator) by extension 'colcon_pkg'
[0.579s] Level 1:colcon.colcon_core.package_identification:_identify(src/motor_simulator) by extensions ['colcon_meta']
[0.579s] Level 1:colcon.colcon_core.package_identification:_identify(src/motor_simulator) by extension 'colcon_meta'
[0.579s] Level 1:colcon.colcon_core.package_identification:_identify(src/motor_simulator) by extensions ['ros']
[0.579s] Level 1:colcon.colcon_core.package_identification:_identify(src/motor_simulator) by extension 'ros'
[0.582s] DEBUG:colcon.colcon_core.package_identification:Package 'src/motor_simulator' with type 'ros.ament_cmake' and name 'motor_simulator'
[0.582s] Level 1:colcon.colcon_core.package_identification:_identify(src/pid2) by extensions ['ignore', 'ignore_ament_install']
[0.583s] Level 1:colcon.colcon_core.package_identification:_identify(src/pid2) by extension 'ignore'
[0.583s] Level 1:colcon.colcon_core.package_identification:_identify(src/pid2) by extension 'ignore_ament_install'
[0.583s] Level 1:colcon.colcon_core.package_identification:_identify(src/pid2) by extensions ['colcon_pkg']
[0.583s] Level 1:colcon.colcon_core.package_identification:_identify(src/pid2) by extension 'colcon_pkg'
[0.583s] Level 1:colcon.colcon_core.package_identification:_identify(src/pid2) by extensions ['colcon_meta']
[0.583s] Level 1:colcon.colcon_core.package_identification:_identify(src/pid2) by extension 'colcon_meta'
[0.583s] Level 1:colcon.colcon_core.package_identification:_identify(src/pid2) by extensions ['ros']
[0.583s] Level 1:colcon.colcon_core.package_identification:_identify(src/pid2) by extension 'ros'
[0.584s] DEBUG:colcon.colcon_core.package_identification:Package 'src/pid2' with type 'ros.ament_cmake' and name 'pid2'
[0.584s] Level 1:colcon.colcon_core.package_identification:_identify(src/task1) by extensions ['ignore', 'ignore_ament_install']
[0.586s] Level 1:colcon.colcon_core.package_identification:_identify(src/task1) by extension 'ignore'
[0.586s] Level 1:colcon.colcon_core.package_identification:_identify(src/task1) by extension 'ignore_ament_install'
[0.586s] Level 1:colcon.colcon_core.package_identification:_identify(src/task1) by extensions ['colcon_pkg']
[0.586s] Level 1:colcon.colcon_core.package_identification:_identify(src/task1) by extension 'colcon_pkg'
[0.586s] Level 1:colcon.colcon_core.package_identification:_identify(src/task1) by extensions ['colcon_meta']
[0.586s] Level 1:colcon.colcon_core.package_identification:_identify(src/task1) by extension 'colcon_meta'
[0.587s] Level 1:colcon.colcon_core.package_identification:_identify(src/task1) by extensions ['ros']
[0.587s] Level 1:colcon.colcon_core.package_identification:_identify(src/task1) by extension 'ros'
[0.588s] DEBUG:colcon.colcon_core.package_identification:Package 'src/task1' with type 'ros.ament_cmake' and name 'task1'
[0.588s] Level 1:colcon.colcon_core.package_identification:_identify(src/task2) by extensions ['ignore', 'ignore_ament_install']
[0.588s] Level 1:colcon.colcon_core.package_identification:_identify(src/task2) by extension 'ignore'
[0.588s] Level 1:colcon.colcon_core.package_identification:_identify(src/task2) by extension 'ignore_ament_install'
[0.588s] Level 1:colcon.colcon_core.package_identification:_identify(src/task2) by extensions ['colcon_pkg']
[0.588s] Level 1:colcon.colcon_core.package_identification:_identify(src/task2) by extension 'colcon_pkg'
[0.588s] Level 1:colcon.colcon_core.package_identification:_identify(src/task2) by extensions ['colcon_meta']
[0.589s] Level 1:colcon.colcon_core.package_identification:_identify(src/task2) by extension 'colcon_meta'
[0.589s] Level 1:colcon.colcon_core.package_identification:_identify(src/task2) by extensions ['ros']
[0.589s] Level 1:colcon.colcon_core.package_identification:_identify(src/task2) by extension 'ros'
[0.590s] DEBUG:colcon.colcon_core.package_identification:Package 'src/task2' with type 'ros.ament_cmake' and name 'task2'
[0.590s] Level 1:colcon.colcon_core.package_discovery:discover_packages(recursive) using defaults
[0.590s] Level 1:colcon.colcon_core.package_discovery:discover_packages(ignore) discover
[0.590s] Level 1:colcon.colcon_core.package_discovery:discover_packages(ignore) using defaults
[0.590s] Level 1:colcon.colcon_core.package_discovery:discover_packages(path) discover
[0.590s] Level 1:colcon.colcon_core.package_discovery:discover_packages(path) using defaults
[0.653s] INFO:colcon.colcon_core.package_selection:Skipping not selected package 'filter' in 'src/filter'
[0.653s] INFO:colcon.colcon_core.package_selection:Skipping not selected package 'motor_pid' in 'src/motor_pid'
[0.653s] INFO:colcon.colcon_core.package_selection:Skipping not selected package 'motor_simulator' in 'src/motor_simulator'
[0.653s] INFO:colcon.colcon_core.package_selection:Skipping not selected package 'task1' in 'src/task1'
[0.653s] INFO:colcon.colcon_core.package_selection:Skipping not selected package 'task2' in 'src/task2'
[0.654s] Level 5:colcon.colcon_core.verb:set package 'pid2' build argument 'cmake_args' from command line to 'None'
[0.654s] Level 5:colcon.colcon_core.verb:set package 'pid2' build argument 'cmake_target' from command line to 'None'
[0.654s] Level 5:colcon.colcon_core.verb:set package 'pid2' build argument 'cmake_target_skip_unavailable' from command line to 'False'
[0.654s] Level 5:colcon.colcon_core.verb:set package 'pid2' build argument 'cmake_clean_cache' from command line to 'False'
[0.654s] Level 5:colcon.colcon_core.verb:set package 'pid2' build argument 'cmake_clean_first' from command line to 'False'
[0.654s] Level 5:colcon.colcon_core.verb:set package 'pid2' build argument 'cmake_force_configure' from command line to 'False'
[0.654s] Level 5:colcon.colcon_core.verb:set package 'pid2' build argument 'ament_cmake_args' from command line to 'None'
[0.654s] Level 5:colcon.colcon_core.verb:set package 'pid2' build argument 'catkin_cmake_args' from command line to 'None'
[0.654s] Level 5:colcon.colcon_core.verb:set package 'pid2' build argument 'catkin_skip_building_tests' from command line to 'False'
[0.654s] DEBUG:colcon.colcon_core.verb:Building package 'pid2' with the following arguments: {'ament_cmake_args': None, 'build_base': '/workspaces/ros2project/build/pid2', 'catkin_cmake_args': None, 'catkin_skip_building_tests': False, 'cmake_args': None, 'cmake_clean_cache': False, 'cmake_clean_first': False, 'cmake_force_configure': False, 'cmake_target': None, 'cmake_target_skip_unavailable': False, 'install_base': '/workspaces/ros2project/install/pid2', 'merge_install': False, 'path': '/workspaces/ros2project/src/pid2', 'symlink_install': False, 'test_result_base': None}
[0.654s] INFO:colcon.colcon_core.executor:Executing jobs using 'parallel' executor
[0.656s] DEBUG:colcon.colcon_parallel_executor.executor.parallel:run_until_complete
[0.657s] INFO:colcon.colcon_ros.task.ament_cmake.build:Building ROS package in '/workspaces/ros2project/src/pid2' with build type 'ament_cmake'
[0.658s] INFO:colcon.colcon_cmake.task.cmake.build:Building CMake package in '/workspaces/ros2project/src/pid2'
[0.662s] INFO:colcon.colcon_core.plugin_system:Skipping extension 'colcon_core.shell.bat': Not used on non-Windows systems
[0.662s] INFO:colcon.colcon_core.shell:Skip shell extension 'powershell' for command environment: Not usable outside of PowerShell
[0.663s] DEBUG:colcon.colcon_core.shell:Skip shell extension 'dsv' for command environment
[0.705s] DEBUG:colcon.colcon_core.event_handler.log_command:Invoking command in '/workspaces/ros2project/build/pid2': CMAKE_PREFIX_PATH=${CMAKE_PREFIX_PATH}:/opt/ros/jazzy /usr/bin/cmake --build /workspaces/ros2project/build/pid2 -- -j8 -l8
[58.387s] DEBUG:colcon.colcon_core.event_handler.log_command:Invoked command in '/workspaces/ros2project/build/pid2' returned '0': CMAKE_PREFIX_PATH=${CMAKE_PREFIX_PATH}:/opt/ros/jazzy /usr/bin/cmake --build /workspaces/ros2project/build/pid2 -- -j8 -l8
[58.434s] DEBUG:colcon.colcon_core.event_handler.log_command:Invoking command in '/workspaces/ros2project/build/pid2': CMAKE_PREFIX_PATH=${CMAKE_PREFIX_PATH}:/opt/ros/jazzy /usr/bin/cmake --install /workspaces/ros2project/build/pid2
[58.499s] Level 1:colcon.colcon_core.environment:create_environment_scripts_only(pid2)
[58.500s] DEBUG:colcon.colcon_core.event_handler.log_command:Invoked command in '/workspaces/ros2project/build/pid2' returned '0': CMAKE_PREFIX_PATH=${CMAKE_PREFIX_PATH}:/opt/ros/jazzy /usr/bin/cmake --install /workspaces/ros2project/build/pid2
[58.506s] Level 1:colcon.colcon_core.environment:checking '/workspaces/ros2project/install/pid2' for CMake module files
[58.508s] Level 1:colcon.colcon_core.environment:checking '/workspaces/ros2project/install/pid2' for CMake config files
[58.514s] Level 1:colcon.colcon_core.shell:create_environment_hook('pid2', 'cmake_prefix_path')
[58.515s] INFO:colcon.colcon_core.shell:Creating environment hook '/workspaces/ros2project/install/pid2/share/pid2/hook/cmake_prefix_path.ps1'
[58.531s] INFO:colcon.colcon_core.shell:Creating environment descriptor '/workspaces/ros2project/install/pid2/share/pid2/hook/cmake_prefix_path.dsv'
[58.533s] INFO:colcon.colcon_core.shell:Creating environment hook '/workspaces/ros2project/install/pid2/share/pid2/hook/cmake_prefix_path.sh'
[58.535s] Level 1:colcon.colcon_core.environment:checking '/workspaces/ros2project/install/pid2/lib'
[58.535s] Level 1:colcon.colcon_core.environment:checking '/workspaces/ros2project/install/pid2/bin'
[58.536s] Level 1:colcon.colcon_core.environment:checking '/workspaces/ros2project/install/pid2/lib/pkgconfig/pid2.pc'
[58.548s] Level 1:colcon.colcon_core.environment:checking '/workspaces/ros2project/install/pid2/lib/python3.12/site-packages'
[58.549s] Level 1:colcon.colcon_core.environment:checking '/workspaces/ros2project/install/pid2/bin'
[58.549s] INFO:colcon.colcon_core.shell:Creating package script '/workspaces/ros2project/install/pid2/share/pid2/package.ps1'
[58.551s] INFO:colcon.colcon_core.shell:Creating package descriptor '/workspaces/ros2project/install/pid2/share/pid2/package.dsv'
[58.553s] INFO:colcon.colcon_core.shell:Creating package script '/workspaces/ros2project/install/pid2/share/pid2/package.sh'
[58.555s] INFO:colcon.colcon_core.shell:Creating package script '/workspaces/ros2project/install/pid2/share/pid2/package.bash'
[58.562s] INFO:colcon.colcon_core.shell:Creating package script '/workspaces/ros2project/install/pid2/share/pid2/package.zsh'
[58.586s] Level 1:colcon.colcon_core.environment:create_file_with_runtime_dependencies(/workspaces/ros2project/install/pid2/share/colcon-core/packages/pid2)
[58.587s] Level 1:colcon.colcon_core.environment:create_environment_scripts_only(pid2)
[58.588s] Level 1:colcon.colcon_core.environment:checking '/workspaces/ros2project/install/pid2' for CMake module files
[58.589s] Level 1:colcon.colcon_core.environment:checking '/workspaces/ros2project/install/pid2' for CMake config files
[58.589s] Level 1:colcon.colcon_core.shell:create_environment_hook('pid2', 'cmake_prefix_path')
[58.590s] INFO:colcon.colcon_core.shell:Creating environment hook '/workspaces/ros2project/install/pid2/share/pid2/hook/cmake_prefix_path.ps1'
[58.592s] INFO:colcon.colcon_core.shell:Creating environment descriptor '/workspaces/ros2project/install/pid2/share/pid2/hook/cmake_prefix_path.dsv'
[58.593s] INFO:colcon.colcon_core.shell:Creating environment hook '/workspaces/ros2project/install/pid2/share/pid2/hook/cmake_prefix_path.sh'
[58.594s] Level 1:colcon.colcon_core.environment:checking '/workspaces/ros2project/install/pid2/lib'
[58.595s] Level 1:colcon.colcon_core.environment:checking '/workspaces/ros2project/install/pid2/bin'
[58.595s] Level 1:colcon.colcon_core.environment:checking '/workspaces/ros2project/install/pid2/lib/pkgconfig/pid2.pc'
[58.595s] Level 1:colcon.colcon_core.environment:checking '/workspaces/ros2project/install/pid2/lib/python3.12/site-packages'
[58.596s] Level 1:colcon.colcon_core.environment:checking '/workspaces/ros2project/install/pid2/bin'
[58.596s] INFO:colcon.colcon_core.shell:Creating package script '/workspaces/ros2project/install/pid2/share/pid2/package.ps1'
[58.598s] INFO:colcon.colcon_core.shell:Creating package descriptor '/workspaces/ros2project/install/pid2/share/pid2/package.dsv'
[58.605s] INFO:colcon.colcon_core.shell:Creating package script '/workspaces/ros2project/install/pid2/share/pid2/package.sh'
[58.609s] INFO:colcon.colcon_core.shell:Creating package script '/workspaces/ros2project/install/pid2/share/pid2/package.bash'
[58.610s] INFO:colcon.colcon_core.shell:Creating package script '/workspaces/ros2project/install/pid2/share/pid2/package.zsh'
[58.611s] Level 1:colcon.colcon_core.environment:create_file_with_runtime_dependencies(/workspaces/ros2project/install/pid2/share/colcon-core/packages/pid2)
[58.612s] DEBUG:colcon.colcon_parallel_executor.executor.parallel:closing loop
[58.613s] DEBUG:colcon.colcon_parallel_executor.executor.parallel:loop closed
[58.614s] DEBUG:colcon.colcon_parallel_executor.executor.parallel:run_until_complete finished with '0'
[58.614s] DEBUG:colcon.colcon_core.event_reactor:joining thread
[58.638s] INFO:colcon.colcon_core.plugin_system:Skipping extension 'colcon_notification.desktop_notification.notify_send': Could not find 'notify-send'
[58.638s] INFO:colcon.colcon_core.plugin_system:Skipping extension 'colcon_notification.desktop_notification.terminal_notifier': Not used on non-Darwin systems
[58.639s] INFO:colcon.colcon_core.plugin_system:Skipping extension 'colcon_notification.desktop_notification.win32': Not used on non-Windows systems
[58.639s] INFO:colcon.colcon_notification.desktop_notification:Sending desktop notification using 'notify2'
[58.667s] DEBUG:colcon.colcon_notification.desktop_notification.notify2:Failed to initialize notify2: org.freedesktop.DBus.Error.Spawn.ExecFailed: /usr/bin/dbus-launch terminated abnormally without any error message
[58.669s] DEBUG:colcon.colcon_core.event_reactor:joined thread
[58.670s] INFO:colcon.colcon_core.shell:Creating prefix script '/workspaces/ros2project/install/local_setup.ps1'
[58.672s] INFO:colcon.colcon_core.shell:Creating prefix util module '/workspaces/ros2project/install/_local_setup_util_ps1.py'
[58.680s] INFO:colcon.colcon_core.shell:Creating prefix chain script '/workspaces/ros2project/install/setup.ps1'
[58.683s] INFO:colcon.colcon_core.shell:Creating prefix script '/workspaces/ros2project/install/local_setup.sh'
[58.685s] INFO:colcon.colcon_core.shell:Creating prefix util module '/workspaces/ros2project/install/_local_setup_util_sh.py'
[58.689s] INFO:colcon.colcon_core.shell:Creating prefix chain script '/workspaces/ros2project/install/setup.sh'
[58.701s] INFO:colcon.colcon_core.shell:Creating prefix script '/workspaces/ros2project/install/local_setup.bash'
[58.703s] INFO:colcon.colcon_core.shell:Creating prefix chain script '/workspaces/ros2project/install/setup.bash'
[58.707s] INFO:colcon.colcon_core.shell:Creating prefix script '/workspaces/ros2project/install/local_setup.zsh'
[58.720s] INFO:colcon.colcon_core.shell:Creating prefix chain script '/workspaces/ros2project/install/setup.zsh'
