[0.085s] DEBUG:colcon:Command line arguments: ['/usr/bin/colcon', 'build', '--packages-select', 'filter']
[0.085s] DEBUG:colcon:Parsed command line arguments: Namespace(log_base=None, log_level=None, verb_name='build', build_base='build', install_base='install', merge_install=False, symlink_install=False, test_result_base=None, continue_on_error=False, executor='parallel', parallel_workers=8, event_handlers=None, ignore_user_meta=False, metas=['./colcon.meta'], base_paths=['.'], packages_ignore=None, packages_ignore_regex=None, paths=None, packages_up_to=None, packages_up_to_regex=None, packages_above=None, packages_above_and_dependencies=None, packages_above_depth=None, packages_select_by_dep=None, packages_skip_by_dep=None, packages_skip_up_to=None, packages_select_build_failed=False, packages_skip_build_finished=False, packages_select_test_failures=False, packages_skip_test_passed=False, packages_select=['filter'], packages_skip=None, packages_select_regex=None, packages_skip_regex=None, packages_start=None, packages_end=None, cmake_args=None, cmake_target=None, cmake_target_skip_unavailable=False, cmake_clean_cache=False, cmake_clean_first=False, cmake_force_configure=False, ament_cmake_args=None, catkin_cmake_args=None, catkin_skip_building_tests=False, mixin_files=None, mixin=None, verb_parser=<colcon_mixin.mixin.mixin_argument.MixinArgumentDecorator object at 0x721915263bf0>, verb_extension=<colcon_core.verb.build.BuildVerb object at 0x721915263a40>, main=<bound method BuildVerb.main of <colcon_core.verb.build.BuildVerb object at 0x721915263a40>>, mixin_verb=('build',))
[0.118s] Level 1:colcon.colcon_core.package_discovery:discover_packages(colcon_meta) check parameters
[0.118s] Level 1:colcon.colcon_core.package_discovery:discover_packages(recursive) check parameters
[0.118s] Level 1:colcon.colcon_core.package_discovery:discover_packages(ignore) check parameters
[0.118s] Level 1:colcon.colcon_core.package_discovery:discover_packages(path) check parameters
[0.118s] Level 1:colcon.colcon_core.package_discovery:discover_packages(colcon_meta) discover
[0.119s] Level 1:colcon.colcon_core.package_discovery:discover_packages(recursive) discover
[0.119s] INFO:colcon.colcon_core.package_discovery:Crawling recursively for packages in '/workspaces/ros2project'
[0.119s] Level 1:colcon.colcon_core.package_identification:_identify(.) by extensions ['ignore', 'ignore_ament_install']
[0.119s] Level 1:colcon.colcon_core.package_identification:_identify(.) by extension 'ignore'
[0.119s] Level 1:colcon.colcon_core.package_identification:_identify(.) by extension 'ignore_ament_install'
[0.119s] Level 1:colcon.colcon_core.package_identification:_identify(.) by extensions ['colcon_pkg']
[0.119s] Level 1:colcon.colcon_core.package_identification:_identify(.) by extension 'colcon_pkg'
[0.119s] Level 1:colcon.colcon_core.package_identification:_identify(.) by extensions ['colcon_meta']
[0.119s] Level 1:colcon.colcon_core.package_identification:_identify(.) by extension 'colcon_meta'
[0.119s] Level 1:colcon.colcon_core.package_identification:_identify(.) by extensions ['ros']
[0.119s] Level 1:colcon.colcon_core.package_identification:_identify(.) by extension 'ros'
[0.139s] Level 1:colcon.colcon_core.package_identification:_identify(.) by extensions ['cmake', 'python']
[0.139s] Level 1:colcon.colcon_core.package_identification:_identify(.) by extension 'cmake'
[0.139s] Level 1:colcon.colcon_core.package_identification:_identify(.) by extension 'python'
[0.139s] Level 1:colcon.colcon_core.package_identification:_identify(.) by extensions ['python_setup_py']
[0.139s] Level 1:colcon.colcon_core.package_identification:_identify(.) by extension 'python_setup_py'
[0.139s] Level 1:colcon.colcon_core.package_identification:_identify(build) by extensions ['ignore', 'ignore_ament_install']
[0.139s] Level 1:colcon.colcon_core.package_identification:_identify(build) by extension 'ignore'
[0.140s] Level 1:colcon.colcon_core.package_identification:_identify(build) ignored
[0.140s] Level 1:colcon.colcon_core.package_identification:_identify(install) by extensions ['ignore', 'ignore_ament_install']
[0.140s] Level 1:colcon.colcon_core.package_identification:_identify(install) by extension 'ignore'
[0.140s] Level 1:colcon.colcon_core.package_identification:_identify(install) ignored
[0.140s] Level 1:colcon.colcon_core.package_identification:_identify(log) by extensions ['ignore', 'ignore_ament_install']
[0.140s] Level 1:colcon.colcon_core.package_identification:_identify(log) by extension 'ignore'
[0.140s] Level 1:colcon.colcon_core.package_identification:_identify(log) ignored
[0.140s] Level 1:colcon.colcon_core.package_identification:_identify(src) by extensions ['ignore', 'ignore_ament_install']
[0.140s] Level 1:colcon.colcon_core.package_identification:_identify(src) by extension 'ignore'
[0.140s] Level 1:colcon.colcon_core.package_identification:_identify(src) by extension 'ignore_ament_install'
[0.140s] Level 1:colcon.colcon_core.package_identification:_identify(src) by extensions ['colcon_pkg']
[0.140s] Level 1:colcon.colcon_core.package_identification:_identify(src) by extension 'colcon_pkg'
[0.140s] Level 1:colcon.colcon_core.package_identification:_identify(src) by extensions ['colcon_meta']
[0.140s] Level 1:colcon.colcon_core.package_identification:_identify(src) by extension 'colcon_meta'
[0.140s] Level 1:colcon.colcon_core.package_identification:_identify(src) by extensions ['ros']
[0.140s] Level 1:colcon.colcon_core.package_identification:_identify(src) by extension 'ros'
[0.140s] Level 1:colcon.colcon_core.package_identification:_identify(src) by extensions ['cmake', 'python']
[0.140s] Level 1:colcon.colcon_core.package_identification:_identify(src) by extension 'cmake'
[0.140s] Level 1:colcon.colcon_core.package_identification:_identify(src) by extension 'python'
[0.141s] Level 1:colcon.colcon_core.package_identification:_identify(src) by extensions ['python_setup_py']
[0.141s] Level 1:colcon.colcon_core.package_identification:_identify(src) by extension 'python_setup_py'
[0.141s] Level 1:colcon.colcon_core.package_identification:_identify(src/filter) by extensions ['ignore', 'ignore_ament_install']
[0.141s] Level 1:colcon.colcon_core.package_identification:_identify(src/filter) by extension 'ignore'
[0.141s] Level 1:colcon.colcon_core.package_identification:_identify(src/filter) by extension 'ignore_ament_install'
[0.141s] Level 1:colcon.colcon_core.package_identification:_identify(src/filter) by extensions ['colcon_pkg']
[0.141s] Level 1:colcon.colcon_core.package_identification:_identify(src/filter) by extension 'colcon_pkg'
[0.141s] Level 1:colcon.colcon_core.package_identification:_identify(src/filter) by extensions ['colcon_meta']
[0.141s] Level 1:colcon.colcon_core.package_identification:_identify(src/filter) by extension 'colcon_meta'
[0.141s] Level 1:colcon.colcon_core.package_identification:_identify(src/filter) by extensions ['ros']
[0.141s] Level 1:colcon.colcon_core.package_identification:_identify(src/filter) by extension 'ros'
[0.143s] DEBUG:colcon.colcon_core.package_identification:Package 'src/filter' with type 'ros.ament_cmake' and name 'filter'
[0.143s] Level 1:colcon.colcon_core.package_identification:_identify(src/motor_pid) by extensions ['ignore', 'ignore_ament_install']
[0.143s] Level 1:colcon.colcon_core.package_identification:_identify(src/motor_pid) by extension 'ignore'
[0.143s] Level 1:colcon.colcon_core.package_identification:_identify(src/motor_pid) by extension 'ignore_ament_install'
[0.143s] Level 1:colcon.colcon_core.package_identification:_identify(src/motor_pid) by extensions ['colcon_pkg']
[0.143s] Level 1:colcon.colcon_core.package_identification:_identify(src/motor_pid) by extension 'colcon_pkg'
[0.143s] Level 1:colcon.colcon_core.package_identification:_identify(src/motor_pid) by extensions ['colcon_meta']
[0.143s] Level 1:colcon.colcon_core.package_identification:_identify(src/motor_pid) by extension 'colcon_meta'
[0.143s] Level 1:colcon.colcon_core.package_identification:_identify(src/motor_pid) by extensions ['ros']
[0.143s] Level 1:colcon.colcon_core.package_identification:_identify(src/motor_pid) by extension 'ros'
[0.144s] DEBUG:colcon.colcon_core.package_identification:Package 'src/motor_pid' with type 'ros.ament_cmake' and name 'motor_pid'
[0.144s] Level 1:colcon.colcon_core.package_identification:_identify(src/motor_simulator) by extensions ['ignore', 'ignore_ament_install']
[0.144s] Level 1:colcon.colcon_core.package_identification:_identify(src/motor_simulator) by extension 'ignore'
[0.144s] Level 1:colcon.colcon_core.package_identification:_identify(src/motor_simulator) by extension 'ignore_ament_install'
[0.144s] Level 1:colcon.colcon_core.package_identification:_identify(src/motor_simulator) by extensions ['colcon_pkg']
[0.144s] Level 1:colcon.colcon_core.package_identification:_identify(src/motor_simulator) by extension 'colcon_pkg'
[0.144s] Level 1:colcon.colcon_core.package_identification:_identify(src/motor_simulator) by extensions ['colcon_meta']
[0.144s] Level 1:colcon.colcon_core.package_identification:_identify(src/motor_simulator) by extension 'colcon_meta'
[0.144s] Level 1:colcon.colcon_core.package_identification:_identify(src/motor_simulator) by extensions ['ros']
[0.144s] Level 1:colcon.colcon_core.package_identification:_identify(src/motor_simulator) by extension 'ros'
[0.145s] DEBUG:colcon.colcon_core.package_identification:Package 'src/motor_simulator' with type 'ros.ament_cmake' and name 'motor_simulator'
[0.145s] Level 1:colcon.colcon_core.package_identification:_identify(src/pid2) by extensions ['ignore', 'ignore_ament_install']
[0.145s] Level 1:colcon.colcon_core.package_identification:_identify(src/pid2) by extension 'ignore'
[0.145s] Level 1:colcon.colcon_core.package_identification:_identify(src/pid2) by extension 'ignore_ament_install'
[0.145s] Level 1:colcon.colcon_core.package_identification:_identify(src/pid2) by extensions ['colcon_pkg']
[0.145s] Level 1:colcon.colcon_core.package_identification:_identify(src/pid2) by extension 'colcon_pkg'
[0.145s] Level 1:colcon.colcon_core.package_identification:_identify(src/pid2) by extensions ['colcon_meta']
[0.145s] Level 1:colcon.colcon_core.package_identification:_identify(src/pid2) by extension 'colcon_meta'
[0.145s] Level 1:colcon.colcon_core.package_identification:_identify(src/pid2) by extensions ['ros']
[0.145s] Level 1:colcon.colcon_core.package_identification:_identify(src/pid2) by extension 'ros'
[0.146s] DEBUG:colcon.colcon_core.package_identification:Package 'src/pid2' with type 'ros.ament_cmake' and name 'pid2'
[0.146s] Level 1:colcon.colcon_core.package_identification:_identify(src/task1) by extensions ['ignore', 'ignore_ament_install']
[0.147s] Level 1:colcon.colcon_core.package_identification:_identify(src/task1) by extension 'ignore'
[0.147s] Level 1:colcon.colcon_core.package_identification:_identify(src/task1) by extension 'ignore_ament_install'
[0.147s] Level 1:colcon.colcon_core.package_identification:_identify(src/task1) by extensions ['colcon_pkg']
[0.147s] Level 1:colcon.colcon_core.package_identification:_identify(src/task1) by extension 'colcon_pkg'
[0.147s] Level 1:colcon.colcon_core.package_identification:_identify(src/task1) by extensions ['colcon_meta']
[0.147s] Level 1:colcon.colcon_core.package_identification:_identify(src/task1) by extension 'colcon_meta'
[0.147s] Level 1:colcon.colcon_core.package_identification:_identify(src/task1) by extensions ['ros']
[0.147s] Level 1:colcon.colcon_core.package_identification:_identify(src/task1) by extension 'ros'
[0.147s] DEBUG:colcon.colcon_core.package_identification:Package 'src/task1' with type 'ros.ament_cmake' and name 'task1'
[0.148s] Level 1:colcon.colcon_core.package_identification:_identify(src/task2) by extensions ['ignore', 'ignore_ament_install']
[0.148s] Level 1:colcon.colcon_core.package_identification:_identify(src/task2) by extension 'ignore'
[0.148s] Level 1:colcon.colcon_core.package_identification:_identify(src/task2) by extension 'ignore_ament_install'
[0.148s] Level 1:colcon.colcon_core.package_identification:_identify(src/task2) by extensions ['colcon_pkg']
[0.148s] Level 1:colcon.colcon_core.package_identification:_identify(src/task2) by extension 'colcon_pkg'
[0.148s] Level 1:colcon.colcon_core.package_identification:_identify(src/task2) by extensions ['colcon_meta']
[0.148s] Level 1:colcon.colcon_core.package_identification:_identify(src/task2) by extension 'colcon_meta'
[0.148s] Level 1:colcon.colcon_core.package_identification:_identify(src/task2) by extensions ['ros']
[0.148s] Level 1:colcon.colcon_core.package_identification:_identify(src/task2) by extension 'ros'
[0.148s] DEBUG:colcon.colcon_core.package_identification:Package 'src/task2' with type 'ros.ament_cmake' and name 'task2'
[0.148s] Level 1:colcon.colcon_core.package_discovery:discover_packages(recursive) using defaults
[0.148s] Level 1:colcon.colcon_core.package_discovery:discover_packages(ignore) discover
[0.148s] Level 1:colcon.colcon_core.package_discovery:discover_packages(ignore) using defaults
[0.148s] Level 1:colcon.colcon_core.package_discovery:discover_packages(path) discover
[0.148s] Level 1:colcon.colcon_core.package_discovery:discover_packages(path) using defaults
[0.162s] INFO:colcon.colcon_core.package_selection:Skipping not selected package 'motor_pid' in 'src/motor_pid'
[0.162s] INFO:colcon.colcon_core.package_selection:Skipping not selected package 'motor_simulator' in 'src/motor_simulator'
[0.162s] INFO:colcon.colcon_core.package_selection:Skipping not selected package 'pid2' in 'src/pid2'
[0.162s] INFO:colcon.colcon_core.package_selection:Skipping not selected package 'task1' in 'src/task1'
[0.163s] INFO:colcon.colcon_core.package_selection:Skipping not selected package 'task2' in 'src/task2'
[0.163s] Level 5:colcon.colcon_core.verb:set package 'filter' build argument 'cmake_args' from command line to 'None'
[0.163s] Level 5:colcon.colcon_core.verb:set package 'filter' build argument 'cmake_target' from command line to 'None'
[0.163s] Level 5:colcon.colcon_core.verb:set package 'filter' build argument 'cmake_target_skip_unavailable' from command line to 'False'
[0.163s] Level 5:colcon.colcon_core.verb:set package 'filter' build argument 'cmake_clean_cache' from command line to 'False'
[0.163s] Level 5:colcon.colcon_core.verb:set package 'filter' build argument 'cmake_clean_first' from command line to 'False'
[0.163s] Level 5:colcon.colcon_core.verb:set package 'filter' build argument 'cmake_force_configure' from command line to 'False'
[0.163s] Level 5:colcon.colcon_core.verb:set package 'filter' build argument 'ament_cmake_args' from command line to 'None'
[0.163s] Level 5:colcon.colcon_core.verb:set package 'filter' build argument 'catkin_cmake_args' from command line to 'None'
[0.163s] Level 5:colcon.colcon_core.verb:set package 'filter' build argument 'catkin_skip_building_tests' from command line to 'False'
[0.163s] DEBUG:colcon.colcon_core.verb:Building package 'filter' with the following arguments: {'ament_cmake_args': None, 'build_base': '/workspaces/ros2project/build/filter', 'catkin_cmake_args': None, 'catkin_skip_building_tests': False, 'cmake_args': None, 'cmake_clean_cache': False, 'cmake_clean_first': False, 'cmake_force_configure': False, 'cmake_target': None, 'cmake_target_skip_unavailable': False, 'install_base': '/workspaces/ros2project/install/filter', 'merge_install': False, 'path': '/workspaces/ros2project/src/filter', 'symlink_install': False, 'test_result_base': None}
[0.163s] INFO:colcon.colcon_core.executor:Executing jobs using 'parallel' executor
[0.164s] DEBUG:colcon.colcon_parallel_executor.executor.parallel:run_until_complete
[0.165s] INFO:colcon.colcon_ros.task.ament_cmake.build:Building ROS package in '/workspaces/ros2project/src/filter' with build type 'ament_cmake'
[0.165s] INFO:colcon.colcon_cmake.task.cmake.build:Building CMake package in '/workspaces/ros2project/src/filter'
[0.167s] INFO:colcon.colcon_core.plugin_system:Skipping extension 'colcon_core.shell.bat': Not used on non-Windows systems
[0.167s] INFO:colcon.colcon_core.shell:Skip shell extension 'powershell' for command environment: Not usable outside of PowerShell
[0.167s] DEBUG:colcon.colcon_core.shell:Skip shell extension 'dsv' for command environment
[0.168s] WARNING:colcon.colcon_ros.prefix_path.ament:The path '/workspaces/ros2project/install/cpp_pubsub' in the environment variable AMENT_PREFIX_PATH doesn't exist
[0.168s] WARNING:colcon.colcon_ros.prefix_path.catkin:The path '/workspaces/ros2project/install/cpp_pubsub' in the environment variable CMAKE_PREFIX_PATH doesn't exist
[0.180s] DEBUG:colcon.colcon_core.event_handler.log_command:Invoking command in '/workspaces/ros2project/build/filter': CMAKE_PREFIX_PATH=${CMAKE_PREFIX_PATH}:/opt/ros/jazzy /usr/bin/cmake --build /workspaces/ros2project/build/filter -- -j8 -l8
[7.842s] DEBUG:colcon.colcon_core.event_handler.log_command:Invoked command in '/workspaces/ros2project/build/filter' returned '0': CMAKE_PREFIX_PATH=${CMAKE_PREFIX_PATH}:/opt/ros/jazzy /usr/bin/cmake --build /workspaces/ros2project/build/filter -- -j8 -l8
[7.860s] DEBUG:colcon.colcon_core.event_handler.log_command:Invoking command in '/workspaces/ros2project/build/filter': CMAKE_PREFIX_PATH=${CMAKE_PREFIX_PATH}:/opt/ros/jazzy /usr/bin/cmake --install /workspaces/ros2project/build/filter
[7.989s] Level 1:colcon.colcon_core.environment:create_environment_scripts_only(filter)
[7.990s] DEBUG:colcon.colcon_core.event_handler.log_command:Invoked command in '/workspaces/ros2project/build/filter' returned '0': CMAKE_PREFIX_PATH=${CMAKE_PREFIX_PATH}:/opt/ros/jazzy /usr/bin/cmake --install /workspaces/ros2project/build/filter
[7.992s] Level 1:colcon.colcon_core.environment:checking '/workspaces/ros2project/install/filter' for CMake module files
[7.993s] Level 1:colcon.colcon_core.environment:checking '/workspaces/ros2project/install/filter' for CMake config files
[7.994s] Level 1:colcon.colcon_core.shell:create_environment_hook('filter', 'cmake_prefix_path')
[7.994s] INFO:colcon.colcon_core.shell:Creating environment hook '/workspaces/ros2project/install/filter/share/filter/hook/cmake_prefix_path.ps1'
[7.995s] INFO:colcon.colcon_core.shell:Creating environment descriptor '/workspaces/ros2project/install/filter/share/filter/hook/cmake_prefix_path.dsv'
[7.995s] INFO:colcon.colcon_core.shell:Creating environment hook '/workspaces/ros2project/install/filter/share/filter/hook/cmake_prefix_path.sh'
[7.996s] Level 1:colcon.colcon_core.environment:checking '/workspaces/ros2project/install/filter/lib'
[7.996s] Level 1:colcon.colcon_core.environment:checking '/workspaces/ros2project/install/filter/bin'
[7.996s] Level 1:colcon.colcon_core.environment:checking '/workspaces/ros2project/install/filter/lib/pkgconfig/filter.pc'
[8.007s] Level 1:colcon.colcon_core.environment:checking '/workspaces/ros2project/install/filter/lib/python3.12/site-packages'
[8.007s] Level 1:colcon.colcon_core.environment:checking '/workspaces/ros2project/install/filter/bin'
[8.008s] INFO:colcon.colcon_core.shell:Creating package script '/workspaces/ros2project/install/filter/share/filter/package.ps1'
[8.008s] INFO:colcon.colcon_core.shell:Creating package descriptor '/workspaces/ros2project/install/filter/share/filter/package.dsv'
[8.009s] INFO:colcon.colcon_core.shell:Creating package script '/workspaces/ros2project/install/filter/share/filter/package.sh'
[8.009s] INFO:colcon.colcon_core.shell:Creating package script '/workspaces/ros2project/install/filter/share/filter/package.bash'
[8.010s] INFO:colcon.colcon_core.shell:Creating package script '/workspaces/ros2project/install/filter/share/filter/package.zsh'
[8.010s] Level 1:colcon.colcon_core.environment:create_file_with_runtime_dependencies(/workspaces/ros2project/install/filter/share/colcon-core/packages/filter)
[8.011s] Level 1:colcon.colcon_core.environment:create_environment_scripts_only(filter)
[8.011s] Level 1:colcon.colcon_core.environment:checking '/workspaces/ros2project/install/filter' for CMake module files
[8.011s] Level 1:colcon.colcon_core.environment:checking '/workspaces/ros2project/install/filter' for CMake config files
[8.011s] Level 1:colcon.colcon_core.shell:create_environment_hook('filter', 'cmake_prefix_path')
[8.012s] INFO:colcon.colcon_core.shell:Creating environment hook '/workspaces/ros2project/install/filter/share/filter/hook/cmake_prefix_path.ps1'
[8.012s] INFO:colcon.colcon_core.shell:Creating environment descriptor '/workspaces/ros2project/install/filter/share/filter/hook/cmake_prefix_path.dsv'
[8.012s] INFO:colcon.colcon_core.shell:Creating environment hook '/workspaces/ros2project/install/filter/share/filter/hook/cmake_prefix_path.sh'
[8.013s] Level 1:colcon.colcon_core.environment:checking '/workspaces/ros2project/install/filter/lib'
[8.013s] Level 1:colcon.colcon_core.environment:checking '/workspaces/ros2project/install/filter/bin'
[8.013s] Level 1:colcon.colcon_core.environment:checking '/workspaces/ros2project/install/filter/lib/pkgconfig/filter.pc'
[8.013s] Level 1:colcon.colcon_core.environment:checking '/workspaces/ros2project/install/filter/lib/python3.12/site-packages'
[8.014s] Level 1:colcon.colcon_core.environment:checking '/workspaces/ros2project/install/filter/bin'
[8.014s] INFO:colcon.colcon_core.shell:Creating package script '/workspaces/ros2project/install/filter/share/filter/package.ps1'
[8.014s] INFO:colcon.colcon_core.shell:Creating package descriptor '/workspaces/ros2project/install/filter/share/filter/package.dsv'
[8.015s] INFO:colcon.colcon_core.shell:Creating package script '/workspaces/ros2project/install/filter/share/filter/package.sh'
[8.015s] INFO:colcon.colcon_core.shell:Creating package script '/workspaces/ros2project/install/filter/share/filter/package.bash'
[8.015s] INFO:colcon.colcon_core.shell:Creating package script '/workspaces/ros2project/install/filter/share/filter/package.zsh'
[8.016s] Level 1:colcon.colcon_core.environment:create_file_with_runtime_dependencies(/workspaces/ros2project/install/filter/share/colcon-core/packages/filter)
[8.016s] DEBUG:colcon.colcon_parallel_executor.executor.parallel:closing loop
[8.017s] DEBUG:colcon.colcon_parallel_executor.executor.parallel:loop closed
[8.017s] DEBUG:colcon.colcon_parallel_executor.executor.parallel:run_until_complete finished with '0'
[8.017s] DEBUG:colcon.colcon_core.event_reactor:joining thread
[8.024s] INFO:colcon.colcon_core.plugin_system:Skipping extension 'colcon_notification.desktop_notification.notify_send': Could not find 'notify-send'
[8.024s] INFO:colcon.colcon_core.plugin_system:Skipping extension 'colcon_notification.desktop_notification.terminal_notifier': Not used on non-Darwin systems
[8.024s] INFO:colcon.colcon_core.plugin_system:Skipping extension 'colcon_notification.desktop_notification.win32': Not used on non-Windows systems
[8.024s] INFO:colcon.colcon_notification.desktop_notification:Sending desktop notification using 'notify2'
[8.027s] DEBUG:colcon.colcon_notification.desktop_notification.notify2:Failed to initialize notify2: org.freedesktop.DBus.Error.Spawn.ExecFailed: /usr/bin/dbus-launch terminated abnormally without any error message
[8.027s] DEBUG:colcon.colcon_core.event_reactor:joined thread
[8.028s] INFO:colcon.colcon_core.shell:Creating prefix script '/workspaces/ros2project/install/local_setup.ps1'
[8.029s] INFO:colcon.colcon_core.shell:Creating prefix util module '/workspaces/ros2project/install/_local_setup_util_ps1.py'
[8.030s] INFO:colcon.colcon_core.shell:Creating prefix chain script '/workspaces/ros2project/install/setup.ps1'
[8.032s] INFO:colcon.colcon_core.shell:Creating prefix script '/workspaces/ros2project/install/local_setup.sh'
[8.033s] INFO:colcon.colcon_core.shell:Creating prefix util module '/workspaces/ros2project/install/_local_setup_util_sh.py'
[8.034s] INFO:colcon.colcon_core.shell:Creating prefix chain script '/workspaces/ros2project/install/setup.sh'
[8.035s] INFO:colcon.colcon_core.shell:Creating prefix script '/workspaces/ros2project/install/local_setup.bash'
[8.036s] INFO:colcon.colcon_core.shell:Creating prefix chain script '/workspaces/ros2project/install/setup.bash'
[8.037s] INFO:colcon.colcon_core.shell:Creating prefix script '/workspaces/ros2project/install/local_setup.zsh'
[8.037s] INFO:colcon.colcon_core.shell:Creating prefix chain script '/workspaces/ros2project/install/setup.zsh'
