[0.131s] DEBUG:colcon:Command line arguments: ['/usr/bin/colcon', 'build', '--packages-select', 'motor_pid']
[0.132s] DEBUG:colcon:Parsed command line arguments: Namespace(log_base=None, log_level=None, verb_name='build', build_base='build', install_base='install', merge_install=False, symlink_install=False, test_result_base=None, continue_on_error=False, executor='parallel', parallel_workers=8, event_handlers=None, ignore_user_meta=False, metas=['./colcon.meta'], base_paths=['.'], packages_ignore=None, packages_ignore_regex=None, paths=None, packages_up_to=None, packages_up_to_regex=None, packages_above=None, packages_above_and_dependencies=None, packages_above_depth=None, packages_select_by_dep=None, packages_skip_by_dep=None, packages_skip_up_to=None, packages_select_build_failed=False, packages_skip_build_finished=False, packages_select_test_failures=False, packages_skip_test_passed=False, packages_select=['motor_pid'], packages_skip=None, packages_select_regex=None, packages_skip_regex=None, packages_start=None, packages_end=None, cmake_args=None, cmake_target=None, cmake_target_skip_unavailable=False, cmake_clean_cache=False, cmake_clean_first=False, cmake_force_configure=False, ament_cmake_args=None, catkin_cmake_args=None, catkin_skip_building_tests=False, mixin_files=None, mixin=None, verb_parser=<colcon_mixin.mixin.mixin_argument.MixinArgumentDecorator object at 0x78df96b9fda0>, verb_extension=<colcon_core.verb.build.BuildVerb object at 0x78df96b9fb00>, main=<bound method BuildVerb.main of <colcon_core.verb.build.BuildVerb object at 0x78df96b9fb00>>, mixin_verb=('build',))
[0.188s] Level 1:colcon.colcon_core.package_discovery:discover_packages(colcon_meta) check parameters
[0.188s] Level 1:colcon.colcon_core.package_discovery:discover_packages(recursive) check parameters
[0.188s] Level 1:colcon.colcon_core.package_discovery:discover_packages(ignore) check parameters
[0.188s] Level 1:colcon.colcon_core.package_discovery:discover_packages(path) check parameters
[0.188s] Level 1:colcon.colcon_core.package_discovery:discover_packages(colcon_meta) discover
[0.188s] Level 1:colcon.colcon_core.package_discovery:discover_packages(recursive) discover
[0.188s] INFO:colcon.colcon_core.package_discovery:Crawling recursively for packages in '/workspaces/ros2project'
[0.188s] Level 1:colcon.colcon_core.package_identification:_identify(.) by extensions ['ignore', 'ignore_ament_install']
[0.188s] Level 1:colcon.colcon_core.package_identification:_identify(.) by extension 'ignore'
[0.188s] Level 1:colcon.colcon_core.package_identification:_identify(.) by extension 'ignore_ament_install'
[0.189s] Level 1:colcon.colcon_core.package_identification:_identify(.) by extensions ['colcon_pkg']
[0.189s] Level 1:colcon.colcon_core.package_identification:_identify(.) by extension 'colcon_pkg'
[0.189s] Level 1:colcon.colcon_core.package_identification:_identify(.) by extensions ['colcon_meta']
[0.189s] Level 1:colcon.colcon_core.package_identification:_identify(.) by extension 'colcon_meta'
[0.189s] Level 1:colcon.colcon_core.package_identification:_identify(.) by extensions ['ros']
[0.189s] Level 1:colcon.colcon_core.package_identification:_identify(.) by extension 'ros'
[0.224s] Level 1:colcon.colcon_core.package_identification:_identify(.) by extensions ['cmake', 'python']
[0.224s] Level 1:colcon.colcon_core.package_identification:_identify(.) by extension 'cmake'
[0.224s] Level 1:colcon.colcon_core.package_identification:_identify(.) by extension 'python'
[0.224s] Level 1:colcon.colcon_core.package_identification:_identify(.) by extensions ['python_setup_py']
[0.224s] Level 1:colcon.colcon_core.package_identification:_identify(.) by extension 'python_setup_py'
[0.224s] Level 1:colcon.colcon_core.package_identification:_identify(build) by extensions ['ignore', 'ignore_ament_install']
[0.225s] Level 1:colcon.colcon_core.package_identification:_identify(build) by extension 'ignore'
[0.225s] Level 1:colcon.colcon_core.package_identification:_identify(build) ignored
[0.225s] Level 1:colcon.colcon_core.package_identification:_identify(install) by extensions ['ignore', 'ignore_ament_install']
[0.225s] Level 1:colcon.colcon_core.package_identification:_identify(install) by extension 'ignore'
[0.225s] Level 1:colcon.colcon_core.package_identification:_identify(install) ignored
[0.225s] Level 1:colcon.colcon_core.package_identification:_identify(log) by extensions ['ignore', 'ignore_ament_install']
[0.225s] Level 1:colcon.colcon_core.package_identification:_identify(log) by extension 'ignore'
[0.226s] Level 1:colcon.colcon_core.package_identification:_identify(log) ignored
[0.226s] Level 1:colcon.colcon_core.package_identification:_identify(src) by extensions ['ignore', 'ignore_ament_install']
[0.226s] Level 1:colcon.colcon_core.package_identification:_identify(src) by extension 'ignore'
[0.226s] Level 1:colcon.colcon_core.package_identification:_identify(src) by extension 'ignore_ament_install'
[0.226s] Level 1:colcon.colcon_core.package_identification:_identify(src) by extensions ['colcon_pkg']
[0.226s] Level 1:colcon.colcon_core.package_identification:_identify(src) by extension 'colcon_pkg'
[0.226s] Level 1:colcon.colcon_core.package_identification:_identify(src) by extensions ['colcon_meta']
[0.226s] Level 1:colcon.colcon_core.package_identification:_identify(src) by extension 'colcon_meta'
[0.226s] Level 1:colcon.colcon_core.package_identification:_identify(src) by extensions ['ros']
[0.226s] Level 1:colcon.colcon_core.package_identification:_identify(src) by extension 'ros'
[0.226s] Level 1:colcon.colcon_core.package_identification:_identify(src) by extensions ['cmake', 'python']
[0.226s] Level 1:colcon.colcon_core.package_identification:_identify(src) by extension 'cmake'
[0.226s] Level 1:colcon.colcon_core.package_identification:_identify(src) by extension 'python'
[0.227s] Level 1:colcon.colcon_core.package_identification:_identify(src) by extensions ['python_setup_py']
[0.227s] Level 1:colcon.colcon_core.package_identification:_identify(src) by extension 'python_setup_py'
[0.227s] Level 1:colcon.colcon_core.package_identification:_identify(src/filter) by extensions ['ignore', 'ignore_ament_install']
[0.227s] Level 1:colcon.colcon_core.package_identification:_identify(src/filter) by extension 'ignore'
[0.227s] Level 1:colcon.colcon_core.package_identification:_identify(src/filter) by extension 'ignore_ament_install'
[0.227s] Level 1:colcon.colcon_core.package_identification:_identify(src/filter) by extensions ['colcon_pkg']
[0.227s] Level 1:colcon.colcon_core.package_identification:_identify(src/filter) by extension 'colcon_pkg'
[0.227s] Level 1:colcon.colcon_core.package_identification:_identify(src/filter) by extensions ['colcon_meta']
[0.227s] Level 1:colcon.colcon_core.package_identification:_identify(src/filter) by extension 'colcon_meta'
[0.227s] Level 1:colcon.colcon_core.package_identification:_identify(src/filter) by extensions ['ros']
[0.227s] Level 1:colcon.colcon_core.package_identification:_identify(src/filter) by extension 'ros'
[0.231s] DEBUG:colcon.colcon_core.package_identification:Package 'src/filter' with type 'ros.ament_cmake' and name 'filter'
[0.232s] Level 1:colcon.colcon_core.package_identification:_identify(src/motor_pid) by extensions ['ignore', 'ignore_ament_install']
[0.232s] Level 1:colcon.colcon_core.package_identification:_identify(src/motor_pid) by extension 'ignore'
[0.232s] Level 1:colcon.colcon_core.package_identification:_identify(src/motor_pid) by extension 'ignore_ament_install'
[0.232s] Level 1:colcon.colcon_core.package_identification:_identify(src/motor_pid) by extensions ['colcon_pkg']
[0.232s] Level 1:colcon.colcon_core.package_identification:_identify(src/motor_pid) by extension 'colcon_pkg'
[0.232s] Level 1:colcon.colcon_core.package_identification:_identify(src/motor_pid) by extensions ['colcon_meta']
[0.232s] Level 1:colcon.colcon_core.package_identification:_identify(src/motor_pid) by extension 'colcon_meta'
[0.232s] Level 1:colcon.colcon_core.package_identification:_identify(src/motor_pid) by extensions ['ros']
[0.232s] Level 1:colcon.colcon_core.package_identification:_identify(src/motor_pid) by extension 'ros'
[0.233s] DEBUG:colcon.colcon_core.package_identification:Package 'src/motor_pid' with type 'ros.ament_cmake' and name 'motor_pid'
[0.233s] Level 1:colcon.colcon_core.package_identification:_identify(src/motor_simulator) by extensions ['ignore', 'ignore_ament_install']
[0.233s] Level 1:colcon.colcon_core.package_identification:_identify(src/motor_simulator) by extension 'ignore'
[0.234s] Level 1:colcon.colcon_core.package_identification:_identify(src/motor_simulator) by extension 'ignore_ament_install'
[0.234s] Level 1:colcon.colcon_core.package_identification:_identify(src/motor_simulator) by extensions ['colcon_pkg']
[0.234s] Level 1:colcon.colcon_core.package_identification:_identify(src/motor_simulator) by extension 'colcon_pkg'
[0.234s] Level 1:colcon.colcon_core.package_identification:_identify(src/motor_simulator) by extensions ['colcon_meta']
[0.234s] Level 1:colcon.colcon_core.package_identification:_identify(src/motor_simulator) by extension 'colcon_meta'
[0.234s] Level 1:colcon.colcon_core.package_identification:_identify(src/motor_simulator) by extensions ['ros']
[0.234s] Level 1:colcon.colcon_core.package_identification:_identify(src/motor_simulator) by extension 'ros'
[0.235s] DEBUG:colcon.colcon_core.package_identification:Package 'src/motor_simulator' with type 'ros.ament_cmake' and name 'motor_simulator'
[0.235s] Level 1:colcon.colcon_core.package_identification:_identify(src/task1) by extensions ['ignore', 'ignore_ament_install']
[0.236s] Level 1:colcon.colcon_core.package_identification:_identify(src/task1) by extension 'ignore'
[0.236s] Level 1:colcon.colcon_core.package_identification:_identify(src/task1) by extension 'ignore_ament_install'
[0.236s] Level 1:colcon.colcon_core.package_identification:_identify(src/task1) by extensions ['colcon_pkg']
[0.236s] Level 1:colcon.colcon_core.package_identification:_identify(src/task1) by extension 'colcon_pkg'
[0.236s] Level 1:colcon.colcon_core.package_identification:_identify(src/task1) by extensions ['colcon_meta']
[0.236s] Level 1:colcon.colcon_core.package_identification:_identify(src/task1) by extension 'colcon_meta'
[0.237s] Level 1:colcon.colcon_core.package_identification:_identify(src/task1) by extensions ['ros']
[0.237s] Level 1:colcon.colcon_core.package_identification:_identify(src/task1) by extension 'ros'
[0.237s] DEBUG:colcon.colcon_core.package_identification:Package 'src/task1' with type 'ros.ament_cmake' and name 'task1'
[0.237s] Level 1:colcon.colcon_core.package_identification:_identify(src/task2) by extensions ['ignore', 'ignore_ament_install']
[0.239s] Level 1:colcon.colcon_core.package_identification:_identify(src/task2) by extension 'ignore'
[0.239s] Level 1:colcon.colcon_core.package_identification:_identify(src/task2) by extension 'ignore_ament_install'
[0.239s] Level 1:colcon.colcon_core.package_identification:_identify(src/task2) by extensions ['colcon_pkg']
[0.239s] Level 1:colcon.colcon_core.package_identification:_identify(src/task2) by extension 'colcon_pkg'
[0.239s] Level 1:colcon.colcon_core.package_identification:_identify(src/task2) by extensions ['colcon_meta']
[0.239s] Level 1:colcon.colcon_core.package_identification:_identify(src/task2) by extension 'colcon_meta'
[0.239s] Level 1:colcon.colcon_core.package_identification:_identify(src/task2) by extensions ['ros']
[0.239s] Level 1:colcon.colcon_core.package_identification:_identify(src/task2) by extension 'ros'
[0.240s] DEBUG:colcon.colcon_core.package_identification:Package 'src/task2' with type 'ros.ament_cmake' and name 'task2'
[0.240s] Level 1:colcon.colcon_core.package_discovery:discover_packages(recursive) using defaults
[0.240s] Level 1:colcon.colcon_core.package_discovery:discover_packages(ignore) discover
[0.240s] Level 1:colcon.colcon_core.package_discovery:discover_packages(ignore) using defaults
[0.240s] Level 1:colcon.colcon_core.package_discovery:discover_packages(path) discover
[0.240s] Level 1:colcon.colcon_core.package_discovery:discover_packages(path) using defaults
[0.266s] INFO:colcon.colcon_core.package_selection:Skipping not selected package 'filter' in 'src/filter'
[0.266s] INFO:colcon.colcon_core.package_selection:Skipping not selected package 'motor_simulator' in 'src/motor_simulator'
[0.266s] INFO:colcon.colcon_core.package_selection:Skipping not selected package 'task1' in 'src/task1'
[0.266s] INFO:colcon.colcon_core.package_selection:Skipping not selected package 'task2' in 'src/task2'
[0.267s] Level 5:colcon.colcon_core.verb:set package 'motor_pid' build argument 'cmake_args' from command line to 'None'
[0.267s] Level 5:colcon.colcon_core.verb:set package 'motor_pid' build argument 'cmake_target' from command line to 'None'
[0.267s] Level 5:colcon.colcon_core.verb:set package 'motor_pid' build argument 'cmake_target_skip_unavailable' from command line to 'False'
[0.267s] Level 5:colcon.colcon_core.verb:set package 'motor_pid' build argument 'cmake_clean_cache' from command line to 'False'
[0.267s] Level 5:colcon.colcon_core.verb:set package 'motor_pid' build argument 'cmake_clean_first' from command line to 'False'
[0.267s] Level 5:colcon.colcon_core.verb:set package 'motor_pid' build argument 'cmake_force_configure' from command line to 'False'
[0.267s] Level 5:colcon.colcon_core.verb:set package 'motor_pid' build argument 'ament_cmake_args' from command line to 'None'
[0.267s] Level 5:colcon.colcon_core.verb:set package 'motor_pid' build argument 'catkin_cmake_args' from command line to 'None'
[0.267s] Level 5:colcon.colcon_core.verb:set package 'motor_pid' build argument 'catkin_skip_building_tests' from command line to 'False'
[0.267s] DEBUG:colcon.colcon_core.verb:Building package 'motor_pid' with the following arguments: {'ament_cmake_args': None, 'build_base': '/workspaces/ros2project/build/motor_pid', 'catkin_cmake_args': None, 'catkin_skip_building_tests': False, 'cmake_args': None, 'cmake_clean_cache': False, 'cmake_clean_first': False, 'cmake_force_configure': False, 'cmake_target': None, 'cmake_target_skip_unavailable': False, 'install_base': '/workspaces/ros2project/install/motor_pid', 'merge_install': False, 'path': '/workspaces/ros2project/src/motor_pid', 'symlink_install': False, 'test_result_base': None}
[0.267s] INFO:colcon.colcon_core.executor:Executing jobs using 'parallel' executor
[0.269s] DEBUG:colcon.colcon_parallel_executor.executor.parallel:run_until_complete
[0.269s] INFO:colcon.colcon_ros.task.ament_cmake.build:Building ROS package in '/workspaces/ros2project/src/motor_pid' with build type 'ament_cmake'
[0.269s] INFO:colcon.colcon_cmake.task.cmake.build:Building CMake package in '/workspaces/ros2project/src/motor_pid'
[0.273s] INFO:colcon.colcon_core.plugin_system:Skipping extension 'colcon_core.shell.bat': Not used on non-Windows systems
[0.273s] INFO:colcon.colcon_core.shell:Skip shell extension 'powershell' for command environment: Not usable outside of PowerShell
[0.273s] DEBUG:colcon.colcon_core.shell:Skip shell extension 'dsv' for command environment
[0.275s] WARNING:colcon.colcon_ros.prefix_path.ament:The path '/workspaces/ros2project/install/cpp_pubsub' in the environment variable AMENT_PREFIX_PATH doesn't exist
[0.275s] WARNING:colcon.colcon_ros.prefix_path.catkin:The path '/workspaces/ros2project/install/cpp_pubsub' in the environment variable CMAKE_PREFIX_PATH doesn't exist
[0.293s] DEBUG:colcon.colcon_core.event_handler.log_command:Invoking command in '/workspaces/ros2project/build/motor_pid': CMAKE_PREFIX_PATH=${CMAKE_PREFIX_PATH}:/opt/ros/jazzy /usr/bin/cmake --build /workspaces/ros2project/build/motor_pid -- -j8 -l8
[14.117s] DEBUG:colcon.colcon_core.event_handler.log_command:Invoked command in '/workspaces/ros2project/build/motor_pid' returned '0': CMAKE_PREFIX_PATH=${CMAKE_PREFIX_PATH}:/opt/ros/jazzy /usr/bin/cmake --build /workspaces/ros2project/build/motor_pid -- -j8 -l8
[14.134s] DEBUG:colcon.colcon_core.event_handler.log_command:Invoking command in '/workspaces/ros2project/build/motor_pid': CMAKE_PREFIX_PATH=${CMAKE_PREFIX_PATH}:/opt/ros/jazzy /usr/bin/cmake --install /workspaces/ros2project/build/motor_pid
[14.161s] Level 1:colcon.colcon_core.environment:create_environment_scripts_only(motor_pid)
[14.162s] DEBUG:colcon.colcon_core.event_handler.log_command:Invoked command in '/workspaces/ros2project/build/motor_pid' returned '0': CMAKE_PREFIX_PATH=${CMAKE_PREFIX_PATH}:/opt/ros/jazzy /usr/bin/cmake --install /workspaces/ros2project/build/motor_pid
[14.166s] Level 1:colcon.colcon_core.environment:checking '/workspaces/ros2project/install/motor_pid' for CMake module files
[14.167s] Level 1:colcon.colcon_core.environment:checking '/workspaces/ros2project/install/motor_pid' for CMake config files
[14.167s] Level 1:colcon.colcon_core.shell:create_environment_hook('motor_pid', 'cmake_prefix_path')
[14.167s] INFO:colcon.colcon_core.shell:Creating environment hook '/workspaces/ros2project/install/motor_pid/share/motor_pid/hook/cmake_prefix_path.ps1'
[14.168s] INFO:colcon.colcon_core.shell:Creating environment descriptor '/workspaces/ros2project/install/motor_pid/share/motor_pid/hook/cmake_prefix_path.dsv'
[14.169s] INFO:colcon.colcon_core.shell:Creating environment hook '/workspaces/ros2project/install/motor_pid/share/motor_pid/hook/cmake_prefix_path.sh'
[14.170s] Level 1:colcon.colcon_core.environment:checking '/workspaces/ros2project/install/motor_pid/lib'
[14.170s] Level 1:colcon.colcon_core.environment:checking '/workspaces/ros2project/install/motor_pid/bin'
[14.171s] Level 1:colcon.colcon_core.environment:checking '/workspaces/ros2project/install/motor_pid/lib/pkgconfig/motor_pid.pc'
[14.174s] Level 1:colcon.colcon_core.environment:checking '/workspaces/ros2project/install/motor_pid/lib/python3.12/site-packages'
[14.175s] Level 1:colcon.colcon_core.environment:checking '/workspaces/ros2project/install/motor_pid/bin'
[14.175s] INFO:colcon.colcon_core.shell:Creating package script '/workspaces/ros2project/install/motor_pid/share/motor_pid/package.ps1'
[14.176s] INFO:colcon.colcon_core.shell:Creating package descriptor '/workspaces/ros2project/install/motor_pid/share/motor_pid/package.dsv'
[14.177s] INFO:colcon.colcon_core.shell:Creating package script '/workspaces/ros2project/install/motor_pid/share/motor_pid/package.sh'
[14.178s] INFO:colcon.colcon_core.shell:Creating package script '/workspaces/ros2project/install/motor_pid/share/motor_pid/package.bash'
[14.179s] INFO:colcon.colcon_core.shell:Creating package script '/workspaces/ros2project/install/motor_pid/share/motor_pid/package.zsh'
[14.180s] Level 1:colcon.colcon_core.environment:create_file_with_runtime_dependencies(/workspaces/ros2project/install/motor_pid/share/colcon-core/packages/motor_pid)
[14.181s] Level 1:colcon.colcon_core.environment:create_environment_scripts_only(motor_pid)
[14.182s] Level 1:colcon.colcon_core.environment:checking '/workspaces/ros2project/install/motor_pid' for CMake module files
[14.182s] Level 1:colcon.colcon_core.environment:checking '/workspaces/ros2project/install/motor_pid' for CMake config files
[14.183s] Level 1:colcon.colcon_core.shell:create_environment_hook('motor_pid', 'cmake_prefix_path')
[14.183s] INFO:colcon.colcon_core.shell:Creating environment hook '/workspaces/ros2project/install/motor_pid/share/motor_pid/hook/cmake_prefix_path.ps1'
[14.184s] INFO:colcon.colcon_core.shell:Creating environment descriptor '/workspaces/ros2project/install/motor_pid/share/motor_pid/hook/cmake_prefix_path.dsv'
[14.184s] INFO:colcon.colcon_core.shell:Creating environment hook '/workspaces/ros2project/install/motor_pid/share/motor_pid/hook/cmake_prefix_path.sh'
[14.185s] Level 1:colcon.colcon_core.environment:checking '/workspaces/ros2project/install/motor_pid/lib'
[14.185s] Level 1:colcon.colcon_core.environment:checking '/workspaces/ros2project/install/motor_pid/bin'
[14.185s] Level 1:colcon.colcon_core.environment:checking '/workspaces/ros2project/install/motor_pid/lib/pkgconfig/motor_pid.pc'
[14.186s] Level 1:colcon.colcon_core.environment:checking '/workspaces/ros2project/install/motor_pid/lib/python3.12/site-packages'
[14.186s] Level 1:colcon.colcon_core.environment:checking '/workspaces/ros2project/install/motor_pid/bin'
[14.187s] INFO:colcon.colcon_core.shell:Creating package script '/workspaces/ros2project/install/motor_pid/share/motor_pid/package.ps1'
[14.188s] INFO:colcon.colcon_core.shell:Creating package descriptor '/workspaces/ros2project/install/motor_pid/share/motor_pid/package.dsv'
[14.188s] INFO:colcon.colcon_core.shell:Creating package script '/workspaces/ros2project/install/motor_pid/share/motor_pid/package.sh'
[14.189s] INFO:colcon.colcon_core.shell:Creating package script '/workspaces/ros2project/install/motor_pid/share/motor_pid/package.bash'
[14.190s] INFO:colcon.colcon_core.shell:Creating package script '/workspaces/ros2project/install/motor_pid/share/motor_pid/package.zsh'
[14.191s] Level 1:colcon.colcon_core.environment:create_file_with_runtime_dependencies(/workspaces/ros2project/install/motor_pid/share/colcon-core/packages/motor_pid)
[14.192s] DEBUG:colcon.colcon_parallel_executor.executor.parallel:closing loop
[14.193s] DEBUG:colcon.colcon_parallel_executor.executor.parallel:loop closed
[14.194s] DEBUG:colcon.colcon_parallel_executor.executor.parallel:run_until_complete finished with '0'
[14.194s] DEBUG:colcon.colcon_core.event_reactor:joining thread
[14.203s] INFO:colcon.colcon_core.plugin_system:Skipping extension 'colcon_notification.desktop_notification.notify_send': Could not find 'notify-send'
[14.203s] INFO:colcon.colcon_core.plugin_system:Skipping extension 'colcon_notification.desktop_notification.terminal_notifier': Not used on non-Darwin systems
[14.203s] INFO:colcon.colcon_core.plugin_system:Skipping extension 'colcon_notification.desktop_notification.win32': Not used on non-Windows systems
[14.203s] INFO:colcon.colcon_notification.desktop_notification:Sending desktop notification using 'notify2'
[14.208s] DEBUG:colcon.colcon_notification.desktop_notification.notify2:Failed to initialize notify2: org.freedesktop.DBus.Error.Spawn.ExecFailed: /usr/bin/dbus-launch terminated abnormally without any error message
[14.208s] DEBUG:colcon.colcon_core.event_reactor:joined thread
[14.209s] INFO:colcon.colcon_core.shell:Creating prefix script '/workspaces/ros2project/install/local_setup.ps1'
[14.211s] INFO:colcon.colcon_core.shell:Creating prefix util module '/workspaces/ros2project/install/_local_setup_util_ps1.py'
[14.213s] INFO:colcon.colcon_core.shell:Creating prefix chain script '/workspaces/ros2project/install/setup.ps1'
[14.216s] INFO:colcon.colcon_core.shell:Creating prefix script '/workspaces/ros2project/install/local_setup.sh'
[14.217s] INFO:colcon.colcon_core.shell:Creating prefix util module '/workspaces/ros2project/install/_local_setup_util_sh.py'
[14.218s] INFO:colcon.colcon_core.shell:Creating prefix chain script '/workspaces/ros2project/install/setup.sh'
[14.223s] INFO:colcon.colcon_core.shell:Creating prefix script '/workspaces/ros2project/install/local_setup.bash'
[14.224s] INFO:colcon.colcon_core.shell:Creating prefix chain script '/workspaces/ros2project/install/setup.bash'
[14.226s] INFO:colcon.colcon_core.shell:Creating prefix script '/workspaces/ros2project/install/local_setup.zsh'
[14.227s] INFO:colcon.colcon_core.shell:Creating prefix chain script '/workspaces/ros2project/install/setup.zsh'
