[0.337s] Invoking command in '/workspaces/ros2project/build/motor_pid': CMAKE_PREFIX_PATH=${CMAKE_PREFIX_PATH}:/opt/ros/jazzy /usr/bin/cmake --build /workspaces/ros2project/build/motor_pid -- -j8 -l8
[1.332s] [100%] Built target pid
[1.428s] Invoked command in '/workspaces/ros2project/build/motor_pid' returned '0': CMAKE_PREFIX_PATH=${CMAKE_PREFIX_PATH}:/opt/ros/jazzy /usr/bin/cmake --build /workspaces/ros2project/build/motor_pid -- -j8 -l8
[1.477s] Invoking command in '/workspaces/ros2project/build/motor_pid': CMAKE_PREFIX_PATH=${CMAKE_PREFIX_PATH}:/opt/ros/jazzy /usr/bin/cmake --install /workspaces/ros2project/build/motor_pid
[1.502s] -- Install configuration: ""
[1.502s] -- Up-to-date: /workspaces/ros2project/install/motor_pid/lib/motor_pid/pid
[1.504s] -- Up-to-date: /workspaces/ros2project/install/motor_pid/share/ament_index/resource_index/package_run_dependencies/motor_pid
[1.504s] -- Up-to-date: /workspaces/ros2project/install/motor_pid/share/ament_index/resource_index/parent_prefix_path/motor_pid
[1.507s] -- Up-to-date: /workspaces/ros2project/install/motor_pid/share/motor_pid/environment/ament_prefix_path.sh
[1.507s] -- Up-to-date: /workspaces/ros2project/install/motor_pid/share/motor_pid/environment/ament_prefix_path.dsv
[1.507s] -- Up-to-date: /workspaces/ros2project/install/motor_pid/share/motor_pid/environment/path.sh
[1.508s] -- Up-to-date: /workspaces/ros2project/install/motor_pid/share/motor_pid/environment/path.dsv
[1.508s] -- Up-to-date: /workspaces/ros2project/install/motor_pid/share/motor_pid/local_setup.bash
[1.508s] -- Up-to-date: /workspaces/ros2project/install/motor_pid/share/motor_pid/local_setup.sh
[1.508s] -- Up-to-date: /workspaces/ros2project/install/motor_pid/share/motor_pid/local_setup.zsh
[1.509s] -- Up-to-date: /workspaces/ros2project/install/motor_pid/share/motor_pid/local_setup.dsv
[1.509s] -- Installing: /workspaces/ros2project/install/motor_pid/share/motor_pid/package.dsv
[1.509s] -- Up-to-date: /workspaces/ros2project/install/motor_pid/share/ament_index/resource_index/packages/motor_pid
[1.510s] -- Up-to-date: /workspaces/ros2project/install/motor_pid/share/motor_pid/cmake/motor_pidConfig.cmake
[1.510s] -- Up-to-date: /workspaces/ros2project/install/motor_pid/share/motor_pid/cmake/motor_pidConfig-version.cmake
[1.510s] -- Up-to-date: /workspaces/ros2project/install/motor_pid/share/motor_pid/package.xml
[1.516s] Invoked command in '/workspaces/ros2project/build/motor_pid' returned '0': CMAKE_PREFIX_PATH=${CMAKE_PREFIX_PATH}:/opt/ros/jazzy /usr/bin/cmake --install /workspaces/ros2project/build/motor_pid
