[0.084s] Invoking command in '/workspaces/ros2project/build/motor_pid': CMAKE_PREFIX_PATH=${CMAKE_PREFIX_PATH}:/opt/ros/jazzy /usr/bin/cmake --build /workspaces/ros2project/build/motor_pid -- -j8 -l8
[0.319s] [ 50%] [32mBuilding CXX object CMakeFiles/pid.dir/src/pid.cpp.o[0m
[35.740s] [100%] [32m[1mLinking CXX executable pid[0m
[36.791s] [100%] Built target pid
[36.832s] Invoked command in '/workspaces/ros2project/build/motor_pid' returned '0': CMAKE_PREFIX_PATH=${CMAKE_PREFIX_PATH}:/opt/ros/jazzy /usr/bin/cmake --build /workspaces/ros2project/build/motor_pid -- -j8 -l8
[36.876s] Invoking command in '/workspaces/ros2project/build/motor_pid': CMAKE_PREFIX_PATH=${CMAKE_PREFIX_PATH}:/opt/ros/jazzy /usr/bin/cmake --install /workspaces/ros2project/build/motor_pid
[36.897s] -- Install configuration: ""
[36.897s] -- Installing: /workspaces/ros2project/install/motor_pid/lib/motor_pid/pid
[36.917s] -- Set non-toolchain portion of runtime path of "/workspaces/ros2project/install/motor_pid/lib/motor_pid/pid" to ""
[36.917s] -- Up-to-date: /workspaces/ros2project/install/motor_pid/share/ament_index/resource_index/package_run_dependencies/motor_pid
[36.917s] -- Up-to-date: /workspaces/ros2project/install/motor_pid/share/ament_index/resource_index/parent_prefix_path/motor_pid
[36.927s] -- Up-to-date: /workspaces/ros2project/install/motor_pid/share/motor_pid/environment/ament_prefix_path.sh
[36.929s] -- Up-to-date: /workspaces/ros2project/install/motor_pid/share/motor_pid/environment/ament_prefix_path.dsv
[36.930s] -- Up-to-date: /workspaces/ros2project/install/motor_pid/share/motor_pid/environment/path.sh
[36.931s] -- Up-to-date: /workspaces/ros2project/install/motor_pid/share/motor_pid/environment/path.dsv
[36.931s] -- Up-to-date: /workspaces/ros2project/install/motor_pid/share/motor_pid/local_setup.bash
[36.932s] -- Up-to-date: /workspaces/ros2project/install/motor_pid/share/motor_pid/local_setup.sh
[36.933s] -- Up-to-date: /workspaces/ros2project/install/motor_pid/share/motor_pid/local_setup.zsh
[36.934s] -- Up-to-date: /workspaces/ros2project/install/motor_pid/share/motor_pid/local_setup.dsv
[36.935s] -- Installing: /workspaces/ros2project/install/motor_pid/share/motor_pid/package.dsv
[36.935s] -- Up-to-date: /workspaces/ros2project/install/motor_pid/share/ament_index/resource_index/packages/motor_pid
[36.935s] -- Up-to-date: /workspaces/ros2project/install/motor_pid/share/motor_pid/cmake/motor_pidConfig.cmake
[36.937s] -- Up-to-date: /workspaces/ros2project/install/motor_pid/share/motor_pid/cmake/motor_pidConfig-version.cmake
[36.937s] -- Up-to-date: /workspaces/ros2project/install/motor_pid/share/motor_pid/package.xml
[36.939s] Invoked command in '/workspaces/ros2project/build/motor_pid' returned '0': CMAKE_PREFIX_PATH=${CMAKE_PREFIX_PATH}:/opt/ros/jazzy /usr/bin/cmake --install /workspaces/ros2project/build/motor_pid
