[0.070s] Invoking command in '/workspaces/ros2project/build/pid2': CMAKE_PREFIX_PATH=${CMAKE_PREFIX_PATH}:/opt/ros/jazzy /usr/bin/cmake --build /workspaces/ros2project/build/pid2 -- -j8 -l8
[0.553s] [ 50%] [32mBuilding CXX object CMakeFiles/pid.dir/src/pid.cpp.o[0m
[44.191s] [100%] [32m[1mLinking CXX executable pid[0m
[45.434s] [100%] Built target pid
[45.493s] Invoked command in '/workspaces/ros2project/build/pid2' returned '0': CMAKE_PREFIX_PATH=${CMAKE_PREFIX_PATH}:/opt/ros/jazzy /usr/bin/cmake --build /workspaces/ros2project/build/pid2 -- -j8 -l8
[45.581s] Invoking command in '/workspaces/ros2project/build/pid2': CMAKE_PREFIX_PATH=${CMAKE_PREFIX_PATH}:/opt/ros/jazzy /usr/bin/cmake --install /workspaces/ros2project/build/pid2
[45.619s] -- Install configuration: ""
[45.620s] -- Installing: /workspaces/ros2project/install/pid2/lib/pid2/pid
[45.638s] -- Set non-toolchain portion of runtime path of "/workspaces/ros2project/install/pid2/lib/pid2/pid" to ""
[45.638s] -- Up-to-date: /workspaces/ros2project/install/pid2/share/ament_index/resource_index/package_run_dependencies/pid2
[45.639s] -- Up-to-date: /workspaces/ros2project/install/pid2/share/ament_index/resource_index/parent_prefix_path/pid2
[45.639s] -- Up-to-date: /workspaces/ros2project/install/pid2/share/pid2/environment/ament_prefix_path.sh
[45.639s] -- Up-to-date: /workspaces/ros2project/install/pid2/share/pid2/environment/ament_prefix_path.dsv
[45.661s] -- Up-to-date: /workspaces/ros2project/install/pid2/share/pid2/environment/path.sh
[45.662s] -- Up-to-date: /workspaces/ros2project/install/pid2/share/pid2/environment/path.dsv
[45.662s] -- Up-to-date: /workspaces/ros2project/install/pid2/share/pid2/local_setup.bash
[45.663s] -- Up-to-date: /workspaces/ros2project/install/pid2/share/pid2/local_setup.sh
[45.663s] -- Up-to-date: /workspaces/ros2project/install/pid2/share/pid2/local_setup.zsh
[45.664s] -- Up-to-date: /workspaces/ros2project/install/pid2/share/pid2/local_setup.dsv
[45.664s] -- Installing: /workspaces/ros2project/install/pid2/share/pid2/package.dsv
[45.664s] -- Up-to-date: /workspaces/ros2project/install/pid2/share/ament_index/resource_index/packages/pid2
[45.664s] -- Up-to-date: /workspaces/ros2project/install/pid2/share/pid2/cmake/pid2Config.cmake
[45.673s] -- Up-to-date: /workspaces/ros2project/install/pid2/share/pid2/cmake/pid2Config-version.cmake
[45.673s] -- Up-to-date: /workspaces/ros2project/install/pid2/share/pid2/package.xml
[45.673s] Invoked command in '/workspaces/ros2project/build/pid2' returned '0': CMAKE_PREFIX_PATH=${CMAKE_PREFIX_PATH}:/opt/ros/jazzy /usr/bin/cmake --install /workspaces/ros2project/build/pid2
