[0.028s] Invoking command in '/workspaces/ros2project/build/pid2': CMAKE_PREFIX_PATH=${CMAKE_PREFIX_PATH}:/opt/ros/jazzy /usr/bin/cmake --build /workspaces/ros2project/build/pid2 -- -j8 -l8
[0.127s] [ 50%] [32mBuilding CXX object CMakeFiles/pid.dir/src/pid.cpp.o[0m
[33.917s] [100%] [32m[1mLinking CXX executable pid[0m
[35.318s] [100%] Built target pid
[35.365s] Invoked command in '/workspaces/ros2project/build/pid2' returned '0': CMAKE_PREFIX_PATH=${CMAKE_PREFIX_PATH}:/opt/ros/jazzy /usr/bin/cmake --build /workspaces/ros2project/build/pid2 -- -j8 -l8
[35.402s] Invoking command in '/workspaces/ros2project/build/pid2': CMAKE_PREFIX_PATH=${CMAKE_PREFIX_PATH}:/opt/ros/jazzy /usr/bin/cmake --install /workspaces/ros2project/build/pid2
[35.439s] -- Install configuration: ""
[35.440s] -- Installing: /workspaces/ros2project/install/pid2/lib/pid2/pid
[35.460s] -- Set non-toolchain portion of runtime path of "/workspaces/ros2project/install/pid2/lib/pid2/pid" to ""
[35.460s] -- Up-to-date: /workspaces/ros2project/install/pid2/share/ament_index/resource_index/package_run_dependencies/pid2
[35.461s] -- Up-to-date: /workspaces/ros2project/install/pid2/share/ament_index/resource_index/parent_prefix_path/pid2
[35.461s] -- Up-to-date: /workspaces/ros2project/install/pid2/share/pid2/environment/ament_prefix_path.sh
[35.461s] -- Up-to-date: /workspaces/ros2project/install/pid2/share/pid2/environment/ament_prefix_path.dsv
[35.461s] -- Up-to-date: /workspaces/ros2project/install/pid2/share/pid2/environment/path.sh
[35.462s] -- Up-to-date: /workspaces/ros2project/install/pid2/share/pid2/environment/path.dsv
[35.462s] -- Up-to-date: /workspaces/ros2project/install/pid2/share/pid2/local_setup.bash
[35.462s] -- Up-to-date: /workspaces/ros2project/install/pid2/share/pid2/local_setup.sh
[35.462s] -- Up-to-date: /workspaces/ros2project/install/pid2/share/pid2/local_setup.zsh
[35.463s] -- Up-to-date: /workspaces/ros2project/install/pid2/share/pid2/local_setup.dsv
[35.463s] -- Installing: /workspaces/ros2project/install/pid2/share/pid2/package.dsv
[35.463s] -- Up-to-date: /workspaces/ros2project/install/pid2/share/ament_index/resource_index/packages/pid2
[35.463s] -- Up-to-date: /workspaces/ros2project/install/pid2/share/pid2/cmake/pid2Config.cmake
[35.463s] -- Up-to-date: /workspaces/ros2project/install/pid2/share/pid2/cmake/pid2Config-version.cmake
[35.463s] -- Up-to-date: /workspaces/ros2project/install/pid2/share/pid2/package.xml
[35.467s] Invoked command in '/workspaces/ros2project/build/pid2' returned '0': CMAKE_PREFIX_PATH=${CMAKE_PREFIX_PATH}:/opt/ros/jazzy /usr/bin/cmake --install /workspaces/ros2project/build/pid2
