[0.069s] Invoking command in '/workspaces/ros2project/build/task2': CMAKE_PREFIX_PATH=${CMAKE_PREFIX_PATH}:/opt/ros/jazzy /usr/bin/cmake /workspaces/ros2project/src/task2 -DCMAKE_INSTALL_PREFIX=/workspaces/ros2project/install/task2
[0.277s] -- The C compiler identification is GNU 14.2.0
[0.542s] -- The CXX compiler identification is GNU 14.2.0
[0.619s] -- Detecting C compiler ABI info
[0.887s] -- Detecting C compiler ABI info - done
[0.920s] -- Check for working C compiler: /usr/bin/cc - skipped
[0.921s] -- Detecting C compile features
[0.922s] -- Detecting C compile features - done
[0.956s] -- Detecting CXX compiler ABI info
[1.291s] -- Detecting CXX compiler ABI info - done
[1.329s] -- Check for working CXX compiler: /usr/bin/c++ - skipped
[1.329s] -- Detecting CXX compile features
[1.335s] -- Detecting CXX compile features - done
[1.345s] -- Found ament_cmake: 2.5.4 (/opt/ros/jazzy/share/ament_cmake/cmake)
[1.714s] -- Found Python3: /usr/bin/python3 (found version "3.12.3") found components: Interpreter 
[1.994s] -- Found rclcpp: 28.1.10 (/opt/ros/jazzy/share/rclcpp/cmake)
[2.111s] -- Found rosidl_generator_c: 4.6.5 (/opt/ros/jazzy/share/rosidl_generator_c/cmake)
[2.148s] -- Found rosidl_generator_cpp: 4.6.5 (/opt/ros/jazzy/share/rosidl_generator_cpp/cmake)
[2.269s] -- Using all available rosidl_typesupport_c: rosidl_typesupport_fastrtps_c;rosidl_typesupport_introspection_c
[2.332s] -- Using all available rosidl_typesupport_cpp: rosidl_typesupport_fastrtps_cpp;rosidl_typesupport_introspection_cpp
[2.537s] -- Found rmw_implementation_cmake: 7.3.2 (/opt/ros/jazzy/share/rmw_implementation_cmake/cmake)
[2.544s] -- Found rmw_fastrtps_cpp: 8.4.2 (/opt/ros/jazzy/share/rmw_fastrtps_cpp/cmake)
[2.750s] -- Found OpenSSL: /usr/lib/x86_64-linux-gnu/libcrypto.so (found version "3.0.13")  
[2.814s] -- Found FastRTPS: /opt/ros/jazzy/include (Required is at least version "2.13") 
[2.883s] -- Using RMW implementation 'rmw_fastrtps_cpp' as default
[3.134s] -- Found std_msgs: 5.3.6 (/opt/ros/jazzy/share/std_msgs/cmake)
[3.179s] -- Found ament_lint_auto: 0.17.2 (/opt/ros/jazzy/share/ament_lint_auto/cmake)
[3.481s] -- Added test 'cppcheck' to perform static code analysis on C / C++ code
[3.482s] -- Configured cppcheck include dirs: 
[3.482s] -- Configured cppcheck exclude dirs and/or files: 
[3.485s] -- Added test 'lint_cmake' to check CMake code style
[3.489s] -- Added test 'uncrustify' to check C / C++ code style
[3.489s] -- Configured uncrustify additional arguments: 
[3.492s] -- Added test 'xmllint' to check XML markup files
[3.496s] -- Configuring done (3.4s)
[3.550s] -- Generating done (0.0s)
[3.568s] -- Build files have been written to: /workspaces/ros2project/build/task2
[3.596s] Invoked command in '/workspaces/ros2project/build/task2' returned '0': CMAKE_PREFIX_PATH=${CMAKE_PREFIX_PATH}:/opt/ros/jazzy /usr/bin/cmake /workspaces/ros2project/src/task2 -DCMAKE_INSTALL_PREFIX=/workspaces/ros2project/install/task2
[3.597s] Invoking command in '/workspaces/ros2project/build/task2': CMAKE_PREFIX_PATH=${CMAKE_PREFIX_PATH}:/opt/ros/jazzy /usr/bin/cmake --build /workspaces/ros2project/build/task2 -- -j8 -l8
[3.747s] [ 25%] [32mBuilding CXX object CMakeFiles/talker.dir/src/publisher.cpp.o[0m
[3.757s] [ 50%] [32mBuilding CXX object CMakeFiles/listener.dir/src/subscriber.cpp.o[0m
[21.490s] [ 75%] [32m[1mLinking CXX executable talker[0m
[22.037s] [ 75%] Built target talker
[32.333s] [100%] [32m[1mLinking CXX executable listener[0m
[33.033s] [100%] Built target listener
[33.058s] Invoked command in '/workspaces/ros2project/build/task2' returned '0': CMAKE_PREFIX_PATH=${CMAKE_PREFIX_PATH}:/opt/ros/jazzy /usr/bin/cmake --build /workspaces/ros2project/build/task2 -- -j8 -l8
[33.060s] Invoking command in '/workspaces/ros2project/build/task2': CMAKE_PREFIX_PATH=${CMAKE_PREFIX_PATH}:/opt/ros/jazzy /usr/bin/cmake --install /workspaces/ros2project/build/task2
[33.077s] -- Install configuration: ""
[33.078s] -- Installing: /workspaces/ros2project/install/task2/lib/task2/talker
[33.081s] -- Set non-toolchain portion of runtime path of "/workspaces/ros2project/install/task2/lib/task2/talker" to ""
[33.081s] -- Installing: /workspaces/ros2project/install/task2/lib/task2/listener
[33.092s] -- Set non-toolchain portion of runtime path of "/workspaces/ros2project/install/task2/lib/task2/listener" to ""
[33.095s] -- Installing: /workspaces/ros2project/install/task2/share/ament_index/resource_index/package_run_dependencies/task2
[33.095s] -- Installing: /workspaces/ros2project/install/task2/share/ament_index/resource_index/parent_prefix_path/task2
[33.096s] -- Installing: /workspaces/ros2project/install/task2/share/task2/environment/ament_prefix_path.sh
[33.097s] -- Installing: /workspaces/ros2project/install/task2/share/task2/environment/ament_prefix_path.dsv
[33.097s] -- Installing: /workspaces/ros2project/install/task2/share/task2/environment/path.sh
[33.098s] -- Installing: /workspaces/ros2project/install/task2/share/task2/environment/path.dsv
[33.098s] -- Installing: /workspaces/ros2project/install/task2/share/task2/local_setup.bash
[33.098s] -- Installing: /workspaces/ros2project/install/task2/share/task2/local_setup.sh
[33.098s] -- Installing: /workspaces/ros2project/install/task2/share/task2/local_setup.zsh
[33.099s] -- Installing: /workspaces/ros2project/install/task2/share/task2/local_setup.dsv
[33.099s] -- Installing: /workspaces/ros2project/install/task2/share/task2/package.dsv
[33.100s] -- Installing: /workspaces/ros2project/install/task2/share/ament_index/resource_index/packages/task2
[33.101s] -- Installing: /workspaces/ros2project/install/task2/share/task2/cmake/task2Config.cmake
[33.102s] -- Installing: /workspaces/ros2project/install/task2/share/task2/cmake/task2Config-version.cmake
[33.103s] -- Installing: /workspaces/ros2project/install/task2/share/task2/package.xml
[33.108s] Invoked command in '/workspaces/ros2project/build/task2' returned '0': CMAKE_PREFIX_PATH=${CMAKE_PREFIX_PATH}:/opt/ros/jazzy /usr/bin/cmake --install /workspaces/ros2project/build/task2
