[0.039s] Invoking command in '/workspaces/ros2project/build/motor_pid': CMAKE_PREFIX_PATH=${CMAKE_PREFIX_PATH}:/opt/ros/jazzy /usr/bin/cmake /workspaces/ros2project/src/motor_pid -DCMAKE_INSTALL_PREFIX=/workspaces/ros2project/install/motor_pid
[0.303s] -- The C compiler identification is GNU 14.2.0
[0.484s] -- The CXX compiler identification is GNU 14.2.0
[0.524s] -- Detecting C compiler ABI info
[0.752s] -- Detecting C compiler ABI info - done
[0.770s] -- Check for working C compiler: /usr/bin/cc - skipped
[0.770s] -- Detecting C compile features
[0.771s] -- Detecting C compile features - done
[0.790s] -- Detecting CXX compiler ABI info
[0.996s] -- Detecting CXX compiler ABI info - done
[1.016s] -- Check for working CXX compiler: /usr/bin/c++ - skipped
[1.017s] -- Detecting CXX compile features
[1.018s] -- Detecting CXX compile features - done
[1.035s] -- Found ament_cmake: 2.5.4 (/opt/ros/jazzy/share/ament_cmake/cmake)
[1.306s] -- Found Python3: /usr/bin/python3 (found version "3.12.3") found components: Interpreter 
[1.660s] -- Found rclcpp: 28.1.10 (/opt/ros/jazzy/share/rclcpp/cmake)
[1.749s] -- Found rosidl_generator_c: 4.6.5 (/opt/ros/jazzy/share/rosidl_generator_c/cmake)
[1.775s] -- Found rosidl_generator_cpp: 4.6.5 (/opt/ros/jazzy/share/rosidl_generator_cpp/cmake)
[1.810s] -- Using all available rosidl_typesupport_c: rosidl_typesupport_fastrtps_c;rosidl_typesupport_introspection_c
[1.863s] -- Using all available rosidl_typesupport_cpp: rosidl_typesupport_fastrtps_cpp;rosidl_typesupport_introspection_cpp
[2.024s] -- Found rmw_implementation_cmake: 7.3.2 (/opt/ros/jazzy/share/rmw_implementation_cmake/cmake)
[2.029s] -- Found rmw_fastrtps_cpp: 8.4.2 (/opt/ros/jazzy/share/rmw_fastrtps_cpp/cmake)
[2.254s] -- Found OpenSSL: /usr/lib/x86_64-linux-gnu/libcrypto.so (found version "3.0.13")  
[2.293s] -- Found FastRTPS: /opt/ros/jazzy/include (Required is at least version "2.13") 
[2.345s] -- Using RMW implementation 'rmw_fastrtps_cpp' as default
[2.518s] -- Found std_msgs: 5.3.6 (/opt/ros/jazzy/share/std_msgs/cmake)
[2.551s] -- Found ament_lint_auto: 0.17.2 (/opt/ros/jazzy/share/ament_lint_auto/cmake)
[2.790s] -- Added test 'cppcheck' to perform static code analysis on C / C++ code
[2.791s] -- Configured cppcheck include dirs: 
[2.791s] -- Configured cppcheck exclude dirs and/or files: 
[2.795s] -- Added test 'lint_cmake' to check CMake code style
[2.797s] -- Added test 'uncrustify' to check C / C++ code style
[2.797s] -- Configured uncrustify additional arguments: 
[2.799s] -- Added test 'xmllint' to check XML markup files
[2.802s] -- Configuring done (2.7s)
[2.835s] -- Generating done (0.0s)
[2.846s] -- Build files have been written to: /workspaces/ros2project/build/motor_pid
[2.866s] Invoked command in '/workspaces/ros2project/build/motor_pid' returned '0': CMAKE_PREFIX_PATH=${CMAKE_PREFIX_PATH}:/opt/ros/jazzy /usr/bin/cmake /workspaces/ros2project/src/motor_pid -DCMAKE_INSTALL_PREFIX=/workspaces/ros2project/install/motor_pid
[2.869s] Invoking command in '/workspaces/ros2project/build/motor_pid': CMAKE_PREFIX_PATH=${CMAKE_PREFIX_PATH}:/opt/ros/jazzy /usr/bin/cmake --build /workspaces/ros2project/build/motor_pid -- -j8 -l8
[2.960s] [ 50%] [32mBuilding CXX object CMakeFiles/pid.dir/src/pid.cpp.o[0m
[19.658s] [100%] [32m[1mLinking CXX executable pid[0m
[20.357s] [100%] Built target pid
[20.380s] Invoked command in '/workspaces/ros2project/build/motor_pid' returned '0': CMAKE_PREFIX_PATH=${CMAKE_PREFIX_PATH}:/opt/ros/jazzy /usr/bin/cmake --build /workspaces/ros2project/build/motor_pid -- -j8 -l8
[20.412s] Invoking command in '/workspaces/ros2project/build/motor_pid': CMAKE_PREFIX_PATH=${CMAKE_PREFIX_PATH}:/opt/ros/jazzy /usr/bin/cmake --install /workspaces/ros2project/build/motor_pid
[20.448s] -- Install configuration: ""
[20.464s] -- Installing: /workspaces/ros2project/install/motor_pid/lib/motor_pid/pid
[20.494s] -- Set non-toolchain portion of runtime path of "/workspaces/ros2project/install/motor_pid/lib/motor_pid/pid" to ""
[20.499s] -- Installing: /workspaces/ros2project/install/motor_pid/share/ament_index/resource_index/package_run_dependencies/motor_pid
[20.499s] -- Installing: /workspaces/ros2project/install/motor_pid/share/ament_index/resource_index/parent_prefix_path/motor_pid
[20.514s] -- Installing: /workspaces/ros2project/install/motor_pid/share/motor_pid/environment/ament_prefix_path.sh
[20.514s] -- Installing: /workspaces/ros2project/install/motor_pid/share/motor_pid/environment/ament_prefix_path.dsv
[20.514s] -- Installing: /workspaces/ros2project/install/motor_pid/share/motor_pid/environment/path.sh
[20.515s] -- Installing: /workspaces/ros2project/install/motor_pid/share/motor_pid/environment/path.dsv
[20.515s] -- Installing: /workspaces/ros2project/install/motor_pid/share/motor_pid/local_setup.bash
[20.515s] -- Installing: /workspaces/ros2project/install/motor_pid/share/motor_pid/local_setup.sh
[20.516s] -- Installing: /workspaces/ros2project/install/motor_pid/share/motor_pid/local_setup.zsh
[20.516s] -- Installing: /workspaces/ros2project/install/motor_pid/share/motor_pid/local_setup.dsv
[20.516s] -- Installing: /workspaces/ros2project/install/motor_pid/share/motor_pid/package.dsv
[20.517s] -- Installing: /workspaces/ros2project/install/motor_pid/share/ament_index/resource_index/packages/motor_pid
[20.518s] -- Installing: /workspaces/ros2project/install/motor_pid/share/motor_pid/cmake/motor_pidConfig.cmake
[20.525s] -- Installing: /workspaces/ros2project/install/motor_pid/share/motor_pid/cmake/motor_pidConfig-version.cmake
[20.525s] -- Installing: /workspaces/ros2project/install/motor_pid/share/motor_pid/package.xml
[20.530s] Invoked command in '/workspaces/ros2project/build/motor_pid' returned '0': CMAKE_PREFIX_PATH=${CMAKE_PREFIX_PATH}:/opt/ros/jazzy /usr/bin/cmake --install /workspaces/ros2project/build/motor_pid
