[0.077s] Invoking command in '/workspaces/ros2project/build/motor_pid': CMAKE_PREFIX_PATH=${CMAKE_PREFIX_PATH}:/opt/ros/jazzy /usr/bin/cmake --build /workspaces/ros2project/build/motor_pid -- -j8 -l8
[0.304s] [ 50%] [32mBuilding CXX object CMakeFiles/pid.dir/src/pid.cpp.o[0m
[19.071s] [100%] [32m[1mLinking CXX executable pid[0m
[19.656s] [100%] Built target pid
[19.681s] Invoked command in '/workspaces/ros2project/build/motor_pid' returned '0': CMAKE_PREFIX_PATH=${CMAKE_PREFIX_PATH}:/opt/ros/jazzy /usr/bin/cmake --build /workspaces/ros2project/build/motor_pid -- -j8 -l8
[19.704s] Invoking command in '/workspaces/ros2project/build/motor_pid': CMAKE_PREFIX_PATH=${CMAKE_PREFIX_PATH}:/opt/ros/jazzy /usr/bin/cmake --install /workspaces/ros2project/build/motor_pid
[19.721s] -- Install configuration: ""
[19.723s] -- Installing: /workspaces/ros2project/install/motor_pid/lib/motor_pid/pid
[19.753s] -- Set non-toolchain portion of runtime path of "/workspaces/ros2project/install/motor_pid/lib/motor_pid/pid" to ""
[19.754s] -- Up-to-date: /workspaces/ros2project/install/motor_pid/share/ament_index/resource_index/package_run_dependencies/motor_pid
[19.754s] -- Up-to-date: /workspaces/ros2project/install/motor_pid/share/ament_index/resource_index/parent_prefix_path/motor_pid
[19.754s] -- Up-to-date: /workspaces/ros2project/install/motor_pid/share/motor_pid/environment/ament_prefix_path.sh
[19.754s] -- Up-to-date: /workspaces/ros2project/install/motor_pid/share/motor_pid/environment/ament_prefix_path.dsv
[19.754s] -- Up-to-date: /workspaces/ros2project/install/motor_pid/share/motor_pid/environment/path.sh
[19.755s] -- Up-to-date: /workspaces/ros2project/install/motor_pid/share/motor_pid/environment/path.dsv
[19.755s] -- Up-to-date: /workspaces/ros2project/install/motor_pid/share/motor_pid/local_setup.bash
[19.755s] -- Up-to-date: /workspaces/ros2project/install/motor_pid/share/motor_pid/local_setup.sh
[19.756s] -- Up-to-date: /workspaces/ros2project/install/motor_pid/share/motor_pid/local_setup.zsh
[19.756s] -- Up-to-date: /workspaces/ros2project/install/motor_pid/share/motor_pid/local_setup.dsv
[19.756s] -- Installing: /workspaces/ros2project/install/motor_pid/share/motor_pid/package.dsv
[19.757s] -- Up-to-date: /workspaces/ros2project/install/motor_pid/share/ament_index/resource_index/packages/motor_pid
[19.757s] -- Up-to-date: /workspaces/ros2project/install/motor_pid/share/motor_pid/cmake/motor_pidConfig.cmake
[19.757s] -- Up-to-date: /workspaces/ros2project/install/motor_pid/share/motor_pid/cmake/motor_pidConfig-version.cmake
[19.757s] -- Up-to-date: /workspaces/ros2project/install/motor_pid/share/motor_pid/package.xml
[19.765s] Invoked command in '/workspaces/ros2project/build/motor_pid' returned '0': CMAKE_PREFIX_PATH=${CMAKE_PREFIX_PATH}:/opt/ros/jazzy /usr/bin/cmake --install /workspaces/ros2project/build/motor_pid
