[0.227s] DEBUG:colcon:Command line arguments: ['/usr/bin/colcon', 'build', '--packages-select', 'task1']
[0.227s] DEBUG:colcon:Parsed command line arguments: Namespace(log_base=None, log_level=None, verb_name='build', build_base='build', install_base='install', merge_install=False, symlink_install=False, test_result_base=None, continue_on_error=False, executor='parallel', parallel_workers=8, event_handlers=None, ignore_user_meta=False, metas=['./colcon.meta'], base_paths=['.'], packages_ignore=None, packages_ignore_regex=None, paths=None, packages_up_to=None, packages_up_to_regex=None, packages_above=None, packages_above_and_dependencies=None, packages_above_depth=None, packages_select_by_dep=None, packages_skip_by_dep=None, packages_skip_up_to=None, packages_select_build_failed=False, packages_skip_build_finished=False, packages_select_test_failures=False, packages_skip_test_passed=False, packages_select=['task1'], packages_skip=None, packages_select_regex=None, packages_skip_regex=None, packages_start=None, packages_end=None, cmake_args=None, cmake_target=None, cmake_target_skip_unavailable=False, cmake_clean_cache=False, cmake_clean_first=False, cmake_force_configure=False, ament_cmake_args=None, catkin_cmake_args=None, catkin_skip_building_tests=False, mixin_files=None, mixin=None, verb_parser=<colcon_mixin.mixin.mixin_argument.MixinArgumentDecorator object at 0x741ab2847ad0>, verb_extension=<colcon_core.verb.build.BuildVerb object at 0x741ab2847800>, main=<bound method BuildVerb.main of <colcon_core.verb.build.BuildVerb object at 0x741ab2847800>>, mixin_verb=('build',))
[0.306s] Level 1:colcon.colcon_core.package_discovery:discover_packages(colcon_meta) check parameters
[0.306s] Level 1:colcon.colcon_core.package_discovery:discover_packages(recursive) check parameters
[0.306s] Level 1:colcon.colcon_core.package_discovery:discover_packages(ignore) check parameters
[0.306s] Level 1:colcon.colcon_core.package_discovery:discover_packages(path) check parameters
[0.306s] Level 1:colcon.colcon_core.package_discovery:discover_packages(colcon_meta) discover
[0.306s] Level 1:colcon.colcon_core.package_discovery:discover_packages(recursive) discover
[0.306s] INFO:colcon.colcon_core.package_discovery:Crawling recursively for packages in '/workspaces/ros2project'
[0.306s] Level 1:colcon.colcon_core.package_identification:_identify(.) by extensions ['ignore', 'ignore_ament_install']
[0.306s] Level 1:colcon.colcon_core.package_identification:_identify(.) by extension 'ignore'
[0.306s] Level 1:colcon.colcon_core.package_identification:_identify(.) by extension 'ignore_ament_install'
[0.306s] Level 1:colcon.colcon_core.package_identification:_identify(.) by extensions ['colcon_pkg']
[0.306s] Level 1:colcon.colcon_core.package_identification:_identify(.) by extension 'colcon_pkg'
[0.307s] Level 1:colcon.colcon_core.package_identification:_identify(.) by extensions ['colcon_meta']
[0.307s] Level 1:colcon.colcon_core.package_identification:_identify(.) by extension 'colcon_meta'
[0.307s] Level 1:colcon.colcon_core.package_identification:_identify(.) by extensions ['ros']
[0.307s] Level 1:colcon.colcon_core.package_identification:_identify(.) by extension 'ros'
[0.339s] Level 1:colcon.colcon_core.package_identification:_identify(.) by extensions ['cmake', 'python']
[0.339s] Level 1:colcon.colcon_core.package_identification:_identify(.) by extension 'cmake'
[0.339s] Level 1:colcon.colcon_core.package_identification:_identify(.) by extension 'python'
[0.339s] Level 1:colcon.colcon_core.package_identification:_identify(.) by extensions ['python_setup_py']
[0.339s] Level 1:colcon.colcon_core.package_identification:_identify(.) by extension 'python_setup_py'
[0.340s] Level 1:colcon.colcon_core.package_identification:_identify(build) by extensions ['ignore', 'ignore_ament_install']
[0.340s] Level 1:colcon.colcon_core.package_identification:_identify(build) by extension 'ignore'
[0.340s] Level 1:colcon.colcon_core.package_identification:_identify(build) ignored
[0.340s] Level 1:colcon.colcon_core.package_identification:_identify(install) by extensions ['ignore', 'ignore_ament_install']
[0.341s] Level 1:colcon.colcon_core.package_identification:_identify(install) by extension 'ignore'
[0.341s] Level 1:colcon.colcon_core.package_identification:_identify(install) ignored
[0.341s] Level 1:colcon.colcon_core.package_identification:_identify(log) by extensions ['ignore', 'ignore_ament_install']
[0.341s] Level 1:colcon.colcon_core.package_identification:_identify(log) by extension 'ignore'
[0.341s] Level 1:colcon.colcon_core.package_identification:_identify(log) ignored
[0.341s] Level 1:colcon.colcon_core.package_identification:_identify(signal) by extensions ['ignore', 'ignore_ament_install']
[0.341s] Level 1:colcon.colcon_core.package_identification:_identify(signal) by extension 'ignore'
[0.341s] Level 1:colcon.colcon_core.package_identification:_identify(signal) by extension 'ignore_ament_install'
[0.341s] Level 1:colcon.colcon_core.package_identification:_identify(signal) by extensions ['colcon_pkg']
[0.342s] Level 1:colcon.colcon_core.package_identification:_identify(signal) by extension 'colcon_pkg'
[0.342s] Level 1:colcon.colcon_core.package_identification:_identify(signal) by extensions ['colcon_meta']
[0.342s] Level 1:colcon.colcon_core.package_identification:_identify(signal) by extension 'colcon_meta'
[0.342s] Level 1:colcon.colcon_core.package_identification:_identify(signal) by extensions ['ros']
[0.342s] Level 1:colcon.colcon_core.package_identification:_identify(signal) by extension 'ros'
[0.346s] DEBUG:colcon.colcon_core.package_identification:Package 'signal' with type 'ros.ament_cmake' and name 'signal'
[0.346s] Level 1:colcon.colcon_core.package_identification:_identify(task1) by extensions ['ignore', 'ignore_ament_install']
[0.346s] Level 1:colcon.colcon_core.package_identification:_identify(task1) by extension 'ignore'
[0.346s] Level 1:colcon.colcon_core.package_identification:_identify(task1) by extension 'ignore_ament_install'
[0.346s] Level 1:colcon.colcon_core.package_identification:_identify(task1) by extensions ['colcon_pkg']
[0.346s] Level 1:colcon.colcon_core.package_identification:_identify(task1) by extension 'colcon_pkg'
[0.346s] Level 1:colcon.colcon_core.package_identification:_identify(task1) by extensions ['colcon_meta']
[0.346s] Level 1:colcon.colcon_core.package_identification:_identify(task1) by extension 'colcon_meta'
[0.346s] Level 1:colcon.colcon_core.package_identification:_identify(task1) by extensions ['ros']
[0.346s] Level 1:colcon.colcon_core.package_identification:_identify(task1) by extension 'ros'
[0.347s] DEBUG:colcon.colcon_core.package_identification:Package 'task1' with type 'ros.ament_cmake' and name 'task1'
[0.347s] Level 1:colcon.colcon_core.package_identification:_identify(task1_ws) by extensions ['ignore', 'ignore_ament_install']
[0.347s] Level 1:colcon.colcon_core.package_identification:_identify(task1_ws) by extension 'ignore'
[0.347s] Level 1:colcon.colcon_core.package_identification:_identify(task1_ws) by extension 'ignore_ament_install'
[0.347s] Level 1:colcon.colcon_core.package_identification:_identify(task1_ws) by extensions ['colcon_pkg']
[0.347s] Level 1:colcon.colcon_core.package_identification:_identify(task1_ws) by extension 'colcon_pkg'
[0.348s] Level 1:colcon.colcon_core.package_identification:_identify(task1_ws) by extensions ['colcon_meta']
[0.348s] Level 1:colcon.colcon_core.package_identification:_identify(task1_ws) by extension 'colcon_meta'
[0.348s] Level 1:colcon.colcon_core.package_identification:_identify(task1_ws) by extensions ['ros']
[0.348s] Level 1:colcon.colcon_core.package_identification:_identify(task1_ws) by extension 'ros'
[0.348s] Level 1:colcon.colcon_core.package_identification:_identify(task1_ws) by extensions ['cmake', 'python']
[0.348s] Level 1:colcon.colcon_core.package_identification:_identify(task1_ws) by extension 'cmake'
[0.348s] Level 1:colcon.colcon_core.package_identification:_identify(task1_ws) by extension 'python'
[0.348s] Level 1:colcon.colcon_core.package_identification:_identify(task1_ws) by extensions ['python_setup_py']
[0.348s] Level 1:colcon.colcon_core.package_identification:_identify(task1_ws) by extension 'python_setup_py'
[0.348s] Level 1:colcon.colcon_core.package_identification:_identify(task1_ws/build) by extensions ['ignore', 'ignore_ament_install']
[0.348s] Level 1:colcon.colcon_core.package_identification:_identify(task1_ws/build) by extension 'ignore'
[0.348s] Level 1:colcon.colcon_core.package_identification:_identify(task1_ws/build) ignored
[0.348s] Level 1:colcon.colcon_core.package_identification:_identify(task1_ws/install) by extensions ['ignore', 'ignore_ament_install']
[0.349s] Level 1:colcon.colcon_core.package_identification:_identify(task1_ws/install) by extension 'ignore'
[0.349s] Level 1:colcon.colcon_core.package_identification:_identify(task1_ws/install) ignored
[0.349s] Level 1:colcon.colcon_core.package_identification:_identify(task1_ws/log) by extensions ['ignore', 'ignore_ament_install']
[0.349s] Level 1:colcon.colcon_core.package_identification:_identify(task1_ws/log) by extension 'ignore'
[0.349s] Level 1:colcon.colcon_core.package_identification:_identify(task1_ws/log) ignored
[0.349s] Level 1:colcon.colcon_core.package_identification:_identify(task1_ws/src) by extensions ['ignore', 'ignore_ament_install']
[0.349s] Level 1:colcon.colcon_core.package_identification:_identify(task1_ws/src) by extension 'ignore'
[0.349s] Level 1:colcon.colcon_core.package_identification:_identify(task1_ws/src) by extension 'ignore_ament_install'
[0.349s] Level 1:colcon.colcon_core.package_identification:_identify(task1_ws/src) by extensions ['colcon_pkg']
[0.349s] Level 1:colcon.colcon_core.package_identification:_identify(task1_ws/src) by extension 'colcon_pkg'
[0.349s] Level 1:colcon.colcon_core.package_identification:_identify(task1_ws/src) by extensions ['colcon_meta']
[0.349s] Level 1:colcon.colcon_core.package_identification:_identify(task1_ws/src) by extension 'colcon_meta'
[0.349s] Level 1:colcon.colcon_core.package_identification:_identify(task1_ws/src) by extensions ['ros']
[0.349s] Level 1:colcon.colcon_core.package_identification:_identify(task1_ws/src) by extension 'ros'
[0.350s] Level 1:colcon.colcon_core.package_identification:_identify(task1_ws/src) by extensions ['cmake', 'python']
[0.350s] Level 1:colcon.colcon_core.package_identification:_identify(task1_ws/src) by extension 'cmake'
[0.350s] Level 1:colcon.colcon_core.package_identification:_identify(task1_ws/src) by extension 'python'
[0.350s] Level 1:colcon.colcon_core.package_identification:_identify(task1_ws/src) by extensions ['python_setup_py']
[0.350s] Level 1:colcon.colcon_core.package_identification:_identify(task1_ws/src) by extension 'python_setup_py'
[0.350s] Level 1:colcon.colcon_core.package_identification:_identify(task1_ws/src/cpp_pubsub) by extensions ['ignore', 'ignore_ament_install']
[0.350s] Level 1:colcon.colcon_core.package_identification:_identify(task1_ws/src/cpp_pubsub) by extension 'ignore'
[0.350s] Level 1:colcon.colcon_core.package_identification:_identify(task1_ws/src/cpp_pubsub) by extension 'ignore_ament_install'
[0.350s] Level 1:colcon.colcon_core.package_identification:_identify(task1_ws/src/cpp_pubsub) by extensions ['colcon_pkg']
[0.350s] Level 1:colcon.colcon_core.package_identification:_identify(task1_ws/src/cpp_pubsub) by extension 'colcon_pkg'
[0.350s] Level 1:colcon.colcon_core.package_identification:_identify(task1_ws/src/cpp_pubsub) by extensions ['colcon_meta']
[0.350s] Level 1:colcon.colcon_core.package_identification:_identify(task1_ws/src/cpp_pubsub) by extension 'colcon_meta'
[0.350s] Level 1:colcon.colcon_core.package_identification:_identify(task1_ws/src/cpp_pubsub) by extensions ['ros']
[0.350s] Level 1:colcon.colcon_core.package_identification:_identify(task1_ws/src/cpp_pubsub) by extension 'ros'
[0.351s] DEBUG:colcon.colcon_core.package_identification:Package 'task1_ws/src/cpp_pubsub' with type 'ros.ament_cmake' and name 'cpp_pubsub'
[0.351s] Level 1:colcon.colcon_core.package_identification:_identify(task2_ws) by extensions ['ignore', 'ignore_ament_install']
[0.351s] Level 1:colcon.colcon_core.package_identification:_identify(task2_ws) by extension 'ignore'
[0.351s] Level 1:colcon.colcon_core.package_identification:_identify(task2_ws) by extension 'ignore_ament_install'
[0.351s] Level 1:colcon.colcon_core.package_identification:_identify(task2_ws) by extensions ['colcon_pkg']
[0.351s] Level 1:colcon.colcon_core.package_identification:_identify(task2_ws) by extension 'colcon_pkg'
[0.352s] Level 1:colcon.colcon_core.package_identification:_identify(task2_ws) by extensions ['colcon_meta']
[0.352s] Level 1:colcon.colcon_core.package_identification:_identify(task2_ws) by extension 'colcon_meta'
[0.352s] Level 1:colcon.colcon_core.package_identification:_identify(task2_ws) by extensions ['ros']
[0.352s] Level 1:colcon.colcon_core.package_identification:_identify(task2_ws) by extension 'ros'
[0.352s] Level 1:colcon.colcon_core.package_identification:_identify(task2_ws) by extensions ['cmake', 'python']
[0.352s] Level 1:colcon.colcon_core.package_identification:_identify(task2_ws) by extension 'cmake'
[0.352s] Level 1:colcon.colcon_core.package_identification:_identify(task2_ws) by extension 'python'
[0.352s] Level 1:colcon.colcon_core.package_identification:_identify(task2_ws) by extensions ['python_setup_py']
[0.352s] Level 1:colcon.colcon_core.package_identification:_identify(task2_ws) by extension 'python_setup_py'
[0.352s] Level 1:colcon.colcon_core.package_identification:_identify(task2_ws/build) by extensions ['ignore', 'ignore_ament_install']
[0.352s] Level 1:colcon.colcon_core.package_identification:_identify(task2_ws/build) by extension 'ignore'
[0.352s] Level 1:colcon.colcon_core.package_identification:_identify(task2_ws/build) by extension 'ignore_ament_install'
[0.352s] Level 1:colcon.colcon_core.package_identification:_identify(task2_ws/build) by extensions ['colcon_pkg']
[0.352s] Level 1:colcon.colcon_core.package_identification:_identify(task2_ws/build) by extension 'colcon_pkg'
[0.352s] Level 1:colcon.colcon_core.package_identification:_identify(task2_ws/build) by extensions ['colcon_meta']
[0.352s] Level 1:colcon.colcon_core.package_identification:_identify(task2_ws/build) by extension 'colcon_meta'
[0.352s] Level 1:colcon.colcon_core.package_identification:_identify(task2_ws/build) by extensions ['ros']
[0.352s] Level 1:colcon.colcon_core.package_identification:_identify(task2_ws/build) by extension 'ros'
[0.352s] Level 1:colcon.colcon_core.package_identification:_identify(task2_ws/build) by extensions ['cmake', 'python']
[0.352s] Level 1:colcon.colcon_core.package_identification:_identify(task2_ws/build) by extension 'cmake'
[0.353s] Level 1:colcon.colcon_core.package_identification:_identify(task2_ws/build) by extension 'python'
[0.353s] Level 1:colcon.colcon_core.package_identification:_identify(task2_ws/build) by extensions ['python_setup_py']
[0.353s] Level 1:colcon.colcon_core.package_identification:_identify(task2_ws/build) by extension 'python_setup_py'
[0.353s] Level 1:colcon.colcon_core.package_identification:_identify(task2_ws/install) by extensions ['ignore', 'ignore_ament_install']
[0.353s] Level 1:colcon.colcon_core.package_identification:_identify(task2_ws/install) by extension 'ignore'
[0.353s] Level 1:colcon.colcon_core.package_identification:_identify(task2_ws/install) by extension 'ignore_ament_install'
[0.353s] Level 1:colcon.colcon_core.package_identification:_identify(task2_ws/install) by extensions ['colcon_pkg']
[0.353s] Level 1:colcon.colcon_core.package_identification:_identify(task2_ws/install) by extension 'colcon_pkg'
[0.353s] Level 1:colcon.colcon_core.package_identification:_identify(task2_ws/install) by extensions ['colcon_meta']
[0.353s] Level 1:colcon.colcon_core.package_identification:_identify(task2_ws/install) by extension 'colcon_meta'
[0.353s] Level 1:colcon.colcon_core.package_identification:_identify(task2_ws/install) by extensions ['ros']
[0.353s] Level 1:colcon.colcon_core.package_identification:_identify(task2_ws/install) by extension 'ros'
[0.353s] Level 1:colcon.colcon_core.package_identification:_identify(task2_ws/install) by extensions ['cmake', 'python']
[0.353s] Level 1:colcon.colcon_core.package_identification:_identify(task2_ws/install) by extension 'cmake'
[0.354s] Level 1:colcon.colcon_core.package_identification:_identify(task2_ws/install) by extension 'python'
[0.354s] Level 1:colcon.colcon_core.package_identification:_identify(task2_ws/install) by extensions ['python_setup_py']
[0.354s] Level 1:colcon.colcon_core.package_identification:_identify(task2_ws/install) by extension 'python_setup_py'
[0.354s] Level 1:colcon.colcon_core.package_identification:_identify(task2_ws/log) by extensions ['ignore', 'ignore_ament_install']
[0.354s] Level 1:colcon.colcon_core.package_identification:_identify(task2_ws/log) by extension 'ignore'
[0.354s] Level 1:colcon.colcon_core.package_identification:_identify(task2_ws/log) by extension 'ignore_ament_install'
[0.354s] Level 1:colcon.colcon_core.package_identification:_identify(task2_ws/log) by extensions ['colcon_pkg']
[0.354s] Level 1:colcon.colcon_core.package_identification:_identify(task2_ws/log) by extension 'colcon_pkg'
[0.354s] Level 1:colcon.colcon_core.package_identification:_identify(task2_ws/log) by extensions ['colcon_meta']
[0.354s] Level 1:colcon.colcon_core.package_identification:_identify(task2_ws/log) by extension 'colcon_meta'
[0.354s] Level 1:colcon.colcon_core.package_identification:_identify(task2_ws/log) by extensions ['ros']
[0.354s] Level 1:colcon.colcon_core.package_identification:_identify(task2_ws/log) by extension 'ros'
[0.354s] Level 1:colcon.colcon_core.package_identification:_identify(task2_ws/log) by extensions ['cmake', 'python']
[0.354s] Level 1:colcon.colcon_core.package_identification:_identify(task2_ws/log) by extension 'cmake'
[0.355s] Level 1:colcon.colcon_core.package_identification:_identify(task2_ws/log) by extension 'python'
[0.355s] Level 1:colcon.colcon_core.package_identification:_identify(task2_ws/log) by extensions ['python_setup_py']
[0.355s] Level 1:colcon.colcon_core.package_identification:_identify(task2_ws/log) by extension 'python_setup_py'
[0.355s] Level 1:colcon.colcon_core.package_identification:_identify(task2_ws/src) by extensions ['ignore', 'ignore_ament_install']
[0.355s] Level 1:colcon.colcon_core.package_identification:_identify(task2_ws/src) by extension 'ignore'
[0.355s] Level 1:colcon.colcon_core.package_identification:_identify(task2_ws/src) by extension 'ignore_ament_install'
[0.355s] Level 1:colcon.colcon_core.package_identification:_identify(task2_ws/src) by extensions ['colcon_pkg']
[0.355s] Level 1:colcon.colcon_core.package_identification:_identify(task2_ws/src) by extension 'colcon_pkg'
[0.355s] Level 1:colcon.colcon_core.package_identification:_identify(task2_ws/src) by extensions ['colcon_meta']
[0.355s] Level 1:colcon.colcon_core.package_identification:_identify(task2_ws/src) by extension 'colcon_meta'
[0.355s] Level 1:colcon.colcon_core.package_identification:_identify(task2_ws/src) by extensions ['ros']
[0.355s] Level 1:colcon.colcon_core.package_identification:_identify(task2_ws/src) by extension 'ros'
[0.355s] Level 1:colcon.colcon_core.package_identification:_identify(task2_ws/src) by extensions ['cmake', 'python']
[0.355s] Level 1:colcon.colcon_core.package_identification:_identify(task2_ws/src) by extension 'cmake'
[0.355s] Level 1:colcon.colcon_core.package_identification:_identify(task2_ws/src) by extension 'python'
[0.355s] Level 1:colcon.colcon_core.package_identification:_identify(task2_ws/src) by extensions ['python_setup_py']
[0.355s] Level 1:colcon.colcon_core.package_identification:_identify(task2_ws/src) by extension 'python_setup_py'
[0.355s] Level 1:colcon.colcon_core.package_discovery:discover_packages(recursive) using defaults
[0.356s] Level 1:colcon.colcon_core.package_discovery:discover_packages(ignore) discover
[0.356s] Level 1:colcon.colcon_core.package_discovery:discover_packages(ignore) using defaults
[0.356s] Level 1:colcon.colcon_core.package_discovery:discover_packages(path) discover
[0.356s] Level 1:colcon.colcon_core.package_discovery:discover_packages(path) using defaults
[0.383s] INFO:colcon.colcon_core.package_selection:Skipping not selected package 'cpp_pubsub' in 'task1_ws/src/cpp_pubsub'
[0.383s] INFO:colcon.colcon_core.package_selection:Skipping not selected package 'signal' in 'signal'
[0.384s] Level 5:colcon.colcon_core.verb:set package 'task1' build argument 'cmake_args' from command line to 'None'
[0.384s] Level 5:colcon.colcon_core.verb:set package 'task1' build argument 'cmake_target' from command line to 'None'
[0.384s] Level 5:colcon.colcon_core.verb:set package 'task1' build argument 'cmake_target_skip_unavailable' from command line to 'False'
[0.384s] Level 5:colcon.colcon_core.verb:set package 'task1' build argument 'cmake_clean_cache' from command line to 'False'
[0.384s] Level 5:colcon.colcon_core.verb:set package 'task1' build argument 'cmake_clean_first' from command line to 'False'
[0.384s] Level 5:colcon.colcon_core.verb:set package 'task1' build argument 'cmake_force_configure' from command line to 'False'
[0.384s] Level 5:colcon.colcon_core.verb:set package 'task1' build argument 'ament_cmake_args' from command line to 'None'
[0.384s] Level 5:colcon.colcon_core.verb:set package 'task1' build argument 'catkin_cmake_args' from command line to 'None'
[0.384s] Level 5:colcon.colcon_core.verb:set package 'task1' build argument 'catkin_skip_building_tests' from command line to 'False'
[0.384s] DEBUG:colcon.colcon_core.verb:Building package 'task1' with the following arguments: {'ament_cmake_args': None, 'build_base': '/workspaces/ros2project/build/task1', 'catkin_cmake_args': None, 'catkin_skip_building_tests': False, 'cmake_args': None, 'cmake_clean_cache': False, 'cmake_clean_first': False, 'cmake_force_configure': False, 'cmake_target': None, 'cmake_target_skip_unavailable': False, 'install_base': '/workspaces/ros2project/install/task1', 'merge_install': False, 'path': '/workspaces/ros2project/task1', 'symlink_install': False, 'test_result_base': None}
[0.384s] INFO:colcon.colcon_core.executor:Executing jobs using 'parallel' executor
[0.385s] DEBUG:colcon.colcon_parallel_executor.executor.parallel:run_until_complete
[0.385s] INFO:colcon.colcon_ros.task.ament_cmake.build:Building ROS package in '/workspaces/ros2project/task1' with build type 'ament_cmake'
[0.385s] INFO:colcon.colcon_cmake.task.cmake.build:Building CMake package in '/workspaces/ros2project/task1'
[0.391s] INFO:colcon.colcon_core.plugin_system:Skipping extension 'colcon_core.shell.bat': Not used on non-Windows systems
[0.391s] INFO:colcon.colcon_core.shell:Skip shell extension 'powershell' for command environment: Not usable outside of PowerShell
[0.391s] DEBUG:colcon.colcon_core.shell:Skip shell extension 'dsv' for command environment
[0.408s] DEBUG:colcon.colcon_core.event_handler.log_command:Invoking command in '/workspaces/ros2project/build/task1': CMAKE_PREFIX_PATH=${CMAKE_PREFIX_PATH}:/opt/ros/jazzy /usr/bin/cmake /workspaces/ros2project/task1 -DCMAKE_INSTALL_PREFIX=/workspaces/ros2project/install/task1
[1.023s] DEBUG:colcon.colcon_core.event_handler.log_command:Invoked command in '/workspaces/ros2project/build/task1' returned '0': CMAKE_PREFIX_PATH=${CMAKE_PREFIX_PATH}:/opt/ros/jazzy /usr/bin/cmake /workspaces/ros2project/task1 -DCMAKE_INSTALL_PREFIX=/workspaces/ros2project/install/task1
[1.025s] DEBUG:colcon.colcon_core.event_handler.log_command:Invoking command in '/workspaces/ros2project/build/task1': CMAKE_PREFIX_PATH=${CMAKE_PREFIX_PATH}:/opt/ros/jazzy /usr/bin/cmake --build /workspaces/ros2project/build/task1 -- -j8 -l8
[1.554s] DEBUG:colcon.colcon_core.event_handler.log_command:Invoked command in '/workspaces/ros2project/build/task1' returned '0': CMAKE_PREFIX_PATH=${CMAKE_PREFIX_PATH}:/opt/ros/jazzy /usr/bin/cmake --build /workspaces/ros2project/build/task1 -- -j8 -l8
[1.563s] DEBUG:colcon.colcon_core.event_handler.log_command:Invoking command in '/workspaces/ros2project/build/task1': CMAKE_PREFIX_PATH=${CMAKE_PREFIX_PATH}:/opt/ros/jazzy /usr/bin/cmake --install /workspaces/ros2project/build/task1
[1.575s] Level 1:colcon.colcon_core.environment:create_environment_scripts_only(task1)
[1.576s] DEBUG:colcon.colcon_core.event_handler.log_command:Invoked command in '/workspaces/ros2project/build/task1' returned '0': CMAKE_PREFIX_PATH=${CMAKE_PREFIX_PATH}:/opt/ros/jazzy /usr/bin/cmake --install /workspaces/ros2project/build/task1
[1.583s] Level 1:colcon.colcon_core.environment:checking '/workspaces/ros2project/install/task1' for CMake module files
[1.583s] Level 1:colcon.colcon_core.environment:checking '/workspaces/ros2project/install/task1' for CMake config files
[1.583s] Level 1:colcon.colcon_core.shell:create_environment_hook('task1', 'cmake_prefix_path')
[1.584s] INFO:colcon.colcon_core.shell:Creating environment hook '/workspaces/ros2project/install/task1/share/task1/hook/cmake_prefix_path.ps1'
[1.586s] INFO:colcon.colcon_core.shell:Creating environment descriptor '/workspaces/ros2project/install/task1/share/task1/hook/cmake_prefix_path.dsv'
[1.586s] INFO:colcon.colcon_core.shell:Creating environment hook '/workspaces/ros2project/install/task1/share/task1/hook/cmake_prefix_path.sh'
[1.588s] Level 1:colcon.colcon_core.environment:checking '/workspaces/ros2project/install/task1/bin'
[1.588s] Level 1:colcon.colcon_core.environment:checking '/workspaces/ros2project/install/task1/lib/pkgconfig/task1.pc'
[1.590s] Level 1:colcon.colcon_core.environment:checking '/workspaces/ros2project/install/task1/lib/python3.12/site-packages'
[1.590s] Level 1:colcon.colcon_core.environment:checking '/workspaces/ros2project/install/task1/bin'
[1.590s] INFO:colcon.colcon_core.shell:Creating package script '/workspaces/ros2project/install/task1/share/task1/package.ps1'
[1.591s] INFO:colcon.colcon_core.shell:Creating package descriptor '/workspaces/ros2project/install/task1/share/task1/package.dsv'
[1.592s] INFO:colcon.colcon_core.shell:Creating package script '/workspaces/ros2project/install/task1/share/task1/package.sh'
[1.593s] INFO:colcon.colcon_core.shell:Creating package script '/workspaces/ros2project/install/task1/share/task1/package.bash'
[1.594s] INFO:colcon.colcon_core.shell:Creating package script '/workspaces/ros2project/install/task1/share/task1/package.zsh'
[1.595s] Level 1:colcon.colcon_core.environment:create_file_with_runtime_dependencies(/workspaces/ros2project/install/task1/share/colcon-core/packages/task1)
[1.596s] Level 1:colcon.colcon_core.environment:create_environment_scripts_only(task1)
[1.596s] Level 1:colcon.colcon_core.environment:checking '/workspaces/ros2project/install/task1' for CMake module files
[1.596s] Level 1:colcon.colcon_core.environment:checking '/workspaces/ros2project/install/task1' for CMake config files
[1.596s] Level 1:colcon.colcon_core.shell:create_environment_hook('task1', 'cmake_prefix_path')
[1.597s] INFO:colcon.colcon_core.shell:Creating environment hook '/workspaces/ros2project/install/task1/share/task1/hook/cmake_prefix_path.ps1'
[1.597s] INFO:colcon.colcon_core.shell:Creating environment descriptor '/workspaces/ros2project/install/task1/share/task1/hook/cmake_prefix_path.dsv'
[1.598s] INFO:colcon.colcon_core.shell:Creating environment hook '/workspaces/ros2project/install/task1/share/task1/hook/cmake_prefix_path.sh'
[1.599s] Level 1:colcon.colcon_core.environment:checking '/workspaces/ros2project/install/task1/bin'
[1.599s] Level 1:colcon.colcon_core.environment:checking '/workspaces/ros2project/install/task1/lib/pkgconfig/task1.pc'
[1.599s] Level 1:colcon.colcon_core.environment:checking '/workspaces/ros2project/install/task1/lib/python3.12/site-packages'
[1.599s] Level 1:colcon.colcon_core.environment:checking '/workspaces/ros2project/install/task1/bin'
[1.600s] INFO:colcon.colcon_core.shell:Creating package script '/workspaces/ros2project/install/task1/share/task1/package.ps1'
[1.600s] INFO:colcon.colcon_core.shell:Creating package descriptor '/workspaces/ros2project/install/task1/share/task1/package.dsv'
[1.601s] INFO:colcon.colcon_core.shell:Creating package script '/workspaces/ros2project/install/task1/share/task1/package.sh'
[1.601s] INFO:colcon.colcon_core.shell:Creating package script '/workspaces/ros2project/install/task1/share/task1/package.bash'
[1.602s] INFO:colcon.colcon_core.shell:Creating package script '/workspaces/ros2project/install/task1/share/task1/package.zsh'
[1.602s] Level 1:colcon.colcon_core.environment:create_file_with_runtime_dependencies(/workspaces/ros2project/install/task1/share/colcon-core/packages/task1)
[1.602s] DEBUG:colcon.colcon_parallel_executor.executor.parallel:closing loop
[1.603s] DEBUG:colcon.colcon_parallel_executor.executor.parallel:loop closed
[1.603s] DEBUG:colcon.colcon_parallel_executor.executor.parallel:run_until_complete finished with '0'
[1.603s] DEBUG:colcon.colcon_core.event_reactor:joining thread
[1.620s] INFO:colcon.colcon_core.plugin_system:Skipping extension 'colcon_notification.desktop_notification.notify_send': Could not find 'notify-send'
[1.620s] INFO:colcon.colcon_core.plugin_system:Skipping extension 'colcon_notification.desktop_notification.terminal_notifier': Not used on non-Darwin systems
[1.620s] INFO:colcon.colcon_core.plugin_system:Skipping extension 'colcon_notification.desktop_notification.win32': Not used on non-Windows systems
[1.620s] INFO:colcon.colcon_notification.desktop_notification:Sending desktop notification using 'notify2'
[1.629s] DEBUG:colcon.colcon_notification.desktop_notification.notify2:Failed to initialize notify2: org.freedesktop.DBus.Error.Spawn.ExecFailed: /usr/bin/dbus-launch terminated abnormally without any error message
[1.630s] DEBUG:colcon.colcon_core.event_reactor:joined thread
[1.630s] INFO:colcon.colcon_core.shell:Creating prefix script '/workspaces/ros2project/install/local_setup.ps1'
[1.631s] INFO:colcon.colcon_core.shell:Creating prefix util module '/workspaces/ros2project/install/_local_setup_util_ps1.py'
[1.633s] INFO:colcon.colcon_core.shell:Creating prefix chain script '/workspaces/ros2project/install/setup.ps1'
[1.634s] INFO:colcon.colcon_core.shell:Creating prefix script '/workspaces/ros2project/install/local_setup.sh'
[1.635s] INFO:colcon.colcon_core.shell:Creating prefix util module '/workspaces/ros2project/install/_local_setup_util_sh.py'
[1.635s] INFO:colcon.colcon_core.shell:Creating prefix chain script '/workspaces/ros2project/install/setup.sh'
[1.636s] INFO:colcon.colcon_core.shell:Creating prefix script '/workspaces/ros2project/install/local_setup.bash'
[1.637s] INFO:colcon.colcon_core.shell:Creating prefix chain script '/workspaces/ros2project/install/setup.bash'
[1.638s] INFO:colcon.colcon_core.shell:Creating prefix script '/workspaces/ros2project/install/local_setup.zsh'
[1.639s] INFO:colcon.colcon_core.shell:Creating prefix chain script '/workspaces/ros2project/install/setup.zsh'
