[0.043s] Invoking command in '/workspaces/ros2project/build/pid2': CMAKE_PREFIX_PATH=${CMAKE_PREFIX_PATH}:/opt/ros/jazzy /usr/bin/cmake --build /workspaces/ros2project/build/pid2 -- -j8 -l8
[0.215s] [ 50%] [32mBuilding CXX object CMakeFiles/pid.dir/src/pid.cpp.o[0m
[20.087s] [100%] [32m[1mLinking CXX executable pid[0m
[20.682s] [100%] Built target pid
[20.702s] Invoked command in '/workspaces/ros2project/build/pid2' returned '0': CMAKE_PREFIX_PATH=${CMAKE_PREFIX_PATH}:/opt/ros/jazzy /usr/bin/cmake --build /workspaces/ros2project/build/pid2 -- -j8 -l8
[20.721s] Invoking command in '/workspaces/ros2project/build/pid2': CMAKE_PREFIX_PATH=${CMAKE_PREFIX_PATH}:/opt/ros/jazzy /usr/bin/cmake --install /workspaces/ros2project/build/pid2
[20.732s] -- Install configuration: ""
[20.733s] -- Installing: /workspaces/ros2project/install/pid2/lib/pid2/pid
[20.743s] -- Set non-toolchain portion of runtime path of "/workspaces/ros2project/install/pid2/lib/pid2/pid" to ""
[20.744s] -- Up-to-date: /workspaces/ros2project/install/pid2/share/ament_index/resource_index/package_run_dependencies/pid2
[20.744s] -- Up-to-date: /workspaces/ros2project/install/pid2/share/ament_index/resource_index/parent_prefix_path/pid2
[20.744s] -- Up-to-date: /workspaces/ros2project/install/pid2/share/pid2/environment/ament_prefix_path.sh
[20.745s] -- Up-to-date: /workspaces/ros2project/install/pid2/share/pid2/environment/ament_prefix_path.dsv
[20.745s] -- Up-to-date: /workspaces/ros2project/install/pid2/share/pid2/environment/path.sh
[20.745s] -- Up-to-date: /workspaces/ros2project/install/pid2/share/pid2/environment/path.dsv
[20.745s] -- Up-to-date: /workspaces/ros2project/install/pid2/share/pid2/local_setup.bash
[20.746s] -- Up-to-date: /workspaces/ros2project/install/pid2/share/pid2/local_setup.sh
[20.746s] -- Up-to-date: /workspaces/ros2project/install/pid2/share/pid2/local_setup.zsh
[20.746s] -- Up-to-date: /workspaces/ros2project/install/pid2/share/pid2/local_setup.dsv
[20.747s] -- Installing: /workspaces/ros2project/install/pid2/share/pid2/package.dsv
[20.747s] -- Up-to-date: /workspaces/ros2project/install/pid2/share/ament_index/resource_index/packages/pid2
[20.747s] -- Up-to-date: /workspaces/ros2project/install/pid2/share/pid2/cmake/pid2Config.cmake
[20.747s] -- Up-to-date: /workspaces/ros2project/install/pid2/share/pid2/cmake/pid2Config-version.cmake
[20.747s] -- Up-to-date: /workspaces/ros2project/install/pid2/share/pid2/package.xml
[20.750s] Invoked command in '/workspaces/ros2project/build/pid2' returned '0': CMAKE_PREFIX_PATH=${CMAKE_PREFIX_PATH}:/opt/ros/jazzy /usr/bin/cmake --install /workspaces/ros2project/build/pid2
