[0.033s] Invoking command in '/workspaces/ros2project/build/motor_pid': CMAKE_PREFIX_PATH=${CMAKE_PREFIX_PATH}:/opt/ros/jazzy /usr/bin/cmake --build /workspaces/ros2project/build/motor_pid -- -j8 -l8
[0.167s] [100%] Built target pid
[0.198s] Invoked command in '/workspaces/ros2project/build/motor_pid' returned '0': CMAKE_PREFIX_PATH=${CMAKE_PREFIX_PATH}:/opt/ros/jazzy /usr/bin/cmake --build /workspaces/ros2project/build/motor_pid -- -j8 -l8
[0.221s] Invoking command in '/workspaces/ros2project/build/motor_pid': CMAKE_PREFIX_PATH=${CMAKE_PREFIX_PATH}:/opt/ros/jazzy /usr/bin/cmake --install /workspaces/ros2project/build/motor_pid
[0.241s] -- Install configuration: ""
[0.241s] -- Up-to-date: /workspaces/ros2project/install/motor_pid/lib/motor_pid/pid
[0.242s] -- Up-to-date: /workspaces/ros2project/install/motor_pid/share/ament_index/resource_index/package_run_dependencies/motor_pid
[0.242s] -- Up-to-date: /workspaces/ros2project/install/motor_pid/share/ament_index/resource_index/parent_prefix_path/motor_pid
[0.242s] -- Up-to-date: /workspaces/ros2project/install/motor_pid/share/motor_pid/environment/ament_prefix_path.sh
[0.242s] -- Up-to-date: /workspaces/ros2project/install/motor_pid/share/motor_pid/environment/ament_prefix_path.dsv
[0.244s] -- Up-to-date: /workspaces/ros2project/install/motor_pid/share/motor_pid/environment/path.sh
[0.244s] -- Up-to-date: /workspaces/ros2project/install/motor_pid/share/motor_pid/environment/path.dsv
[0.245s] -- Up-to-date: /workspaces/ros2project/install/motor_pid/share/motor_pid/local_setup.bash
[0.245s] -- Up-to-date: /workspaces/ros2project/install/motor_pid/share/motor_pid/local_setup.sh
[0.245s] -- Up-to-date: /workspaces/ros2project/install/motor_pid/share/motor_pid/local_setup.zsh
[0.246s] -- Up-to-date: /workspaces/ros2project/install/motor_pid/share/motor_pid/local_setup.dsv
[0.246s] -- Installing: /workspaces/ros2project/install/motor_pid/share/motor_pid/package.dsv
[0.246s] -- Up-to-date: /workspaces/ros2project/install/motor_pid/share/ament_index/resource_index/packages/motor_pid
[0.247s] -- Up-to-date: /workspaces/ros2project/install/motor_pid/share/motor_pid/cmake/motor_pidConfig.cmake
[0.247s] -- Up-to-date: /workspaces/ros2project/install/motor_pid/share/motor_pid/cmake/motor_pidConfig-version.cmake
[0.247s] -- Up-to-date: /workspaces/ros2project/install/motor_pid/share/motor_pid/package.xml
[0.249s] Invoked command in '/workspaces/ros2project/build/motor_pid' returned '0': CMAKE_PREFIX_PATH=${CMAKE_PREFIX_PATH}:/opt/ros/jazzy /usr/bin/cmake --install /workspaces/ros2project/build/motor_pid
