[0.023s] Invoking command in '/workspaces/ros2project/build/task1': CMAKE_PREFIX_PATH=${CMAKE_PREFIX_PATH}:/opt/ros/jazzy /usr/bin/cmake --build /workspaces/ros2project/build/task1 -- -j8 -l8
[0.077s] -- Found ament_cmake: 2.5.4 (/opt/ros/jazzy/share/ament_cmake/cmake)
[0.291s] -- Found rclcpp: 28.1.10 (/opt/ros/jazzy/share/rclcpp/cmake)
[0.348s] -- Found rosidl_generator_c: 4.6.5 (/opt/ros/jazzy/share/rosidl_generator_c/cmake)
[0.359s] -- Found rosidl_generator_cpp: 4.6.5 (/opt/ros/jazzy/share/rosidl_generator_cpp/cmake)
[0.377s] -- Using all available rosidl_typesupport_c: rosidl_typesupport_fastrtps_c;rosidl_typesupport_introspection_c
[0.395s] -- Using all available rosidl_typesupport_cpp: rosidl_typesupport_fastrtps_cpp;rosidl_typesupport_introspection_cpp
[0.544s] -- Found rmw_implementation_cmake: 7.3.2 (/opt/ros/jazzy/share/rmw_implementation_cmake/cmake)
[0.547s] -- Found rmw_fastrtps_cpp: 8.4.2 (/opt/ros/jazzy/share/rmw_fastrtps_cpp/cmake)
[0.631s] -- Using RMW implementation 'rmw_fastrtps_cpp' as default
[0.713s] -- Found std_msgs: 5.3.6 (/opt/ros/jazzy/share/std_msgs/cmake)
[0.733s] -- Found ament_lint_auto: 0.17.2 (/opt/ros/jazzy/share/ament_lint_auto/cmake)
[0.833s] -- Added test 'cppcheck' to perform static code analysis on C / C++ code
[0.833s] -- Configured cppcheck include dirs: 
[0.833s] -- Configured cppcheck exclude dirs and/or files: 
[0.834s] -- Added test 'lint_cmake' to check CMake code style
[0.835s] -- Added test 'uncrustify' to check C / C++ code style
[0.835s] -- Configured uncrustify additional arguments: 
[0.835s] -- Added test 'xmllint' to check XML markup files
[0.838s] -- Configuring done (0.8s)
[0.865s] -- Generating done (0.0s)
[0.872s] -- Build files have been written to: /workspaces/ros2project/build/task1
[0.908s] [ 50%] [32mBuilding CXX object CMakeFiles/talker.dir/src/publisher_member_function.cpp.o[0m
[0.908s] [ 50%] [32mBuilding CXX object CMakeFiles/listener.dir/src/subscriber_member_function.cpp.o[0m
[6.438s] [ 75%] [32m[1mLinking CXX executable talker[0m
[6.747s] [ 75%] Built target talker
[9.775s] [100%] [32m[1mLinking CXX executable listener[0m
[10.052s] [100%] Built target listener
[10.065s] Invoked command in '/workspaces/ros2project/build/task1' returned '0': CMAKE_PREFIX_PATH=${CMAKE_PREFIX_PATH}:/opt/ros/jazzy /usr/bin/cmake --build /workspaces/ros2project/build/task1 -- -j8 -l8
[10.077s] Invoking command in '/workspaces/ros2project/build/task1': CMAKE_PREFIX_PATH=${CMAKE_PREFIX_PATH}:/opt/ros/jazzy /usr/bin/cmake --install /workspaces/ros2project/build/task1
[10.086s] -- Install configuration: ""
[10.086s] -- Installing: /workspaces/ros2project/install/task1/lib/task1/talker
[10.088s] -- Set non-toolchain portion of runtime path of "/workspaces/ros2project/install/task1/lib/task1/talker" to ""
[10.088s] -- Installing: /workspaces/ros2project/install/task1/lib/task1/listener
[10.092s] -- Set non-toolchain portion of runtime path of "/workspaces/ros2project/install/task1/lib/task1/listener" to ""
[10.092s] -- Up-to-date: /workspaces/ros2project/install/task1/share/ament_index/resource_index/package_run_dependencies/task1
[10.092s] -- Installing: /workspaces/ros2project/install/task1/share/ament_index/resource_index/parent_prefix_path/task1
[10.093s] -- Up-to-date: /workspaces/ros2project/install/task1/share/task1/environment/ament_prefix_path.sh
[10.093s] -- Up-to-date: /workspaces/ros2project/install/task1/share/task1/environment/ament_prefix_path.dsv
[10.093s] -- Up-to-date: /workspaces/ros2project/install/task1/share/task1/environment/path.sh
[10.094s] -- Up-to-date: /workspaces/ros2project/install/task1/share/task1/environment/path.dsv
[10.094s] -- Up-to-date: /workspaces/ros2project/install/task1/share/task1/local_setup.bash
[10.094s] -- Up-to-date: /workspaces/ros2project/install/task1/share/task1/local_setup.sh
[10.094s] -- Up-to-date: /workspaces/ros2project/install/task1/share/task1/local_setup.zsh
[10.094s] -- Up-to-date: /workspaces/ros2project/install/task1/share/task1/local_setup.dsv
[10.095s] -- Up-to-date: /workspaces/ros2project/install/task1/share/task1/package.dsv
[10.095s] -- Up-to-date: /workspaces/ros2project/install/task1/share/ament_index/resource_index/packages/task1
[10.095s] -- Up-to-date: /workspaces/ros2project/install/task1/share/task1/cmake/task1Config.cmake
[10.095s] -- Up-to-date: /workspaces/ros2project/install/task1/share/task1/cmake/task1Config-version.cmake
[10.095s] -- Up-to-date: /workspaces/ros2project/install/task1/share/task1/package.xml
[10.096s] Invoked command in '/workspaces/ros2project/build/task1' returned '0': CMAKE_PREFIX_PATH=${CMAKE_PREFIX_PATH}:/opt/ros/jazzy /usr/bin/cmake --install /workspaces/ros2project/build/task1
