[0.038s] Invoking command in '/workspaces/ros2project/build/pid2': CMAKE_PREFIX_PATH=${CMAKE_PREFIX_PATH}:/opt/ros/jazzy /usr/bin/cmake /workspaces/ros2project/src/pid2 -DCMAKE_INSTALL_PREFIX=/workspaces/ros2project/install/pid2
[0.413s] -- The C compiler identification is GNU 14.2.0
[0.593s] -- The CXX compiler identification is GNU 14.2.0
[0.647s] -- Detecting C compiler ABI info
[1.078s] -- Detecting C compiler ABI info - done
[1.094s] -- Check for working C compiler: /usr/bin/cc - skipped
[1.096s] -- Detecting C compile features
[1.097s] -- Detecting C compile features - done
[1.114s] -- Detecting CXX compiler ABI info
[1.300s] -- Detecting CXX compiler ABI info - done
[1.315s] -- Check for working CXX compiler: /usr/bin/c++ - skipped
[1.315s] -- Detecting CXX compile features
[1.316s] -- Detecting CXX compile features - done
[1.349s] -- Found ament_cmake: 2.5.4 (/opt/ros/jazzy/share/ament_cmake/cmake)
[1.593s] -- Found Python3: /usr/bin/python3 (found version "3.12.3") found components: Interpreter 
[1.846s] -- Found rclcpp: 28.1.10 (/opt/ros/jazzy/share/rclcpp/cmake)
[1.958s] -- Found rosidl_generator_c: 4.6.5 (/opt/ros/jazzy/share/rosidl_generator_c/cmake)
[1.991s] -- Found rosidl_generator_cpp: 4.6.5 (/opt/ros/jazzy/share/rosidl_generator_cpp/cmake)
[2.039s] -- Using all available rosidl_typesupport_c: rosidl_typesupport_fastrtps_c;rosidl_typesupport_introspection_c
[2.090s] -- Using all available rosidl_typesupport_cpp: rosidl_typesupport_fastrtps_cpp;rosidl_typesupport_introspection_cpp
[2.300s] -- Found rmw_implementation_cmake: 7.3.2 (/opt/ros/jazzy/share/rmw_implementation_cmake/cmake)
[2.310s] -- Found rmw_fastrtps_cpp: 8.4.2 (/opt/ros/jazzy/share/rmw_fastrtps_cpp/cmake)
[2.512s] -- Found OpenSSL: /usr/lib/x86_64-linux-gnu/libcrypto.so (found version "3.0.13")  
[2.551s] -- Found FastRTPS: /opt/ros/jazzy/include (Required is at least version "2.13") 
[2.595s] -- Using RMW implementation 'rmw_fastrtps_cpp' as default
[2.761s] -- Found std_msgs: 5.3.6 (/opt/ros/jazzy/share/std_msgs/cmake)
[2.800s] -- Found ament_lint_auto: 0.17.2 (/opt/ros/jazzy/share/ament_lint_auto/cmake)
[3.031s] -- Added test 'cppcheck' to perform static code analysis on C / C++ code
[3.031s] -- Configured cppcheck include dirs: 
[3.031s] -- Configured cppcheck exclude dirs and/or files: 
[3.035s] -- Added test 'lint_cmake' to check CMake code style
[3.039s] -- Added test 'uncrustify' to check C / C++ code style
[3.040s] -- Configured uncrustify additional arguments: 
[3.042s] -- Added test 'xmllint' to check XML markup files
[3.047s] -- Configuring done (3.0s)
[3.090s] -- Generating done (0.0s)
[3.107s] -- Build files have been written to: /workspaces/ros2project/build/pid2
[3.123s] Invoked command in '/workspaces/ros2project/build/pid2' returned '0': CMAKE_PREFIX_PATH=${CMAKE_PREFIX_PATH}:/opt/ros/jazzy /usr/bin/cmake /workspaces/ros2project/src/pid2 -DCMAKE_INSTALL_PREFIX=/workspaces/ros2project/install/pid2
[3.126s] Invoking command in '/workspaces/ros2project/build/pid2': CMAKE_PREFIX_PATH=${CMAKE_PREFIX_PATH}:/opt/ros/jazzy /usr/bin/cmake --build /workspaces/ros2project/build/pid2 -- -j8 -l8
[3.214s] [ 50%] [32mBuilding CXX object CMakeFiles/pid.dir/src/pid.cpp.o[0m
[20.114s] [100%] [32m[1mLinking CXX executable pid[0m
[20.512s] [100%] Built target pid
[20.531s] Invoked command in '/workspaces/ros2project/build/pid2' returned '0': CMAKE_PREFIX_PATH=${CMAKE_PREFIX_PATH}:/opt/ros/jazzy /usr/bin/cmake --build /workspaces/ros2project/build/pid2 -- -j8 -l8
[20.546s] Invoking command in '/workspaces/ros2project/build/pid2': CMAKE_PREFIX_PATH=${CMAKE_PREFIX_PATH}:/opt/ros/jazzy /usr/bin/cmake --install /workspaces/ros2project/build/pid2
[20.558s] -- Install configuration: ""
[20.560s] -- Installing: /workspaces/ros2project/install/pid2/lib/pid2/pid
[20.566s] -- Set non-toolchain portion of runtime path of "/workspaces/ros2project/install/pid2/lib/pid2/pid" to ""
[20.568s] -- Installing: /workspaces/ros2project/install/pid2/share/ament_index/resource_index/package_run_dependencies/pid2
[20.569s] -- Installing: /workspaces/ros2project/install/pid2/share/ament_index/resource_index/parent_prefix_path/pid2
[20.570s] -- Installing: /workspaces/ros2project/install/pid2/share/pid2/environment/ament_prefix_path.sh
[20.570s] -- Installing: /workspaces/ros2project/install/pid2/share/pid2/environment/ament_prefix_path.dsv
[20.571s] -- Installing: /workspaces/ros2project/install/pid2/share/pid2/environment/path.sh
[20.572s] -- Installing: /workspaces/ros2project/install/pid2/share/pid2/environment/path.dsv
[20.572s] -- Installing: /workspaces/ros2project/install/pid2/share/pid2/local_setup.bash
[20.572s] -- Installing: /workspaces/ros2project/install/pid2/share/pid2/local_setup.sh
[20.573s] -- Installing: /workspaces/ros2project/install/pid2/share/pid2/local_setup.zsh
[20.573s] -- Installing: /workspaces/ros2project/install/pid2/share/pid2/local_setup.dsv
[20.574s] -- Installing: /workspaces/ros2project/install/pid2/share/pid2/package.dsv
[20.575s] -- Installing: /workspaces/ros2project/install/pid2/share/ament_index/resource_index/packages/pid2
[20.575s] -- Installing: /workspaces/ros2project/install/pid2/share/pid2/cmake/pid2Config.cmake
[20.576s] -- Installing: /workspaces/ros2project/install/pid2/share/pid2/cmake/pid2Config-version.cmake
[20.576s] -- Installing: /workspaces/ros2project/install/pid2/share/pid2/package.xml
[20.580s] Invoked command in '/workspaces/ros2project/build/pid2' returned '0': CMAKE_PREFIX_PATH=${CMAKE_PREFIX_PATH}:/opt/ros/jazzy /usr/bin/cmake --install /workspaces/ros2project/build/pid2
