[0.035s] Invoking command in '/workspaces/ros2project/build/pid2': CMAKE_PREFIX_PATH=${CMAKE_PREFIX_PATH}:/opt/ros/jazzy /usr/bin/cmake --build /workspaces/ros2project/build/pid2 -- -j8 -l8
[0.167s] [ 50%] [32mBuilding CXX object CMakeFiles/pid.dir/src/pid.cpp.o[0m
[28.128s] [100%] [32m[1mLinking CXX executable pid[0m
[29.379s] [100%] Built target pid
[29.441s] Invoked command in '/workspaces/ros2project/build/pid2' returned '0': CMAKE_PREFIX_PATH=${CMAKE_PREFIX_PATH}:/opt/ros/jazzy /usr/bin/cmake --build /workspaces/ros2project/build/pid2 -- -j8 -l8
[29.482s] Invoking command in '/workspaces/ros2project/build/pid2': CMAKE_PREFIX_PATH=${CMAKE_PREFIX_PATH}:/opt/ros/jazzy /usr/bin/cmake --install /workspaces/ros2project/build/pid2
[29.514s] -- Install configuration: ""
[29.514s] -- Installing: /workspaces/ros2project/install/pid2/lib/pid2/pid
[29.531s] -- Set non-toolchain portion of runtime path of "/workspaces/ros2project/install/pid2/lib/pid2/pid" to ""
[29.533s] -- Up-to-date: /workspaces/ros2project/install/pid2/share/ament_index/resource_index/package_run_dependencies/pid2
[29.533s] -- Up-to-date: /workspaces/ros2project/install/pid2/share/ament_index/resource_index/parent_prefix_path/pid2
[29.534s] -- Up-to-date: /workspaces/ros2project/install/pid2/share/pid2/environment/ament_prefix_path.sh
[29.534s] -- Up-to-date: /workspaces/ros2project/install/pid2/share/pid2/environment/ament_prefix_path.dsv
[29.534s] -- Up-to-date: /workspaces/ros2project/install/pid2/share/pid2/environment/path.sh
[29.534s] -- Up-to-date: /workspaces/ros2project/install/pid2/share/pid2/environment/path.dsv
[29.535s] -- Up-to-date: /workspaces/ros2project/install/pid2/share/pid2/local_setup.bash
[29.536s] -- Up-to-date: /workspaces/ros2project/install/pid2/share/pid2/local_setup.sh
[29.536s] -- Up-to-date: /workspaces/ros2project/install/pid2/share/pid2/local_setup.zsh
[29.536s] -- Up-to-date: /workspaces/ros2project/install/pid2/share/pid2/local_setup.dsv
[29.537s] -- Installing: /workspaces/ros2project/install/pid2/share/pid2/package.dsv
[29.537s] -- Up-to-date: /workspaces/ros2project/install/pid2/share/ament_index/resource_index/packages/pid2
[29.537s] -- Up-to-date: /workspaces/ros2project/install/pid2/share/pid2/cmake/pid2Config.cmake
[29.537s] -- Up-to-date: /workspaces/ros2project/install/pid2/share/pid2/cmake/pid2Config-version.cmake
[29.537s] -- Up-to-date: /workspaces/ros2project/install/pid2/share/pid2/package.xml
[29.546s] Invoked command in '/workspaces/ros2project/build/pid2' returned '0': CMAKE_PREFIX_PATH=${CMAKE_PREFIX_PATH}:/opt/ros/jazzy /usr/bin/cmake --install /workspaces/ros2project/build/pid2
