[0.062s] Invoking command in '/workspaces/ros2project/build/pid2': CMAKE_PREFIX_PATH=${CMAKE_PREFIX_PATH}:/opt/ros/jazzy /usr/bin/cmake --build /workspaces/ros2project/build/pid2 -- -j8 -l8
[0.253s] [ 50%] [32mBuilding CXX object CMakeFiles/pid.dir/src/pid.cpp.o[0m
[50.403s] [100%] [32m[1mLinking CXX executable pid[0m
[52.066s] [100%] Built target pid
[52.228s] Invoked command in '/workspaces/ros2project/build/pid2' returned '0': CMAKE_PREFIX_PATH=${CMAKE_PREFIX_PATH}:/opt/ros/jazzy /usr/bin/cmake --build /workspaces/ros2project/build/pid2 -- -j8 -l8
[52.342s] Invoking command in '/workspaces/ros2project/build/pid2': CMAKE_PREFIX_PATH=${CMAKE_PREFIX_PATH}:/opt/ros/jazzy /usr/bin/cmake --install /workspaces/ros2project/build/pid2
[52.537s] -- Install configuration: ""
[52.571s] -- Installing: /workspaces/ros2project/install/pid2/lib/pid2/pid
[52.753s] -- Set non-toolchain portion of runtime path of "/workspaces/ros2project/install/pid2/lib/pid2/pid" to ""
[52.754s] -- Up-to-date: /workspaces/ros2project/install/pid2/share/ament_index/resource_index/package_run_dependencies/pid2
[52.762s] -- Up-to-date: /workspaces/ros2project/install/pid2/share/ament_index/resource_index/parent_prefix_path/pid2
[52.773s] -- Up-to-date: /workspaces/ros2project/install/pid2/share/pid2/environment/ament_prefix_path.sh
[52.774s] -- Up-to-date: /workspaces/ros2project/install/pid2/share/pid2/environment/ament_prefix_path.dsv
[52.775s] -- Up-to-date: /workspaces/ros2project/install/pid2/share/pid2/environment/path.sh
[52.775s] -- Up-to-date: /workspaces/ros2project/install/pid2/share/pid2/environment/path.dsv
[52.775s] -- Up-to-date: /workspaces/ros2project/install/pid2/share/pid2/local_setup.bash
[52.776s] -- Up-to-date: /workspaces/ros2project/install/pid2/share/pid2/local_setup.sh
[52.776s] -- Up-to-date: /workspaces/ros2project/install/pid2/share/pid2/local_setup.zsh
[52.776s] -- Up-to-date: /workspaces/ros2project/install/pid2/share/pid2/local_setup.dsv
[52.777s] -- Installing: /workspaces/ros2project/install/pid2/share/pid2/package.dsv
[52.779s] -- Up-to-date: /workspaces/ros2project/install/pid2/share/ament_index/resource_index/packages/pid2
[52.787s] -- Up-to-date: /workspaces/ros2project/install/pid2/share/pid2/cmake/pid2Config.cmake
[52.787s] -- Up-to-date: /workspaces/ros2project/install/pid2/share/pid2/cmake/pid2Config-version.cmake
[52.788s] -- Up-to-date: /workspaces/ros2project/install/pid2/share/pid2/package.xml
[52.803s] Invoked command in '/workspaces/ros2project/build/pid2' returned '0': CMAKE_PREFIX_PATH=${CMAKE_PREFIX_PATH}:/opt/ros/jazzy /usr/bin/cmake --install /workspaces/ros2project/build/pid2
