[0.050s] Invoking command in '/workspaces/ros2project/build/pid2': CMAKE_PREFIX_PATH=${CMAKE_PREFIX_PATH}:/opt/ros/jazzy /usr/bin/cmake --build /workspaces/ros2project/build/pid2 -- -j8 -l8
[0.210s] [ 50%] [32mBuilding CXX object CMakeFiles/pid.dir/src/pid.cpp.o[0m
[72.381s] [100%] [32m[1mLinking CXX executable pid[0m
[74.103s] [100%] Built target pid
[74.389s] Invoked command in '/workspaces/ros2project/build/pid2' returned '0': CMAKE_PREFIX_PATH=${CMAKE_PREFIX_PATH}:/opt/ros/jazzy /usr/bin/cmake --build /workspaces/ros2project/build/pid2 -- -j8 -l8
[74.480s] Invoking command in '/workspaces/ros2project/build/pid2': CMAKE_PREFIX_PATH=${CMAKE_PREFIX_PATH}:/opt/ros/jazzy /usr/bin/cmake --install /workspaces/ros2project/build/pid2
[74.519s] -- Install configuration: ""
[74.522s] -- Installing: /workspaces/ros2project/install/pid2/lib/pid2/pid
[74.696s] -- Set non-toolchain portion of runtime path of "/workspaces/ros2project/install/pid2/lib/pid2/pid" to ""
[74.698s] -- Up-to-date: /workspaces/ros2project/install/pid2/share/ament_index/resource_index/package_run_dependencies/pid2
[74.711s] -- Up-to-date: /workspaces/ros2project/install/pid2/share/ament_index/resource_index/parent_prefix_path/pid2
[74.714s] -- Up-to-date: /workspaces/ros2project/install/pid2/share/pid2/environment/ament_prefix_path.sh
[74.714s] -- Up-to-date: /workspaces/ros2project/install/pid2/share/pid2/environment/ament_prefix_path.dsv
[74.714s] -- Up-to-date: /workspaces/ros2project/install/pid2/share/pid2/environment/path.sh
[74.715s] -- Up-to-date: /workspaces/ros2project/install/pid2/share/pid2/environment/path.dsv
[74.715s] -- Up-to-date: /workspaces/ros2project/install/pid2/share/pid2/local_setup.bash
[74.715s] -- Up-to-date: /workspaces/ros2project/install/pid2/share/pid2/local_setup.sh
[74.716s] -- Up-to-date: /workspaces/ros2project/install/pid2/share/pid2/local_setup.zsh
[74.716s] -- Up-to-date: /workspaces/ros2project/install/pid2/share/pid2/local_setup.dsv
[74.716s] -- Installing: /workspaces/ros2project/install/pid2/share/pid2/package.dsv
[74.719s] -- Up-to-date: /workspaces/ros2project/install/pid2/share/ament_index/resource_index/packages/pid2
[74.720s] -- Up-to-date: /workspaces/ros2project/install/pid2/share/pid2/cmake/pid2Config.cmake
[74.727s] -- Up-to-date: /workspaces/ros2project/install/pid2/share/pid2/cmake/pid2Config-version.cmake
[74.729s] -- Up-to-date: /workspaces/ros2project/install/pid2/share/pid2/package.xml
[74.777s] Invoked command in '/workspaces/ros2project/build/pid2' returned '0': CMAKE_PREFIX_PATH=${CMAKE_PREFIX_PATH}:/opt/ros/jazzy /usr/bin/cmake --install /workspaces/ros2project/build/pid2
