[0.243s] DEBUG:colcon:Command line arguments: ['/usr/bin/colcon', 'build', '--packages-select', 'pid2']
[0.244s] DEBUG:colcon:Parsed command line arguments: Namespace(log_base=None, log_level=None, verb_name='build', build_base='build', install_base='install', merge_install=False, symlink_install=False, test_result_base=None, continue_on_error=False, executor='parallel', parallel_workers=8, event_handlers=None, ignore_user_meta=False, metas=['./colcon.meta'], base_paths=['.'], packages_ignore=None, packages_ignore_regex=None, paths=None, packages_up_to=None, packages_up_to_regex=None, packages_above=None, packages_above_and_dependencies=None, packages_above_depth=None, packages_select_by_dep=None, packages_skip_by_dep=None, packages_skip_up_to=None, packages_select_build_failed=False, packages_skip_build_finished=False, packages_select_test_failures=False, packages_skip_test_passed=False, packages_select=['pid2'], packages_skip=None, packages_select_regex=None, packages_skip_regex=None, packages_start=None, packages_end=None, cmake_args=None, cmake_target=None, cmake_target_skip_unavailable=False, cmake_clean_cache=False, cmake_clean_first=False, cmake_force_configure=False, ament_cmake_args=None, catkin_cmake_args=None, catkin_skip_building_tests=False, mixin_files=None, mixin=None, verb_parser=<colcon_mixin.mixin.mixin_argument.MixinArgumentDecorator object at 0x706efcd27aa0>, verb_extension=<colcon_core.verb.build.BuildVerb object at 0x706efcd277a0>, main=<bound method BuildVerb.main of <colcon_core.verb.build.BuildVerb object at 0x706efcd277a0>>, mixin_verb=('build',))
[0.348s] Level 1:colcon.colcon_core.package_discovery:discover_packages(colcon_meta) check parameters
[0.348s] Level 1:colcon.colcon_core.package_discovery:discover_packages(recursive) check parameters
[0.348s] Level 1:colcon.colcon_core.package_discovery:discover_packages(ignore) check parameters
[0.348s] Level 1:colcon.colcon_core.package_discovery:discover_packages(path) check parameters
[0.348s] Level 1:colcon.colcon_core.package_discovery:discover_packages(colcon_meta) discover
[0.349s] Level 1:colcon.colcon_core.package_discovery:discover_packages(recursive) discover
[0.349s] INFO:colcon.colcon_core.package_discovery:Crawling recursively for packages in '/workspaces/ros2project'
[0.349s] Level 1:colcon.colcon_core.package_identification:_identify(.) by extensions ['ignore', 'ignore_ament_install']
[0.349s] Level 1:colcon.colcon_core.package_identification:_identify(.) by extension 'ignore'
[0.349s] Level 1:colcon.colcon_core.package_identification:_identify(.) by extension 'ignore_ament_install'
[0.349s] Level 1:colcon.colcon_core.package_identification:_identify(.) by extensions ['colcon_pkg']
[0.349s] Level 1:colcon.colcon_core.package_identification:_identify(.) by extension 'colcon_pkg'
[0.349s] Level 1:colcon.colcon_core.package_identification:_identify(.) by extensions ['colcon_meta']
[0.349s] Level 1:colcon.colcon_core.package_identification:_identify(.) by extension 'colcon_meta'
[0.350s] Level 1:colcon.colcon_core.package_identification:_identify(.) by extensions ['ros']
[0.350s] Level 1:colcon.colcon_core.package_identification:_identify(.) by extension 'ros'
[0.398s] Level 1:colcon.colcon_core.package_identification:_identify(.) by extensions ['cmake', 'python']
[0.398s] Level 1:colcon.colcon_core.package_identification:_identify(.) by extension 'cmake'
[0.398s] Level 1:colcon.colcon_core.package_identification:_identify(.) by extension 'python'
[0.398s] Level 1:colcon.colcon_core.package_identification:_identify(.) by extensions ['python_setup_py']
[0.398s] Level 1:colcon.colcon_core.package_identification:_identify(.) by extension 'python_setup_py'
[0.398s] Level 1:colcon.colcon_core.package_identification:_identify(build) by extensions ['ignore', 'ignore_ament_install']
[0.398s] Level 1:colcon.colcon_core.package_identification:_identify(build) by extension 'ignore'
[0.399s] Level 1:colcon.colcon_core.package_identification:_identify(build) ignored
[0.399s] Level 1:colcon.colcon_core.package_identification:_identify(install) by extensions ['ignore', 'ignore_ament_install']
[0.399s] Level 1:colcon.colcon_core.package_identification:_identify(install) by extension 'ignore'
[0.399s] Level 1:colcon.colcon_core.package_identification:_identify(install) ignored
[0.399s] Level 1:colcon.colcon_core.package_identification:_identify(log) by extensions ['ignore', 'ignore_ament_install']
[0.399s] Level 1:colcon.colcon_core.package_identification:_identify(log) by extension 'ignore'
[0.400s] Level 1:colcon.colcon_core.package_identification:_identify(log) ignored
[0.400s] Level 1:colcon.colcon_core.package_identification:_identify(src) by extensions ['ignore', 'ignore_ament_install']
[0.400s] Level 1:colcon.colcon_core.package_identification:_identify(src) by extension 'ignore'
[0.400s] Level 1:colcon.colcon_core.package_identification:_identify(src) by extension 'ignore_ament_install'
[0.402s] Level 1:colcon.colcon_core.package_identification:_identify(src) by extensions ['colcon_pkg']
[0.402s] Level 1:colcon.colcon_core.package_identification:_identify(src) by extension 'colcon_pkg'
[0.402s] Level 1:colcon.colcon_core.package_identification:_identify(src) by extensions ['colcon_meta']
[0.402s] Level 1:colcon.colcon_core.package_identification:_identify(src) by extension 'colcon_meta'
[0.402s] Level 1:colcon.colcon_core.package_identification:_identify(src) by extensions ['ros']
[0.402s] Level 1:colcon.colcon_core.package_identification:_identify(src) by extension 'ros'
[0.402s] Level 1:colcon.colcon_core.package_identification:_identify(src) by extensions ['cmake', 'python']
[0.403s] Level 1:colcon.colcon_core.package_identification:_identify(src) by extension 'cmake'
[0.403s] Level 1:colcon.colcon_core.package_identification:_identify(src) by extension 'python'
[0.403s] Level 1:colcon.colcon_core.package_identification:_identify(src) by extensions ['python_setup_py']
[0.403s] Level 1:colcon.colcon_core.package_identification:_identify(src) by extension 'python_setup_py'
[0.403s] Level 1:colcon.colcon_core.package_identification:_identify(src/filter) by extensions ['ignore', 'ignore_ament_install']
[0.403s] Level 1:colcon.colcon_core.package_identification:_identify(src/filter) by extension 'ignore'
[0.403s] Level 1:colcon.colcon_core.package_identification:_identify(src/filter) by extension 'ignore_ament_install'
[0.403s] Level 1:colcon.colcon_core.package_identification:_identify(src/filter) by extensions ['colcon_pkg']
[0.403s] Level 1:colcon.colcon_core.package_identification:_identify(src/filter) by extension 'colcon_pkg'
[0.403s] Level 1:colcon.colcon_core.package_identification:_identify(src/filter) by extensions ['colcon_meta']
[0.403s] Level 1:colcon.colcon_core.package_identification:_identify(src/filter) by extension 'colcon_meta'
[0.404s] Level 1:colcon.colcon_core.package_identification:_identify(src/filter) by extensions ['ros']
[0.404s] Level 1:colcon.colcon_core.package_identification:_identify(src/filter) by extension 'ros'
[0.408s] DEBUG:colcon.colcon_core.package_identification:Package 'src/filter' with type 'ros.ament_cmake' and name 'filter'
[0.408s] Level 1:colcon.colcon_core.package_identification:_identify(src/motor_pid) by extensions ['ignore', 'ignore_ament_install']
[0.408s] Level 1:colcon.colcon_core.package_identification:_identify(src/motor_pid) by extension 'ignore'
[0.408s] Level 1:colcon.colcon_core.package_identification:_identify(src/motor_pid) by extension 'ignore_ament_install'
[0.408s] Level 1:colcon.colcon_core.package_identification:_identify(src/motor_pid) by extensions ['colcon_pkg']
[0.409s] Level 1:colcon.colcon_core.package_identification:_identify(src/motor_pid) by extension 'colcon_pkg'
[0.409s] Level 1:colcon.colcon_core.package_identification:_identify(src/motor_pid) by extensions ['colcon_meta']
[0.409s] Level 1:colcon.colcon_core.package_identification:_identify(src/motor_pid) by extension 'colcon_meta'
[0.409s] Level 1:colcon.colcon_core.package_identification:_identify(src/motor_pid) by extensions ['ros']
[0.409s] Level 1:colcon.colcon_core.package_identification:_identify(src/motor_pid) by extension 'ros'
[0.410s] DEBUG:colcon.colcon_core.package_identification:Package 'src/motor_pid' with type 'ros.ament_cmake' and name 'motor_pid'
[0.410s] Level 1:colcon.colcon_core.package_identification:_identify(src/motor_simulator) by extensions ['ignore', 'ignore_ament_install']
[0.410s] Level 1:colcon.colcon_core.package_identification:_identify(src/motor_simulator) by extension 'ignore'
[0.410s] Level 1:colcon.colcon_core.package_identification:_identify(src/motor_simulator) by extension 'ignore_ament_install'
[0.410s] Level 1:colcon.colcon_core.package_identification:_identify(src/motor_simulator) by extensions ['colcon_pkg']
[0.410s] Level 1:colcon.colcon_core.package_identification:_identify(src/motor_simulator) by extension 'colcon_pkg'
[0.410s] Level 1:colcon.colcon_core.package_identification:_identify(src/motor_simulator) by extensions ['colcon_meta']
[0.411s] Level 1:colcon.colcon_core.package_identification:_identify(src/motor_simulator) by extension 'colcon_meta'
[0.411s] Level 1:colcon.colcon_core.package_identification:_identify(src/motor_simulator) by extensions ['ros']
[0.411s] Level 1:colcon.colcon_core.package_identification:_identify(src/motor_simulator) by extension 'ros'
[0.412s] DEBUG:colcon.colcon_core.package_identification:Package 'src/motor_simulator' with type 'ros.ament_cmake' and name 'motor_simulator'
[0.412s] Level 1:colcon.colcon_core.package_identification:_identify(src/pid2) by extensions ['ignore', 'ignore_ament_install']
[0.412s] Level 1:colcon.colcon_core.package_identification:_identify(src/pid2) by extension 'ignore'
[0.412s] Level 1:colcon.colcon_core.package_identification:_identify(src/pid2) by extension 'ignore_ament_install'
[0.412s] Level 1:colcon.colcon_core.package_identification:_identify(src/pid2) by extensions ['colcon_pkg']
[0.412s] Level 1:colcon.colcon_core.package_identification:_identify(src/pid2) by extension 'colcon_pkg'
[0.412s] Level 1:colcon.colcon_core.package_identification:_identify(src/pid2) by extensions ['colcon_meta']
[0.412s] Level 1:colcon.colcon_core.package_identification:_identify(src/pid2) by extension 'colcon_meta'
[0.412s] Level 1:colcon.colcon_core.package_identification:_identify(src/pid2) by extensions ['ros']
[0.412s] Level 1:colcon.colcon_core.package_identification:_identify(src/pid2) by extension 'ros'
[0.413s] DEBUG:colcon.colcon_core.package_identification:Package 'src/pid2' with type 'ros.ament_cmake' and name 'pid2'
[0.413s] Level 1:colcon.colcon_core.package_identification:_identify(src/task1) by extensions ['ignore', 'ignore_ament_install']
[0.415s] Level 1:colcon.colcon_core.package_identification:_identify(src/task1) by extension 'ignore'
[0.415s] Level 1:colcon.colcon_core.package_identification:_identify(src/task1) by extension 'ignore_ament_install'
[0.416s] Level 1:colcon.colcon_core.package_identification:_identify(src/task1) by extensions ['colcon_pkg']
[0.416s] Level 1:colcon.colcon_core.package_identification:_identify(src/task1) by extension 'colcon_pkg'
[0.416s] Level 1:colcon.colcon_core.package_identification:_identify(src/task1) by extensions ['colcon_meta']
[0.416s] Level 1:colcon.colcon_core.package_identification:_identify(src/task1) by extension 'colcon_meta'
[0.416s] Level 1:colcon.colcon_core.package_identification:_identify(src/task1) by extensions ['ros']
[0.416s] Level 1:colcon.colcon_core.package_identification:_identify(src/task1) by extension 'ros'
[0.417s] DEBUG:colcon.colcon_core.package_identification:Package 'src/task1' with type 'ros.ament_cmake' and name 'task1'
[0.417s] Level 1:colcon.colcon_core.package_identification:_identify(src/task2) by extensions ['ignore', 'ignore_ament_install']
[0.418s] Level 1:colcon.colcon_core.package_identification:_identify(src/task2) by extension 'ignore'
[0.418s] Level 1:colcon.colcon_core.package_identification:_identify(src/task2) by extension 'ignore_ament_install'
[0.418s] Level 1:colcon.colcon_core.package_identification:_identify(src/task2) by extensions ['colcon_pkg']
[0.418s] Level 1:colcon.colcon_core.package_identification:_identify(src/task2) by extension 'colcon_pkg'
[0.418s] Level 1:colcon.colcon_core.package_identification:_identify(src/task2) by extensions ['colcon_meta']
[0.418s] Level 1:colcon.colcon_core.package_identification:_identify(src/task2) by extension 'colcon_meta'
[0.419s] Level 1:colcon.colcon_core.package_identification:_identify(src/task2) by extensions ['ros']
[0.419s] Level 1:colcon.colcon_core.package_identification:_identify(src/task2) by extension 'ros'
[0.420s] DEBUG:colcon.colcon_core.package_identification:Package 'src/task2' with type 'ros.ament_cmake' and name 'task2'
[0.421s] Level 1:colcon.colcon_core.package_discovery:discover_packages(recursive) using defaults
[0.421s] Level 1:colcon.colcon_core.package_discovery:discover_packages(ignore) discover
[0.421s] Level 1:colcon.colcon_core.package_discovery:discover_packages(ignore) using defaults
[0.421s] Level 1:colcon.colcon_core.package_discovery:discover_packages(path) discover
[0.421s] Level 1:colcon.colcon_core.package_discovery:discover_packages(path) using defaults
[0.474s] INFO:colcon.colcon_core.package_selection:Skipping not selected package 'filter' in 'src/filter'
[0.474s] INFO:colcon.colcon_core.package_selection:Skipping not selected package 'motor_pid' in 'src/motor_pid'
[0.474s] INFO:colcon.colcon_core.package_selection:Skipping not selected package 'motor_simulator' in 'src/motor_simulator'
[0.474s] INFO:colcon.colcon_core.package_selection:Skipping not selected package 'task1' in 'src/task1'
[0.475s] INFO:colcon.colcon_core.package_selection:Skipping not selected package 'task2' in 'src/task2'
[0.475s] Level 5:colcon.colcon_core.verb:set package 'pid2' build argument 'cmake_args' from command line to 'None'
[0.475s] Level 5:colcon.colcon_core.verb:set package 'pid2' build argument 'cmake_target' from command line to 'None'
[0.475s] Level 5:colcon.colcon_core.verb:set package 'pid2' build argument 'cmake_target_skip_unavailable' from command line to 'False'
[0.475s] Level 5:colcon.colcon_core.verb:set package 'pid2' build argument 'cmake_clean_cache' from command line to 'False'
[0.475s] Level 5:colcon.colcon_core.verb:set package 'pid2' build argument 'cmake_clean_first' from command line to 'False'
[0.475s] Level 5:colcon.colcon_core.verb:set package 'pid2' build argument 'cmake_force_configure' from command line to 'False'
[0.475s] Level 5:colcon.colcon_core.verb:set package 'pid2' build argument 'ament_cmake_args' from command line to 'None'
[0.475s] Level 5:colcon.colcon_core.verb:set package 'pid2' build argument 'catkin_cmake_args' from command line to 'None'
[0.475s] Level 5:colcon.colcon_core.verb:set package 'pid2' build argument 'catkin_skip_building_tests' from command line to 'False'
[0.475s] DEBUG:colcon.colcon_core.verb:Building package 'pid2' with the following arguments: {'ament_cmake_args': None, 'build_base': '/workspaces/ros2project/build/pid2', 'catkin_cmake_args': None, 'catkin_skip_building_tests': False, 'cmake_args': None, 'cmake_clean_cache': False, 'cmake_clean_first': False, 'cmake_force_configure': False, 'cmake_target': None, 'cmake_target_skip_unavailable': False, 'install_base': '/workspaces/ros2project/install/pid2', 'merge_install': False, 'path': '/workspaces/ros2project/src/pid2', 'symlink_install': False, 'test_result_base': None}
[0.476s] INFO:colcon.colcon_core.executor:Executing jobs using 'parallel' executor
[0.477s] DEBUG:colcon.colcon_parallel_executor.executor.parallel:run_until_complete
[0.478s] INFO:colcon.colcon_ros.task.ament_cmake.build:Building ROS package in '/workspaces/ros2project/src/pid2' with build type 'ament_cmake'
[0.479s] INFO:colcon.colcon_cmake.task.cmake.build:Building CMake package in '/workspaces/ros2project/src/pid2'
[0.483s] INFO:colcon.colcon_core.plugin_system:Skipping extension 'colcon_core.shell.bat': Not used on non-Windows systems
[0.484s] INFO:colcon.colcon_core.shell:Skip shell extension 'powershell' for command environment: Not usable outside of PowerShell
[0.484s] DEBUG:colcon.colcon_core.shell:Skip shell extension 'dsv' for command environment
[0.514s] DEBUG:colcon.colcon_core.event_handler.log_command:Invoking command in '/workspaces/ros2project/build/pid2': CMAKE_PREFIX_PATH=${CMAKE_PREFIX_PATH}:/opt/ros/jazzy /usr/bin/cmake --build /workspaces/ros2project/build/pid2 -- -j8 -l8
[29.920s] DEBUG:colcon.colcon_core.event_handler.log_command:Invoked command in '/workspaces/ros2project/build/pid2' returned '0': CMAKE_PREFIX_PATH=${CMAKE_PREFIX_PATH}:/opt/ros/jazzy /usr/bin/cmake --build /workspaces/ros2project/build/pid2 -- -j8 -l8
[29.961s] DEBUG:colcon.colcon_core.event_handler.log_command:Invoking command in '/workspaces/ros2project/build/pid2': CMAKE_PREFIX_PATH=${CMAKE_PREFIX_PATH}:/opt/ros/jazzy /usr/bin/cmake --install /workspaces/ros2project/build/pid2
[30.023s] Level 1:colcon.colcon_core.environment:create_environment_scripts_only(pid2)
[30.025s] DEBUG:colcon.colcon_core.event_handler.log_command:Invoked command in '/workspaces/ros2project/build/pid2' returned '0': CMAKE_PREFIX_PATH=${CMAKE_PREFIX_PATH}:/opt/ros/jazzy /usr/bin/cmake --install /workspaces/ros2project/build/pid2
[30.030s] Level 1:colcon.colcon_core.environment:checking '/workspaces/ros2project/install/pid2' for CMake module files
[30.032s] Level 1:colcon.colcon_core.environment:checking '/workspaces/ros2project/install/pid2' for CMake config files
[30.044s] Level 1:colcon.colcon_core.shell:create_environment_hook('pid2', 'cmake_prefix_path')
[30.045s] INFO:colcon.colcon_core.shell:Creating environment hook '/workspaces/ros2project/install/pid2/share/pid2/hook/cmake_prefix_path.ps1'
[30.061s] INFO:colcon.colcon_core.shell:Creating environment descriptor '/workspaces/ros2project/install/pid2/share/pid2/hook/cmake_prefix_path.dsv'
[30.063s] INFO:colcon.colcon_core.shell:Creating environment hook '/workspaces/ros2project/install/pid2/share/pid2/hook/cmake_prefix_path.sh'
[30.065s] Level 1:colcon.colcon_core.environment:checking '/workspaces/ros2project/install/pid2/lib'
[30.066s] Level 1:colcon.colcon_core.environment:checking '/workspaces/ros2project/install/pid2/bin'
[30.066s] Level 1:colcon.colcon_core.environment:checking '/workspaces/ros2project/install/pid2/lib/pkgconfig/pid2.pc'
[30.070s] Level 1:colcon.colcon_core.environment:checking '/workspaces/ros2project/install/pid2/lib/python3.12/site-packages'
[30.071s] Level 1:colcon.colcon_core.environment:checking '/workspaces/ros2project/install/pid2/bin'
[30.071s] INFO:colcon.colcon_core.shell:Creating package script '/workspaces/ros2project/install/pid2/share/pid2/package.ps1'
[30.082s] INFO:colcon.colcon_core.shell:Creating package descriptor '/workspaces/ros2project/install/pid2/share/pid2/package.dsv'
[30.088s] INFO:colcon.colcon_core.shell:Creating package script '/workspaces/ros2project/install/pid2/share/pid2/package.sh'
[30.090s] INFO:colcon.colcon_core.shell:Creating package script '/workspaces/ros2project/install/pid2/share/pid2/package.bash'
[30.092s] INFO:colcon.colcon_core.shell:Creating package script '/workspaces/ros2project/install/pid2/share/pid2/package.zsh'
[30.093s] Level 1:colcon.colcon_core.environment:create_file_with_runtime_dependencies(/workspaces/ros2project/install/pid2/share/colcon-core/packages/pid2)
[30.095s] Level 1:colcon.colcon_core.environment:create_environment_scripts_only(pid2)
[30.095s] Level 1:colcon.colcon_core.environment:checking '/workspaces/ros2project/install/pid2' for CMake module files
[30.096s] Level 1:colcon.colcon_core.environment:checking '/workspaces/ros2project/install/pid2' for CMake config files
[30.103s] Level 1:colcon.colcon_core.shell:create_environment_hook('pid2', 'cmake_prefix_path')
[30.105s] INFO:colcon.colcon_core.shell:Creating environment hook '/workspaces/ros2project/install/pid2/share/pid2/hook/cmake_prefix_path.ps1'
[30.107s] INFO:colcon.colcon_core.shell:Creating environment descriptor '/workspaces/ros2project/install/pid2/share/pid2/hook/cmake_prefix_path.dsv'
[30.108s] INFO:colcon.colcon_core.shell:Creating environment hook '/workspaces/ros2project/install/pid2/share/pid2/hook/cmake_prefix_path.sh'
[30.109s] Level 1:colcon.colcon_core.environment:checking '/workspaces/ros2project/install/pid2/lib'
[30.109s] Level 1:colcon.colcon_core.environment:checking '/workspaces/ros2project/install/pid2/bin'
[30.109s] Level 1:colcon.colcon_core.environment:checking '/workspaces/ros2project/install/pid2/lib/pkgconfig/pid2.pc'
[30.110s] Level 1:colcon.colcon_core.environment:checking '/workspaces/ros2project/install/pid2/lib/python3.12/site-packages'
[30.110s] Level 1:colcon.colcon_core.environment:checking '/workspaces/ros2project/install/pid2/bin'
[30.111s] INFO:colcon.colcon_core.shell:Creating package script '/workspaces/ros2project/install/pid2/share/pid2/package.ps1'
[30.113s] INFO:colcon.colcon_core.shell:Creating package descriptor '/workspaces/ros2project/install/pid2/share/pid2/package.dsv'
[30.120s] INFO:colcon.colcon_core.shell:Creating package script '/workspaces/ros2project/install/pid2/share/pid2/package.sh'
[30.124s] INFO:colcon.colcon_core.shell:Creating package script '/workspaces/ros2project/install/pid2/share/pid2/package.bash'
[30.126s] INFO:colcon.colcon_core.shell:Creating package script '/workspaces/ros2project/install/pid2/share/pid2/package.zsh'
[30.127s] Level 1:colcon.colcon_core.environment:create_file_with_runtime_dependencies(/workspaces/ros2project/install/pid2/share/colcon-core/packages/pid2)
[30.127s] DEBUG:colcon.colcon_parallel_executor.executor.parallel:closing loop
[30.128s] DEBUG:colcon.colcon_parallel_executor.executor.parallel:loop closed
[30.128s] DEBUG:colcon.colcon_parallel_executor.executor.parallel:run_until_complete finished with '0'
[30.129s] DEBUG:colcon.colcon_core.event_reactor:joining thread
[30.160s] INFO:colcon.colcon_core.plugin_system:Skipping extension 'colcon_notification.desktop_notification.notify_send': Could not find 'notify-send'
[30.160s] INFO:colcon.colcon_core.plugin_system:Skipping extension 'colcon_notification.desktop_notification.terminal_notifier': Not used on non-Darwin systems
[30.161s] INFO:colcon.colcon_core.plugin_system:Skipping extension 'colcon_notification.desktop_notification.win32': Not used on non-Windows systems
[30.161s] INFO:colcon.colcon_notification.desktop_notification:Sending desktop notification using 'notify2'
[30.192s] DEBUG:colcon.colcon_notification.desktop_notification.notify2:Failed to initialize notify2: org.freedesktop.DBus.Error.Spawn.ExecFailed: /usr/bin/dbus-launch terminated abnormally without any error message
[30.196s] DEBUG:colcon.colcon_core.event_reactor:joined thread
[30.198s] INFO:colcon.colcon_core.shell:Creating prefix script '/workspaces/ros2project/install/local_setup.ps1'
[30.200s] INFO:colcon.colcon_core.shell:Creating prefix util module '/workspaces/ros2project/install/_local_setup_util_ps1.py'
[30.203s] INFO:colcon.colcon_core.shell:Creating prefix chain script '/workspaces/ros2project/install/setup.ps1'
[30.217s] INFO:colcon.colcon_core.shell:Creating prefix script '/workspaces/ros2project/install/local_setup.sh'
[30.219s] INFO:colcon.colcon_core.shell:Creating prefix util module '/workspaces/ros2project/install/_local_setup_util_sh.py'
[30.232s] INFO:colcon.colcon_core.shell:Creating prefix chain script '/workspaces/ros2project/install/setup.sh'
[30.242s] INFO:colcon.colcon_core.shell:Creating prefix script '/workspaces/ros2project/install/local_setup.bash'
[30.243s] INFO:colcon.colcon_core.shell:Creating prefix chain script '/workspaces/ros2project/install/setup.bash'
[30.256s] INFO:colcon.colcon_core.shell:Creating prefix script '/workspaces/ros2project/install/local_setup.zsh'
[30.257s] INFO:colcon.colcon_core.shell:Creating prefix chain script '/workspaces/ros2project/install/setup.zsh'
