[0.012s] Invoking command in '/workspaces/ros2project/build/task1': CMAKE_PREFIX_PATH=${CMAKE_PREFIX_PATH}:/opt/ros/jazzy /usr/bin/cmake /workspaces/ros2project/src/task1 -DCMAKE_INSTALL_PREFIX=/workspaces/ros2project/install/task1
[0.061s] -- The C compiler identification is GNU 14.2.0
[0.108s] -- The CXX compiler identification is GNU 14.2.0
[0.125s] -- Detecting C compiler ABI info
[0.199s] -- Detecting C compiler ABI info - done
[0.206s] -- Check for working C compiler: /usr/bin/cc - skipped
[0.206s] -- Detecting C compile features
[0.207s] -- Detecting C compile features - done
[0.215s] -- Detecting CXX compiler ABI info
[0.301s] -- Detecting CXX compiler ABI info - done
[0.308s] -- Check for working CXX compiler: /usr/bin/c++ - skipped
[0.308s] -- Detecting CXX compile features
[0.309s] -- Detecting CXX compile features - done
[0.312s] -- Found ament_cmake: 2.5.4 (/opt/ros/jazzy/share/ament_cmake/cmake)
[0.418s] -- Found Python3: /usr/bin/python3 (found version "3.12.3") found components: Interpreter 
[0.517s] -- Found rclcpp: 28.1.10 (/opt/ros/jazzy/share/rclcpp/cmake)
[0.555s] -- Found rosidl_generator_c: 4.6.5 (/opt/ros/jazzy/share/rosidl_generator_c/cmake)
[0.569s] -- Found rosidl_generator_cpp: 4.6.5 (/opt/ros/jazzy/share/rosidl_generator_cpp/cmake)
[0.592s] -- Using all available rosidl_typesupport_c: rosidl_typesupport_fastrtps_c;rosidl_typesupport_introspection_c
[0.608s] -- Using all available rosidl_typesupport_cpp: rosidl_typesupport_fastrtps_cpp;rosidl_typesupport_introspection_cpp
[0.679s] -- Found rmw_implementation_cmake: 7.3.2 (/opt/ros/jazzy/share/rmw_implementation_cmake/cmake)
[0.682s] -- Found rmw_fastrtps_cpp: 8.4.2 (/opt/ros/jazzy/share/rmw_fastrtps_cpp/cmake)
[0.761s] -- Found OpenSSL: /usr/lib/x86_64-linux-gnu/libcrypto.so (found version "3.0.13")  
[0.779s] -- Found FastRTPS: /opt/ros/jazzy/include (Required is at least version "2.13") 
[0.800s] -- Using RMW implementation 'rmw_fastrtps_cpp' as default
[0.918s] -- Found std_msgs: 5.3.6 (/opt/ros/jazzy/share/std_msgs/cmake)
[0.933s] -- Found ament_lint_auto: 0.17.2 (/opt/ros/jazzy/share/ament_lint_auto/cmake)
[1.031s] -- Added test 'cppcheck' to perform static code analysis on C / C++ code
[1.032s] -- Configured cppcheck include dirs: 
[1.032s] -- Configured cppcheck exclude dirs and/or files: 
[1.033s] -- Added test 'lint_cmake' to check CMake code style
[1.034s] -- Added test 'uncrustify' to check C / C++ code style
[1.034s] -- Configured uncrustify additional arguments: 
[1.035s] -- Added test 'xmllint' to check XML markup files
[1.037s] -- Configuring done (1.0s)
[1.044s] -- Generating done (0.0s)
[1.046s] -- Build files have been written to: /workspaces/ros2project/build/task1
[1.055s] Invoked command in '/workspaces/ros2project/build/task1' returned '0': CMAKE_PREFIX_PATH=${CMAKE_PREFIX_PATH}:/opt/ros/jazzy /usr/bin/cmake /workspaces/ros2project/src/task1 -DCMAKE_INSTALL_PREFIX=/workspaces/ros2project/install/task1
[1.057s] Invoking command in '/workspaces/ros2project/build/task1': CMAKE_PREFIX_PATH=${CMAKE_PREFIX_PATH}:/opt/ros/jazzy /usr/bin/cmake --build /workspaces/ros2project/build/task1 -- -j8 -l8
[1.098s] Invoked command in '/workspaces/ros2project/build/task1' returned '0': CMAKE_PREFIX_PATH=${CMAKE_PREFIX_PATH}:/opt/ros/jazzy /usr/bin/cmake --build /workspaces/ros2project/build/task1 -- -j8 -l8
[1.108s] Invoking command in '/workspaces/ros2project/build/task1': CMAKE_PREFIX_PATH=${CMAKE_PREFIX_PATH}:/opt/ros/jazzy /usr/bin/cmake --install /workspaces/ros2project/build/task1
[1.119s] -- Install configuration: ""
[1.120s] -- Installing: /workspaces/ros2project/install/task1/share/ament_index/resource_index/package_run_dependencies/task1
[1.120s] -- Installing: /workspaces/ros2project/install/task1/share/ament_index/resource_index/parent_prefix_path/task1
[1.121s] -- Installing: /workspaces/ros2project/install/task1/share/task1/environment/ament_prefix_path.sh
[1.121s] -- Installing: /workspaces/ros2project/install/task1/share/task1/environment/ament_prefix_path.dsv
[1.121s] -- Installing: /workspaces/ros2project/install/task1/share/task1/environment/path.sh
[1.121s] -- Installing: /workspaces/ros2project/install/task1/share/task1/environment/path.dsv
[1.122s] -- Installing: /workspaces/ros2project/install/task1/share/task1/local_setup.bash
[1.122s] -- Installing: /workspaces/ros2project/install/task1/share/task1/local_setup.sh
[1.122s] -- Installing: /workspaces/ros2project/install/task1/share/task1/local_setup.zsh
[1.122s] -- Installing: /workspaces/ros2project/install/task1/share/task1/local_setup.dsv
[1.122s] -- Installing: /workspaces/ros2project/install/task1/share/task1/package.dsv
[1.123s] -- Installing: /workspaces/ros2project/install/task1/share/ament_index/resource_index/packages/task1
[1.123s] -- Installing: /workspaces/ros2project/install/task1/share/task1/cmake/task1Config.cmake
[1.123s] -- Installing: /workspaces/ros2project/install/task1/share/task1/cmake/task1Config-version.cmake
[1.123s] -- Installing: /workspaces/ros2project/install/task1/share/task1/package.xml
[1.127s] Invoked command in '/workspaces/ros2project/build/task1' returned '0': CMAKE_PREFIX_PATH=${CMAKE_PREFIX_PATH}:/opt/ros/jazzy /usr/bin/cmake --install /workspaces/ros2project/build/task1
