[0.249s] DEBUG:colcon:Command line arguments: ['/usr/bin/colcon', 'build', '--packages-select', 'task1']
[0.249s] DEBUG:colcon:Parsed command line arguments: Namespace(log_base=None, log_level=None, verb_name='build', build_base='build', install_base='install', merge_install=False, symlink_install=False, test_result_base=None, continue_on_error=False, executor='parallel', parallel_workers=8, event_handlers=None, ignore_user_meta=False, metas=['./colcon.meta'], base_paths=['.'], packages_ignore=None, packages_ignore_regex=None, paths=None, packages_up_to=None, packages_up_to_regex=None, packages_above=None, packages_above_and_dependencies=None, packages_above_depth=None, packages_select_by_dep=None, packages_skip_by_dep=None, packages_skip_up_to=None, packages_select_build_failed=False, packages_skip_build_finished=False, packages_select_test_failures=False, packages_skip_test_passed=False, packages_select=['task1'], packages_skip=None, packages_select_regex=None, packages_skip_regex=None, packages_start=None, packages_end=None, cmake_args=None, cmake_target=None, cmake_target_skip_unavailable=False, cmake_clean_cache=False, cmake_clean_first=False, cmake_force_configure=False, ament_cmake_args=None, catkin_cmake_args=None, catkin_skip_building_tests=False, mixin_files=None, mixin=None, verb_parser=<colcon_mixin.mixin.mixin_argument.MixinArgumentDecorator object at 0x7bf6950afaa0>, verb_extension=<colcon_core.verb.build.BuildVerb object at 0x7bf6950af7d0>, main=<bound method BuildVerb.main of <colcon_core.verb.build.BuildVerb object at 0x7bf6950af7d0>>, mixin_verb=('build',))
[0.332s] Level 1:colcon.colcon_core.package_discovery:discover_packages(colcon_meta) check parameters
[0.332s] Level 1:colcon.colcon_core.package_discovery:discover_packages(recursive) check parameters
[0.332s] Level 1:colcon.colcon_core.package_discovery:discover_packages(ignore) check parameters
[0.332s] Level 1:colcon.colcon_core.package_discovery:discover_packages(path) check parameters
[0.332s] Level 1:colcon.colcon_core.package_discovery:discover_packages(colcon_meta) discover
[0.333s] Level 1:colcon.colcon_core.package_discovery:discover_packages(recursive) discover
[0.333s] INFO:colcon.colcon_core.package_discovery:Crawling recursively for packages in '/workspaces/ros2project'
[0.333s] Level 1:colcon.colcon_core.package_identification:_identify(.) by extensions ['ignore', 'ignore_ament_install']
[0.333s] Level 1:colcon.colcon_core.package_identification:_identify(.) by extension 'ignore'
[0.333s] Level 1:colcon.colcon_core.package_identification:_identify(.) by extension 'ignore_ament_install'
[0.333s] Level 1:colcon.colcon_core.package_identification:_identify(.) by extensions ['colcon_pkg']
[0.333s] Level 1:colcon.colcon_core.package_identification:_identify(.) by extension 'colcon_pkg'
[0.333s] Level 1:colcon.colcon_core.package_identification:_identify(.) by extensions ['colcon_meta']
[0.333s] Level 1:colcon.colcon_core.package_identification:_identify(.) by extension 'colcon_meta'
[0.333s] Level 1:colcon.colcon_core.package_identification:_identify(.) by extensions ['ros']
[0.333s] Level 1:colcon.colcon_core.package_identification:_identify(.) by extension 'ros'
[0.381s] Level 1:colcon.colcon_core.package_identification:_identify(.) by extensions ['cmake', 'python']
[0.382s] Level 1:colcon.colcon_core.package_identification:_identify(.) by extension 'cmake'
[0.382s] Level 1:colcon.colcon_core.package_identification:_identify(.) by extension 'python'
[0.382s] Level 1:colcon.colcon_core.package_identification:_identify(.) by extensions ['python_setup_py']
[0.382s] Level 1:colcon.colcon_core.package_identification:_identify(.) by extension 'python_setup_py'
[0.382s] Level 1:colcon.colcon_core.package_identification:_identify(build) by extensions ['ignore', 'ignore_ament_install']
[0.382s] Level 1:colcon.colcon_core.package_identification:_identify(build) by extension 'ignore'
[0.382s] Level 1:colcon.colcon_core.package_identification:_identify(build) ignored
[0.383s] Level 1:colcon.colcon_core.package_identification:_identify(install) by extensions ['ignore', 'ignore_ament_install']
[0.383s] Level 1:colcon.colcon_core.package_identification:_identify(install) by extension 'ignore'
[0.383s] Level 1:colcon.colcon_core.package_identification:_identify(install) ignored
[0.383s] Level 1:colcon.colcon_core.package_identification:_identify(log) by extensions ['ignore', 'ignore_ament_install']
[0.383s] Level 1:colcon.colcon_core.package_identification:_identify(log) by extension 'ignore'
[0.383s] Level 1:colcon.colcon_core.package_identification:_identify(log) ignored
[0.383s] Level 1:colcon.colcon_core.package_identification:_identify(signal) by extensions ['ignore', 'ignore_ament_install']
[0.383s] Level 1:colcon.colcon_core.package_identification:_identify(signal) by extension 'ignore'
[0.383s] Level 1:colcon.colcon_core.package_identification:_identify(signal) by extension 'ignore_ament_install'
[0.383s] Level 1:colcon.colcon_core.package_identification:_identify(signal) by extensions ['colcon_pkg']
[0.383s] Level 1:colcon.colcon_core.package_identification:_identify(signal) by extension 'colcon_pkg'
[0.383s] Level 1:colcon.colcon_core.package_identification:_identify(signal) by extensions ['colcon_meta']
[0.383s] Level 1:colcon.colcon_core.package_identification:_identify(signal) by extension 'colcon_meta'
[0.383s] Level 1:colcon.colcon_core.package_identification:_identify(signal) by extensions ['ros']
[0.383s] Level 1:colcon.colcon_core.package_identification:_identify(signal) by extension 'ros'
[0.387s] DEBUG:colcon.colcon_core.package_identification:Package 'signal' with type 'ros.ament_cmake' and name 'signal'
[0.387s] Level 1:colcon.colcon_core.package_identification:_identify(task1) by extensions ['ignore', 'ignore_ament_install']
[0.387s] Level 1:colcon.colcon_core.package_identification:_identify(task1) by extension 'ignore'
[0.387s] Level 1:colcon.colcon_core.package_identification:_identify(task1) by extension 'ignore_ament_install'
[0.388s] Level 1:colcon.colcon_core.package_identification:_identify(task1) by extensions ['colcon_pkg']
[0.388s] Level 1:colcon.colcon_core.package_identification:_identify(task1) by extension 'colcon_pkg'
[0.388s] Level 1:colcon.colcon_core.package_identification:_identify(task1) by extensions ['colcon_meta']
[0.388s] Level 1:colcon.colcon_core.package_identification:_identify(task1) by extension 'colcon_meta'
[0.388s] Level 1:colcon.colcon_core.package_identification:_identify(task1) by extensions ['ros']
[0.388s] Level 1:colcon.colcon_core.package_identification:_identify(task1) by extension 'ros'
[0.388s] DEBUG:colcon.colcon_core.package_identification:Package 'task1' with type 'ros.ament_cmake' and name 'task1'
[0.389s] Level 1:colcon.colcon_core.package_identification:_identify(task1_ws) by extensions ['ignore', 'ignore_ament_install']
[0.389s] Level 1:colcon.colcon_core.package_identification:_identify(task1_ws) by extension 'ignore'
[0.389s] Level 1:colcon.colcon_core.package_identification:_identify(task1_ws) by extension 'ignore_ament_install'
[0.389s] Level 1:colcon.colcon_core.package_identification:_identify(task1_ws) by extensions ['colcon_pkg']
[0.389s] Level 1:colcon.colcon_core.package_identification:_identify(task1_ws) by extension 'colcon_pkg'
[0.389s] Level 1:colcon.colcon_core.package_identification:_identify(task1_ws) by extensions ['colcon_meta']
[0.389s] Level 1:colcon.colcon_core.package_identification:_identify(task1_ws) by extension 'colcon_meta'
[0.389s] Level 1:colcon.colcon_core.package_identification:_identify(task1_ws) by extensions ['ros']
[0.389s] Level 1:colcon.colcon_core.package_identification:_identify(task1_ws) by extension 'ros'
[0.389s] Level 1:colcon.colcon_core.package_identification:_identify(task1_ws) by extensions ['cmake', 'python']
[0.389s] Level 1:colcon.colcon_core.package_identification:_identify(task1_ws) by extension 'cmake'
[0.389s] Level 1:colcon.colcon_core.package_identification:_identify(task1_ws) by extension 'python'
[0.389s] Level 1:colcon.colcon_core.package_identification:_identify(task1_ws) by extensions ['python_setup_py']
[0.389s] Level 1:colcon.colcon_core.package_identification:_identify(task1_ws) by extension 'python_setup_py'
[0.389s] Level 1:colcon.colcon_core.package_identification:_identify(task1_ws/build) by extensions ['ignore', 'ignore_ament_install']
[0.389s] Level 1:colcon.colcon_core.package_identification:_identify(task1_ws/build) by extension 'ignore'
[0.390s] Level 1:colcon.colcon_core.package_identification:_identify(task1_ws/build) ignored
[0.390s] Level 1:colcon.colcon_core.package_identification:_identify(task1_ws/install) by extensions ['ignore', 'ignore_ament_install']
[0.390s] Level 1:colcon.colcon_core.package_identification:_identify(task1_ws/install) by extension 'ignore'
[0.390s] Level 1:colcon.colcon_core.package_identification:_identify(task1_ws/install) ignored
[0.390s] Level 1:colcon.colcon_core.package_identification:_identify(task1_ws/log) by extensions ['ignore', 'ignore_ament_install']
[0.390s] Level 1:colcon.colcon_core.package_identification:_identify(task1_ws/log) by extension 'ignore'
[0.390s] Level 1:colcon.colcon_core.package_identification:_identify(task1_ws/log) ignored
[0.390s] Level 1:colcon.colcon_core.package_identification:_identify(task1_ws/src) by extensions ['ignore', 'ignore_ament_install']
[0.390s] Level 1:colcon.colcon_core.package_identification:_identify(task1_ws/src) by extension 'ignore'
[0.390s] Level 1:colcon.colcon_core.package_identification:_identify(task1_ws/src) by extension 'ignore_ament_install'
[0.391s] Level 1:colcon.colcon_core.package_identification:_identify(task1_ws/src) by extensions ['colcon_pkg']
[0.391s] Level 1:colcon.colcon_core.package_identification:_identify(task1_ws/src) by extension 'colcon_pkg'
[0.391s] Level 1:colcon.colcon_core.package_identification:_identify(task1_ws/src) by extensions ['colcon_meta']
[0.391s] Level 1:colcon.colcon_core.package_identification:_identify(task1_ws/src) by extension 'colcon_meta'
[0.391s] Level 1:colcon.colcon_core.package_identification:_identify(task1_ws/src) by extensions ['ros']
[0.391s] Level 1:colcon.colcon_core.package_identification:_identify(task1_ws/src) by extension 'ros'
[0.391s] Level 1:colcon.colcon_core.package_identification:_identify(task1_ws/src) by extensions ['cmake', 'python']
[0.391s] Level 1:colcon.colcon_core.package_identification:_identify(task1_ws/src) by extension 'cmake'
[0.391s] Level 1:colcon.colcon_core.package_identification:_identify(task1_ws/src) by extension 'python'
[0.391s] Level 1:colcon.colcon_core.package_identification:_identify(task1_ws/src) by extensions ['python_setup_py']
[0.391s] Level 1:colcon.colcon_core.package_identification:_identify(task1_ws/src) by extension 'python_setup_py'
[0.391s] Level 1:colcon.colcon_core.package_identification:_identify(task1_ws/src/cpp_pubsub) by extensions ['ignore', 'ignore_ament_install']
[0.391s] Level 1:colcon.colcon_core.package_identification:_identify(task1_ws/src/cpp_pubsub) by extension 'ignore'
[0.391s] Level 1:colcon.colcon_core.package_identification:_identify(task1_ws/src/cpp_pubsub) by extension 'ignore_ament_install'
[0.391s] Level 1:colcon.colcon_core.package_identification:_identify(task1_ws/src/cpp_pubsub) by extensions ['colcon_pkg']
[0.391s] Level 1:colcon.colcon_core.package_identification:_identify(task1_ws/src/cpp_pubsub) by extension 'colcon_pkg'
[0.391s] Level 1:colcon.colcon_core.package_identification:_identify(task1_ws/src/cpp_pubsub) by extensions ['colcon_meta']
[0.391s] Level 1:colcon.colcon_core.package_identification:_identify(task1_ws/src/cpp_pubsub) by extension 'colcon_meta'
[0.391s] Level 1:colcon.colcon_core.package_identification:_identify(task1_ws/src/cpp_pubsub) by extensions ['ros']
[0.391s] Level 1:colcon.colcon_core.package_identification:_identify(task1_ws/src/cpp_pubsub) by extension 'ros'
[0.392s] DEBUG:colcon.colcon_core.package_identification:Package 'task1_ws/src/cpp_pubsub' with type 'ros.ament_cmake' and name 'cpp_pubsub'
[0.392s] Level 1:colcon.colcon_core.package_identification:_identify(task2_ws) by extensions ['ignore', 'ignore_ament_install']
[0.392s] Level 1:colcon.colcon_core.package_identification:_identify(task2_ws) by extension 'ignore'
[0.392s] Level 1:colcon.colcon_core.package_identification:_identify(task2_ws) by extension 'ignore_ament_install'
[0.392s] Level 1:colcon.colcon_core.package_identification:_identify(task2_ws) by extensions ['colcon_pkg']
[0.392s] Level 1:colcon.colcon_core.package_identification:_identify(task2_ws) by extension 'colcon_pkg'
[0.392s] Level 1:colcon.colcon_core.package_identification:_identify(task2_ws) by extensions ['colcon_meta']
[0.392s] Level 1:colcon.colcon_core.package_identification:_identify(task2_ws) by extension 'colcon_meta'
[0.392s] Level 1:colcon.colcon_core.package_identification:_identify(task2_ws) by extensions ['ros']
[0.392s] Level 1:colcon.colcon_core.package_identification:_identify(task2_ws) by extension 'ros'
[0.392s] Level 1:colcon.colcon_core.package_identification:_identify(task2_ws) by extensions ['cmake', 'python']
[0.392s] Level 1:colcon.colcon_core.package_identification:_identify(task2_ws) by extension 'cmake'
[0.392s] Level 1:colcon.colcon_core.package_identification:_identify(task2_ws) by extension 'python'
[0.393s] Level 1:colcon.colcon_core.package_identification:_identify(task2_ws) by extensions ['python_setup_py']
[0.393s] Level 1:colcon.colcon_core.package_identification:_identify(task2_ws) by extension 'python_setup_py'
[0.393s] Level 1:colcon.colcon_core.package_identification:_identify(task2_ws/build) by extensions ['ignore', 'ignore_ament_install']
[0.393s] Level 1:colcon.colcon_core.package_identification:_identify(task2_ws/build) by extension 'ignore'
[0.393s] Level 1:colcon.colcon_core.package_identification:_identify(task2_ws/build) by extension 'ignore_ament_install'
[0.393s] Level 1:colcon.colcon_core.package_identification:_identify(task2_ws/build) by extensions ['colcon_pkg']
[0.393s] Level 1:colcon.colcon_core.package_identification:_identify(task2_ws/build) by extension 'colcon_pkg'
[0.393s] Level 1:colcon.colcon_core.package_identification:_identify(task2_ws/build) by extensions ['colcon_meta']
[0.393s] Level 1:colcon.colcon_core.package_identification:_identify(task2_ws/build) by extension 'colcon_meta'
[0.393s] Level 1:colcon.colcon_core.package_identification:_identify(task2_ws/build) by extensions ['ros']
[0.393s] Level 1:colcon.colcon_core.package_identification:_identify(task2_ws/build) by extension 'ros'
[0.393s] Level 1:colcon.colcon_core.package_identification:_identify(task2_ws/build) by extensions ['cmake', 'python']
[0.393s] Level 1:colcon.colcon_core.package_identification:_identify(task2_ws/build) by extension 'cmake'
[0.393s] Level 1:colcon.colcon_core.package_identification:_identify(task2_ws/build) by extension 'python'
[0.393s] Level 1:colcon.colcon_core.package_identification:_identify(task2_ws/build) by extensions ['python_setup_py']
[0.393s] Level 1:colcon.colcon_core.package_identification:_identify(task2_ws/build) by extension 'python_setup_py'
[0.393s] Level 1:colcon.colcon_core.package_identification:_identify(task2_ws/install) by extensions ['ignore', 'ignore_ament_install']
[0.393s] Level 1:colcon.colcon_core.package_identification:_identify(task2_ws/install) by extension 'ignore'
[0.394s] Level 1:colcon.colcon_core.package_identification:_identify(task2_ws/install) by extension 'ignore_ament_install'
[0.394s] Level 1:colcon.colcon_core.package_identification:_identify(task2_ws/install) by extensions ['colcon_pkg']
[0.394s] Level 1:colcon.colcon_core.package_identification:_identify(task2_ws/install) by extension 'colcon_pkg'
[0.394s] Level 1:colcon.colcon_core.package_identification:_identify(task2_ws/install) by extensions ['colcon_meta']
[0.394s] Level 1:colcon.colcon_core.package_identification:_identify(task2_ws/install) by extension 'colcon_meta'
[0.394s] Level 1:colcon.colcon_core.package_identification:_identify(task2_ws/install) by extensions ['ros']
[0.394s] Level 1:colcon.colcon_core.package_identification:_identify(task2_ws/install) by extension 'ros'
[0.394s] Level 1:colcon.colcon_core.package_identification:_identify(task2_ws/install) by extensions ['cmake', 'python']
[0.394s] Level 1:colcon.colcon_core.package_identification:_identify(task2_ws/install) by extension 'cmake'
[0.394s] Level 1:colcon.colcon_core.package_identification:_identify(task2_ws/install) by extension 'python'
[0.394s] Level 1:colcon.colcon_core.package_identification:_identify(task2_ws/install) by extensions ['python_setup_py']
[0.394s] Level 1:colcon.colcon_core.package_identification:_identify(task2_ws/install) by extension 'python_setup_py'
[0.394s] Level 1:colcon.colcon_core.package_identification:_identify(task2_ws/log) by extensions ['ignore', 'ignore_ament_install']
[0.394s] Level 1:colcon.colcon_core.package_identification:_identify(task2_ws/log) by extension 'ignore'
[0.394s] Level 1:colcon.colcon_core.package_identification:_identify(task2_ws/log) by extension 'ignore_ament_install'
[0.394s] Level 1:colcon.colcon_core.package_identification:_identify(task2_ws/log) by extensions ['colcon_pkg']
[0.394s] Level 1:colcon.colcon_core.package_identification:_identify(task2_ws/log) by extension 'colcon_pkg'
[0.394s] Level 1:colcon.colcon_core.package_identification:_identify(task2_ws/log) by extensions ['colcon_meta']
[0.394s] Level 1:colcon.colcon_core.package_identification:_identify(task2_ws/log) by extension 'colcon_meta'
[0.395s] Level 1:colcon.colcon_core.package_identification:_identify(task2_ws/log) by extensions ['ros']
[0.395s] Level 1:colcon.colcon_core.package_identification:_identify(task2_ws/log) by extension 'ros'
[0.395s] Level 1:colcon.colcon_core.package_identification:_identify(task2_ws/log) by extensions ['cmake', 'python']
[0.395s] Level 1:colcon.colcon_core.package_identification:_identify(task2_ws/log) by extension 'cmake'
[0.395s] Level 1:colcon.colcon_core.package_identification:_identify(task2_ws/log) by extension 'python'
[0.395s] Level 1:colcon.colcon_core.package_identification:_identify(task2_ws/log) by extensions ['python_setup_py']
[0.395s] Level 1:colcon.colcon_core.package_identification:_identify(task2_ws/log) by extension 'python_setup_py'
[0.395s] Level 1:colcon.colcon_core.package_identification:_identify(task2_ws/src) by extensions ['ignore', 'ignore_ament_install']
[0.395s] Level 1:colcon.colcon_core.package_identification:_identify(task2_ws/src) by extension 'ignore'
[0.395s] Level 1:colcon.colcon_core.package_identification:_identify(task2_ws/src) by extension 'ignore_ament_install'
[0.395s] Level 1:colcon.colcon_core.package_identification:_identify(task2_ws/src) by extensions ['colcon_pkg']
[0.395s] Level 1:colcon.colcon_core.package_identification:_identify(task2_ws/src) by extension 'colcon_pkg'
[0.395s] Level 1:colcon.colcon_core.package_identification:_identify(task2_ws/src) by extensions ['colcon_meta']
[0.395s] Level 1:colcon.colcon_core.package_identification:_identify(task2_ws/src) by extension 'colcon_meta'
[0.395s] Level 1:colcon.colcon_core.package_identification:_identify(task2_ws/src) by extensions ['ros']
[0.396s] Level 1:colcon.colcon_core.package_identification:_identify(task2_ws/src) by extension 'ros'
[0.396s] Level 1:colcon.colcon_core.package_identification:_identify(task2_ws/src) by extensions ['cmake', 'python']
[0.396s] Level 1:colcon.colcon_core.package_identification:_identify(task2_ws/src) by extension 'cmake'
[0.396s] Level 1:colcon.colcon_core.package_identification:_identify(task2_ws/src) by extension 'python'
[0.396s] Level 1:colcon.colcon_core.package_identification:_identify(task2_ws/src) by extensions ['python_setup_py']
[0.396s] Level 1:colcon.colcon_core.package_identification:_identify(task2_ws/src) by extension 'python_setup_py'
[0.396s] Level 1:colcon.colcon_core.package_discovery:discover_packages(recursive) using defaults
[0.396s] Level 1:colcon.colcon_core.package_discovery:discover_packages(ignore) discover
[0.396s] Level 1:colcon.colcon_core.package_discovery:discover_packages(ignore) using defaults
[0.396s] Level 1:colcon.colcon_core.package_discovery:discover_packages(path) discover
[0.396s] Level 1:colcon.colcon_core.package_discovery:discover_packages(path) using defaults
[0.433s] INFO:colcon.colcon_core.package_selection:Skipping not selected package 'cpp_pubsub' in 'task1_ws/src/cpp_pubsub'
[0.433s] INFO:colcon.colcon_core.package_selection:Skipping not selected package 'signal' in 'signal'
[0.433s] Level 5:colcon.colcon_core.verb:set package 'task1' build argument 'cmake_args' from command line to 'None'
[0.433s] Level 5:colcon.colcon_core.verb:set package 'task1' build argument 'cmake_target' from command line to 'None'
[0.433s] Level 5:colcon.colcon_core.verb:set package 'task1' build argument 'cmake_target_skip_unavailable' from command line to 'False'
[0.433s] Level 5:colcon.colcon_core.verb:set package 'task1' build argument 'cmake_clean_cache' from command line to 'False'
[0.433s] Level 5:colcon.colcon_core.verb:set package 'task1' build argument 'cmake_clean_first' from command line to 'False'
[0.433s] Level 5:colcon.colcon_core.verb:set package 'task1' build argument 'cmake_force_configure' from command line to 'False'
[0.433s] Level 5:colcon.colcon_core.verb:set package 'task1' build argument 'ament_cmake_args' from command line to 'None'
[0.433s] Level 5:colcon.colcon_core.verb:set package 'task1' build argument 'catkin_cmake_args' from command line to 'None'
[0.433s] Level 5:colcon.colcon_core.verb:set package 'task1' build argument 'catkin_skip_building_tests' from command line to 'False'
[0.433s] DEBUG:colcon.colcon_core.verb:Building package 'task1' with the following arguments: {'ament_cmake_args': None, 'build_base': '/workspaces/ros2project/build/task1', 'catkin_cmake_args': None, 'catkin_skip_building_tests': False, 'cmake_args': None, 'cmake_clean_cache': False, 'cmake_clean_first': False, 'cmake_force_configure': False, 'cmake_target': None, 'cmake_target_skip_unavailable': False, 'install_base': '/workspaces/ros2project/install/task1', 'merge_install': False, 'path': '/workspaces/ros2project/task1', 'symlink_install': False, 'test_result_base': None}
[0.434s] INFO:colcon.colcon_core.executor:Executing jobs using 'parallel' executor
[0.435s] DEBUG:colcon.colcon_parallel_executor.executor.parallel:run_until_complete
[0.435s] INFO:colcon.colcon_ros.task.ament_cmake.build:Building ROS package in '/workspaces/ros2project/task1' with build type 'ament_cmake'
[0.435s] INFO:colcon.colcon_cmake.task.cmake.build:Building CMake package in '/workspaces/ros2project/task1'
[0.440s] INFO:colcon.colcon_core.plugin_system:Skipping extension 'colcon_core.shell.bat': Not used on non-Windows systems
[0.440s] INFO:colcon.colcon_core.shell:Skip shell extension 'powershell' for command environment: Not usable outside of PowerShell
[0.440s] DEBUG:colcon.colcon_core.shell:Skip shell extension 'dsv' for command environment
[0.458s] DEBUG:colcon.colcon_core.event_handler.log_command:Invoking command in '/workspaces/ros2project/build/task1': CMAKE_PREFIX_PATH=${CMAKE_PREFIX_PATH}:/opt/ros/jazzy /usr/bin/cmake --build /workspaces/ros2project/build/task1 -- -j8 -l8
[9.105s] DEBUG:colcon.colcon_core.event_handler.log_command:Invoked command in '/workspaces/ros2project/build/task1' returned '0': CMAKE_PREFIX_PATH=${CMAKE_PREFIX_PATH}:/opt/ros/jazzy /usr/bin/cmake --build /workspaces/ros2project/build/task1 -- -j8 -l8
[9.116s] DEBUG:colcon.colcon_core.event_handler.log_command:Invoking command in '/workspaces/ros2project/build/task1': CMAKE_PREFIX_PATH=${CMAKE_PREFIX_PATH}:/opt/ros/jazzy /usr/bin/cmake --install /workspaces/ros2project/build/task1
[9.135s] Level 1:colcon.colcon_core.environment:create_environment_scripts_only(task1)
[9.136s] DEBUG:colcon.colcon_core.event_handler.log_command:Invoked command in '/workspaces/ros2project/build/task1' returned '0': CMAKE_PREFIX_PATH=${CMAKE_PREFIX_PATH}:/opt/ros/jazzy /usr/bin/cmake --install /workspaces/ros2project/build/task1
[9.143s] Level 1:colcon.colcon_core.environment:checking '/workspaces/ros2project/install/task1' for CMake module files
[9.145s] Level 1:colcon.colcon_core.environment:checking '/workspaces/ros2project/install/task1' for CMake config files
[9.145s] Level 1:colcon.colcon_core.shell:create_environment_hook('task1', 'cmake_prefix_path')
[9.146s] INFO:colcon.colcon_core.shell:Creating environment hook '/workspaces/ros2project/install/task1/share/task1/hook/cmake_prefix_path.ps1'
[9.147s] INFO:colcon.colcon_core.shell:Creating environment descriptor '/workspaces/ros2project/install/task1/share/task1/hook/cmake_prefix_path.dsv'
[9.148s] INFO:colcon.colcon_core.shell:Creating environment hook '/workspaces/ros2project/install/task1/share/task1/hook/cmake_prefix_path.sh'
[9.148s] Level 1:colcon.colcon_core.environment:checking '/workspaces/ros2project/install/task1/lib'
[9.149s] Level 1:colcon.colcon_core.environment:checking '/workspaces/ros2project/install/task1/bin'
[9.149s] Level 1:colcon.colcon_core.environment:checking '/workspaces/ros2project/install/task1/lib/pkgconfig/task1.pc'
[9.151s] Level 1:colcon.colcon_core.environment:checking '/workspaces/ros2project/install/task1/lib/python3.12/site-packages'
[9.151s] Level 1:colcon.colcon_core.environment:checking '/workspaces/ros2project/install/task1/bin'
[9.151s] INFO:colcon.colcon_core.shell:Creating package script '/workspaces/ros2project/install/task1/share/task1/package.ps1'
[9.153s] INFO:colcon.colcon_core.shell:Creating package descriptor '/workspaces/ros2project/install/task1/share/task1/package.dsv'
[9.154s] INFO:colcon.colcon_core.shell:Creating package script '/workspaces/ros2project/install/task1/share/task1/package.sh'
[9.155s] INFO:colcon.colcon_core.shell:Creating package script '/workspaces/ros2project/install/task1/share/task1/package.bash'
[9.156s] INFO:colcon.colcon_core.shell:Creating package script '/workspaces/ros2project/install/task1/share/task1/package.zsh'
[9.157s] Level 1:colcon.colcon_core.environment:create_file_with_runtime_dependencies(/workspaces/ros2project/install/task1/share/colcon-core/packages/task1)
[9.157s] Level 1:colcon.colcon_core.environment:create_environment_scripts_only(task1)
[9.157s] Level 1:colcon.colcon_core.environment:checking '/workspaces/ros2project/install/task1' for CMake module files
[9.158s] Level 1:colcon.colcon_core.environment:checking '/workspaces/ros2project/install/task1' for CMake config files
[9.158s] Level 1:colcon.colcon_core.shell:create_environment_hook('task1', 'cmake_prefix_path')
[9.158s] INFO:colcon.colcon_core.shell:Creating environment hook '/workspaces/ros2project/install/task1/share/task1/hook/cmake_prefix_path.ps1'
[9.159s] INFO:colcon.colcon_core.shell:Creating environment descriptor '/workspaces/ros2project/install/task1/share/task1/hook/cmake_prefix_path.dsv'
[9.159s] INFO:colcon.colcon_core.shell:Creating environment hook '/workspaces/ros2project/install/task1/share/task1/hook/cmake_prefix_path.sh'
[9.160s] Level 1:colcon.colcon_core.environment:checking '/workspaces/ros2project/install/task1/lib'
[9.160s] Level 1:colcon.colcon_core.environment:checking '/workspaces/ros2project/install/task1/bin'
[9.160s] Level 1:colcon.colcon_core.environment:checking '/workspaces/ros2project/install/task1/lib/pkgconfig/task1.pc'
[9.160s] Level 1:colcon.colcon_core.environment:checking '/workspaces/ros2project/install/task1/lib/python3.12/site-packages'
[9.161s] Level 1:colcon.colcon_core.environment:checking '/workspaces/ros2project/install/task1/bin'
[9.161s] INFO:colcon.colcon_core.shell:Creating package script '/workspaces/ros2project/install/task1/share/task1/package.ps1'
[9.162s] INFO:colcon.colcon_core.shell:Creating package descriptor '/workspaces/ros2project/install/task1/share/task1/package.dsv'
[9.162s] INFO:colcon.colcon_core.shell:Creating package script '/workspaces/ros2project/install/task1/share/task1/package.sh'
[9.163s] INFO:colcon.colcon_core.shell:Creating package script '/workspaces/ros2project/install/task1/share/task1/package.bash'
[9.163s] INFO:colcon.colcon_core.shell:Creating package script '/workspaces/ros2project/install/task1/share/task1/package.zsh'
[9.164s] Level 1:colcon.colcon_core.environment:create_file_with_runtime_dependencies(/workspaces/ros2project/install/task1/share/colcon-core/packages/task1)
[9.164s] DEBUG:colcon.colcon_parallel_executor.executor.parallel:closing loop
[9.165s] DEBUG:colcon.colcon_parallel_executor.executor.parallel:loop closed
[9.165s] DEBUG:colcon.colcon_parallel_executor.executor.parallel:run_until_complete finished with '0'
[9.165s] DEBUG:colcon.colcon_core.event_reactor:joining thread
[9.180s] INFO:colcon.colcon_core.plugin_system:Skipping extension 'colcon_notification.desktop_notification.notify_send': Could not find 'notify-send'
[9.181s] INFO:colcon.colcon_core.plugin_system:Skipping extension 'colcon_notification.desktop_notification.terminal_notifier': Not used on non-Darwin systems
[9.181s] INFO:colcon.colcon_core.plugin_system:Skipping extension 'colcon_notification.desktop_notification.win32': Not used on non-Windows systems
[9.181s] INFO:colcon.colcon_notification.desktop_notification:Sending desktop notification using 'notify2'
[9.184s] DEBUG:colcon.colcon_notification.desktop_notification.notify2:Failed to initialize notify2: org.freedesktop.DBus.Error.Spawn.ExecFailed: /usr/bin/dbus-launch terminated abnormally without any error message
[9.185s] DEBUG:colcon.colcon_core.event_reactor:joined thread
[9.185s] INFO:colcon.colcon_core.shell:Creating prefix script '/workspaces/ros2project/install/local_setup.ps1'
[9.187s] INFO:colcon.colcon_core.shell:Creating prefix util module '/workspaces/ros2project/install/_local_setup_util_ps1.py'
[9.188s] INFO:colcon.colcon_core.shell:Creating prefix chain script '/workspaces/ros2project/install/setup.ps1'
[9.190s] INFO:colcon.colcon_core.shell:Creating prefix script '/workspaces/ros2project/install/local_setup.sh'
[9.192s] INFO:colcon.colcon_core.shell:Creating prefix util module '/workspaces/ros2project/install/_local_setup_util_sh.py'
[9.192s] INFO:colcon.colcon_core.shell:Creating prefix chain script '/workspaces/ros2project/install/setup.sh'
[9.195s] INFO:colcon.colcon_core.shell:Creating prefix script '/workspaces/ros2project/install/local_setup.bash'
[9.196s] INFO:colcon.colcon_core.shell:Creating prefix chain script '/workspaces/ros2project/install/setup.bash'
[9.197s] INFO:colcon.colcon_core.shell:Creating prefix script '/workspaces/ros2project/install/local_setup.zsh'
[9.198s] INFO:colcon.colcon_core.shell:Creating prefix chain script '/workspaces/ros2project/install/setup.zsh'
