[0.030s] Invoking command in '/workspaces/ros2project/build/pid2': CMAKE_PREFIX_PATH=${CMAKE_PREFIX_PATH}:/opt/ros/jazzy /usr/bin/cmake --build /workspaces/ros2project/build/pid2 -- -j8 -l8
[0.158s] [ 50%] [32mBuilding CXX object CMakeFiles/pid.dir/src/pid.cpp.o[0m
[24.120s] [100%] [32m[1mLinking CXX executable pid[0m
[25.071s] [100%] Built target pid
[25.111s] Invoked command in '/workspaces/ros2project/build/pid2' returned '0': CMAKE_PREFIX_PATH=${CMAKE_PREFIX_PATH}:/opt/ros/jazzy /usr/bin/cmake --build /workspaces/ros2project/build/pid2 -- -j8 -l8
[25.136s] Invoking command in '/workspaces/ros2project/build/pid2': CMAKE_PREFIX_PATH=${CMAKE_PREFIX_PATH}:/opt/ros/jazzy /usr/bin/cmake --install /workspaces/ros2project/build/pid2
[25.160s] -- Install configuration: ""
[25.160s] -- Installing: /workspaces/ros2project/install/pid2/lib/pid2/pid
[25.172s] -- Set non-toolchain portion of runtime path of "/workspaces/ros2project/install/pid2/lib/pid2/pid" to ""
[25.173s] -- Up-to-date: /workspaces/ros2project/install/pid2/share/ament_index/resource_index/package_run_dependencies/pid2
[25.173s] -- Up-to-date: /workspaces/ros2project/install/pid2/share/ament_index/resource_index/parent_prefix_path/pid2
[25.173s] -- Up-to-date: /workspaces/ros2project/install/pid2/share/pid2/environment/ament_prefix_path.sh
[25.174s] -- Up-to-date: /workspaces/ros2project/install/pid2/share/pid2/environment/ament_prefix_path.dsv
[25.174s] -- Up-to-date: /workspaces/ros2project/install/pid2/share/pid2/environment/path.sh
[25.175s] -- Up-to-date: /workspaces/ros2project/install/pid2/share/pid2/environment/path.dsv
[25.175s] -- Up-to-date: /workspaces/ros2project/install/pid2/share/pid2/local_setup.bash
[25.176s] -- Up-to-date: /workspaces/ros2project/install/pid2/share/pid2/local_setup.sh
[25.179s] -- Up-to-date: /workspaces/ros2project/install/pid2/share/pid2/local_setup.zsh
[25.180s] -- Up-to-date: /workspaces/ros2project/install/pid2/share/pid2/local_setup.dsv
[25.188s] -- Installing: /workspaces/ros2project/install/pid2/share/pid2/package.dsv
[25.193s] -- Up-to-date: /workspaces/ros2project/install/pid2/share/ament_index/resource_index/packages/pid2
[25.193s] -- Up-to-date: /workspaces/ros2project/install/pid2/share/pid2/cmake/pid2Config.cmake
[25.193s] -- Up-to-date: /workspaces/ros2project/install/pid2/share/pid2/cmake/pid2Config-version.cmake
[25.193s] -- Up-to-date: /workspaces/ros2project/install/pid2/share/pid2/package.xml
[25.199s] Invoked command in '/workspaces/ros2project/build/pid2' returned '0': CMAKE_PREFIX_PATH=${CMAKE_PREFIX_PATH}:/opt/ros/jazzy /usr/bin/cmake --install /workspaces/ros2project/build/pid2
