[0.022s] Invoking command in '/workspaces/ros2project/build/task1': CMAKE_PREFIX_PATH=${CMAKE_PREFIX_PATH}:/opt/ros/jazzy /usr/bin/cmake --build /workspaces/ros2project/build/task1 -- -j8 -l8
[0.111s] -- Found ament_cmake: 2.5.4 (/opt/ros/jazzy/share/ament_cmake/cmake)
[0.322s] -- Found rclcpp: 28.1.10 (/opt/ros/jazzy/share/rclcpp/cmake)
[0.378s] -- Found rosidl_generator_c: 4.6.5 (/opt/ros/jazzy/share/rosidl_generator_c/cmake)
[0.390s] -- Found rosidl_generator_cpp: 4.6.5 (/opt/ros/jazzy/share/rosidl_generator_cpp/cmake)
[0.407s] -- Using all available rosidl_typesupport_c: rosidl_typesupport_fastrtps_c;rosidl_typesupport_introspection_c
[0.427s] -- Using all available rosidl_typesupport_cpp: rosidl_typesupport_fastrtps_cpp;rosidl_typesupport_introspection_cpp
[0.513s] -- Found rmw_implementation_cmake: 7.3.2 (/opt/ros/jazzy/share/rmw_implementation_cmake/cmake)
[0.517s] -- Found rmw_fastrtps_cpp: 8.4.2 (/opt/ros/jazzy/share/rmw_fastrtps_cpp/cmake)
[0.602s] -- Using RMW implementation 'rmw_fastrtps_cpp' as default
[0.686s] -- Found std_msgs: 5.3.6 (/opt/ros/jazzy/share/std_msgs/cmake)
[0.705s] -- Found ament_lint_auto: 0.17.2 (/opt/ros/jazzy/share/ament_lint_auto/cmake)
[0.802s] -- Added test 'cppcheck' to perform static code analysis on C / C++ code
[0.802s] -- Configured cppcheck include dirs: 
[0.802s] -- Configured cppcheck exclude dirs and/or files: 
[0.803s] -- Added test 'lint_cmake' to check CMake code style
[0.804s] -- Added test 'uncrustify' to check C / C++ code style
[0.804s] -- Configured uncrustify additional arguments: 
[0.804s] -- Added test 'xmllint' to check XML markup files
[0.807s] -- Configuring done (0.7s)
[0.829s] -- Generating done (0.0s)
[0.834s] -- Build files have been written to: /workspaces/ros2project/build/task1
[0.877s] [ 50%] [32mBuilding CXX object CMakeFiles/listener.dir/src/subscriber.cpp.o[0m
[0.877s] [ 50%] [32mBuilding CXX object CMakeFiles/talker.dir/src/publisher.cpp.o[0m
[5.944s] [ 75%] [32m[1mLinking CXX executable talker[0m
[6.193s] [ 75%] Built target talker
[8.803s] [100%] [32m[1mLinking CXX executable listener[0m
[9.039s] [100%] Built target listener
[9.051s] Invoked command in '/workspaces/ros2project/build/task1' returned '0': CMAKE_PREFIX_PATH=${CMAKE_PREFIX_PATH}:/opt/ros/jazzy /usr/bin/cmake --build /workspaces/ros2project/build/task1 -- -j8 -l8
[9.061s] Invoking command in '/workspaces/ros2project/build/task1': CMAKE_PREFIX_PATH=${CMAKE_PREFIX_PATH}:/opt/ros/jazzy /usr/bin/cmake --install /workspaces/ros2project/build/task1
[9.070s] -- Install configuration: ""
[9.070s] -- Installing: /workspaces/ros2project/install/task1/lib/task1/talker
[9.072s] -- Set non-toolchain portion of runtime path of "/workspaces/ros2project/install/task1/lib/task1/talker" to ""
[9.072s] -- Installing: /workspaces/ros2project/install/task1/lib/task1/listener
[9.076s] -- Set non-toolchain portion of runtime path of "/workspaces/ros2project/install/task1/lib/task1/listener" to ""
[9.076s] -- Up-to-date: /workspaces/ros2project/install/task1/share/ament_index/resource_index/package_run_dependencies/task1
[9.076s] -- Up-to-date: /workspaces/ros2project/install/task1/share/ament_index/resource_index/parent_prefix_path/task1
[9.076s] -- Up-to-date: /workspaces/ros2project/install/task1/share/task1/environment/ament_prefix_path.sh
[9.077s] -- Up-to-date: /workspaces/ros2project/install/task1/share/task1/environment/ament_prefix_path.dsv
[9.077s] -- Up-to-date: /workspaces/ros2project/install/task1/share/task1/environment/path.sh
[9.077s] -- Up-to-date: /workspaces/ros2project/install/task1/share/task1/environment/path.dsv
[9.077s] -- Up-to-date: /workspaces/ros2project/install/task1/share/task1/local_setup.bash
[9.077s] -- Up-to-date: /workspaces/ros2project/install/task1/share/task1/local_setup.sh
[9.077s] -- Up-to-date: /workspaces/ros2project/install/task1/share/task1/local_setup.zsh
[9.077s] -- Up-to-date: /workspaces/ros2project/install/task1/share/task1/local_setup.dsv
[9.077s] -- Up-to-date: /workspaces/ros2project/install/task1/share/task1/package.dsv
[9.077s] -- Up-to-date: /workspaces/ros2project/install/task1/share/ament_index/resource_index/packages/task1
[9.077s] -- Up-to-date: /workspaces/ros2project/install/task1/share/task1/cmake/task1Config.cmake
[9.077s] -- Up-to-date: /workspaces/ros2project/install/task1/share/task1/cmake/task1Config-version.cmake
[9.077s] -- Installing: /workspaces/ros2project/install/task1/share/task1/package.xml
[9.080s] Invoked command in '/workspaces/ros2project/build/task1' returned '0': CMAKE_PREFIX_PATH=${CMAKE_PREFIX_PATH}:/opt/ros/jazzy /usr/bin/cmake --install /workspaces/ros2project/build/task1
