[0.019s] Invoking command in '/workspaces/ros2project/build/task2': CMAKE_PREFIX_PATH=${CMAKE_PREFIX_PATH}:/opt/ros/jazzy /usr/bin/cmake /workspaces/ros2project/src/task2 -DCMAKE_INSTALL_PREFIX=/workspaces/ros2project/install/task2
[0.179s] -- The C compiler identification is GNU 14.2.0
[0.301s] -- The CXX compiler identification is GNU 14.2.0
[0.323s] -- Detecting C compiler ABI info
[0.420s] -- Detecting C compiler ABI info - done
[0.429s] -- Check for working C compiler: /usr/bin/cc - skipped
[0.430s] -- Detecting C compile features
[0.431s] -- Detecting C compile features - done
[0.441s] -- Detecting CXX compiler ABI info
[0.543s] -- Detecting CXX compiler ABI info - done
[0.552s] -- Check for working CXX compiler: /usr/bin/c++ - skipped
[0.552s] -- Detecting CXX compile features
[0.553s] -- Detecting CXX compile features - done
[0.569s] -- Found ament_cmake: 2.5.4 (/opt/ros/jazzy/share/ament_cmake/cmake)
[0.697s] -- Found Python3: /usr/bin/python3 (found version "3.12.3") found components: Interpreter 
[0.833s] -- Found rclcpp: 28.1.10 (/opt/ros/jazzy/share/rclcpp/cmake)
[0.895s] -- Found rosidl_generator_c: 4.6.5 (/opt/ros/jazzy/share/rosidl_generator_c/cmake)
[0.914s] -- Found rosidl_generator_cpp: 4.6.5 (/opt/ros/jazzy/share/rosidl_generator_cpp/cmake)
[0.939s] -- Using all available rosidl_typesupport_c: rosidl_typesupport_fastrtps_c;rosidl_typesupport_introspection_c
[0.964s] -- Using all available rosidl_typesupport_cpp: rosidl_typesupport_fastrtps_cpp;rosidl_typesupport_introspection_cpp
[1.067s] -- Found rmw_implementation_cmake: 7.3.2 (/opt/ros/jazzy/share/rmw_implementation_cmake/cmake)
[1.071s] -- Found rmw_fastrtps_cpp: 8.4.2 (/opt/ros/jazzy/share/rmw_fastrtps_cpp/cmake)
[1.177s] -- Found OpenSSL: /usr/lib/x86_64-linux-gnu/libcrypto.so (found version "3.0.13")  
[1.196s] -- Found FastRTPS: /opt/ros/jazzy/include (Required is at least version "2.13") 
[1.218s] -- Using RMW implementation 'rmw_fastrtps_cpp' as default
[1.322s] -- Found std_msgs: 5.3.6 (/opt/ros/jazzy/share/std_msgs/cmake)
[1.357s] -- Found ament_lint_auto: 0.17.2 (/opt/ros/jazzy/share/ament_lint_auto/cmake)
[1.478s] -- Added test 'cppcheck' to perform static code analysis on C / C++ code
[1.478s] -- Configured cppcheck include dirs: 
[1.478s] -- Configured cppcheck exclude dirs and/or files: 
[1.480s] -- Added test 'lint_cmake' to check CMake code style
[1.482s] -- Added test 'uncrustify' to check C / C++ code style
[1.482s] -- Configured uncrustify additional arguments: 
[1.483s] -- Added test 'xmllint' to check XML markup files
[1.485s] -- Configuring done (1.5s)
[1.495s] -- Generating done (0.0s)
[1.498s] -- Build files have been written to: /workspaces/ros2project/build/task2
[1.507s] Invoked command in '/workspaces/ros2project/build/task2' returned '0': CMAKE_PREFIX_PATH=${CMAKE_PREFIX_PATH}:/opt/ros/jazzy /usr/bin/cmake /workspaces/ros2project/src/task2 -DCMAKE_INSTALL_PREFIX=/workspaces/ros2project/install/task2
[1.509s] Invoking command in '/workspaces/ros2project/build/task2': CMAKE_PREFIX_PATH=${CMAKE_PREFIX_PATH}:/opt/ros/jazzy /usr/bin/cmake --build /workspaces/ros2project/build/task2 -- -j8 -l8
[1.550s] Invoked command in '/workspaces/ros2project/build/task2' returned '0': CMAKE_PREFIX_PATH=${CMAKE_PREFIX_PATH}:/opt/ros/jazzy /usr/bin/cmake --build /workspaces/ros2project/build/task2 -- -j8 -l8
[1.560s] Invoking command in '/workspaces/ros2project/build/task2': CMAKE_PREFIX_PATH=${CMAKE_PREFIX_PATH}:/opt/ros/jazzy /usr/bin/cmake --install /workspaces/ros2project/build/task2
[1.569s] -- Install configuration: ""
[1.569s] -- Installing: /workspaces/ros2project/install/task2/share/ament_index/resource_index/package_run_dependencies/task2
[1.570s] -- Installing: /workspaces/ros2project/install/task2/share/ament_index/resource_index/parent_prefix_path/task2
[1.570s] -- Installing: /workspaces/ros2project/install/task2/share/task2/environment/ament_prefix_path.sh
[1.570s] -- Installing: /workspaces/ros2project/install/task2/share/task2/environment/ament_prefix_path.dsv
[1.571s] -- Installing: /workspaces/ros2project/install/task2/share/task2/environment/path.sh
[1.571s] -- Installing: /workspaces/ros2project/install/task2/share/task2/environment/path.dsv
[1.571s] -- Installing: /workspaces/ros2project/install/task2/share/task2/local_setup.bash
[1.571s] -- Installing: /workspaces/ros2project/install/task2/share/task2/local_setup.sh
[1.571s] -- Installing: /workspaces/ros2project/install/task2/share/task2/local_setup.zsh
[1.571s] -- Installing: /workspaces/ros2project/install/task2/share/task2/local_setup.dsv
[1.571s] -- Installing: /workspaces/ros2project/install/task2/share/task2/package.dsv
[1.572s] -- Installing: /workspaces/ros2project/install/task2/share/ament_index/resource_index/packages/task2
[1.572s] -- Installing: /workspaces/ros2project/install/task2/share/task2/cmake/task2Config.cmake
[1.572s] -- Installing: /workspaces/ros2project/install/task2/share/task2/cmake/task2Config-version.cmake
[1.572s] -- Installing: /workspaces/ros2project/install/task2/share/task2/package.xml
[1.574s] Invoked command in '/workspaces/ros2project/build/task2' returned '0': CMAKE_PREFIX_PATH=${CMAKE_PREFIX_PATH}:/opt/ros/jazzy /usr/bin/cmake --install /workspaces/ros2project/build/task2
