[0.061s] Invoking command in '/workspaces/ros2project/build/pid2': CMAKE_PREFIX_PATH=${CMAKE_PREFIX_PATH}:/opt/ros/jazzy /usr/bin/cmake --build /workspaces/ros2project/build/pid2 -- -j8 -l8
[0.318s] [ 50%] [32mBuilding CXX object CMakeFiles/pid.dir/src/pid.cpp.o[0m
[35.637s] [100%] [32m[1mLinking CXX executable pid[0m
[36.640s] [100%] Built target pid
[36.712s] Invoked command in '/workspaces/ros2project/build/pid2' returned '0': CMAKE_PREFIX_PATH=${CMAKE_PREFIX_PATH}:/opt/ros/jazzy /usr/bin/cmake --build /workspaces/ros2project/build/pid2 -- -j8 -l8
[36.744s] Invoking command in '/workspaces/ros2project/build/pid2': CMAKE_PREFIX_PATH=${CMAKE_PREFIX_PATH}:/opt/ros/jazzy /usr/bin/cmake --install /workspaces/ros2project/build/pid2
[36.777s] -- Install configuration: ""
[36.778s] -- Installing: /workspaces/ros2project/install/pid2/lib/pid2/pid
[36.795s] -- Set non-toolchain portion of runtime path of "/workspaces/ros2project/install/pid2/lib/pid2/pid" to ""
[36.796s] -- Up-to-date: /workspaces/ros2project/install/pid2/share/ament_index/resource_index/package_run_dependencies/pid2
[36.796s] -- Up-to-date: /workspaces/ros2project/install/pid2/share/ament_index/resource_index/parent_prefix_path/pid2
[36.797s] -- Up-to-date: /workspaces/ros2project/install/pid2/share/pid2/environment/ament_prefix_path.sh
[36.797s] -- Up-to-date: /workspaces/ros2project/install/pid2/share/pid2/environment/ament_prefix_path.dsv
[36.797s] -- Up-to-date: /workspaces/ros2project/install/pid2/share/pid2/environment/path.sh
[36.797s] -- Up-to-date: /workspaces/ros2project/install/pid2/share/pid2/environment/path.dsv
[36.797s] -- Up-to-date: /workspaces/ros2project/install/pid2/share/pid2/local_setup.bash
[36.798s] -- Up-to-date: /workspaces/ros2project/install/pid2/share/pid2/local_setup.sh
[36.798s] -- Up-to-date: /workspaces/ros2project/install/pid2/share/pid2/local_setup.zsh
[36.798s] -- Up-to-date: /workspaces/ros2project/install/pid2/share/pid2/local_setup.dsv
[36.798s] -- Installing: /workspaces/ros2project/install/pid2/share/pid2/package.dsv
[36.798s] -- Up-to-date: /workspaces/ros2project/install/pid2/share/ament_index/resource_index/packages/pid2
[36.799s] -- Up-to-date: /workspaces/ros2project/install/pid2/share/pid2/cmake/pid2Config.cmake
[36.799s] -- Up-to-date: /workspaces/ros2project/install/pid2/share/pid2/cmake/pid2Config-version.cmake
[36.799s] -- Up-to-date: /workspaces/ros2project/install/pid2/share/pid2/package.xml
[36.807s] Invoked command in '/workspaces/ros2project/build/pid2' returned '0': CMAKE_PREFIX_PATH=${CMAKE_PREFIX_PATH}:/opt/ros/jazzy /usr/bin/cmake --install /workspaces/ros2project/build/pid2
