[0.058s] Invoking command in '/workspaces/ros2project/build/pid2': CMAKE_PREFIX_PATH=${CMAKE_PREFIX_PATH}:/opt/ros/jazzy /usr/bin/cmake --build /workspaces/ros2project/build/pid2 -- -j8 -l8
[0.359s] [ 50%] [32mBuilding CXX object CMakeFiles/pid.dir/src/pid.cpp.o[0m
[35.565s] [100%] [32m[1mLinking CXX executable pid[0m
[36.568s] [100%] Built target pid
[36.602s] Invoked command in '/workspaces/ros2project/build/pid2' returned '0': CMAKE_PREFIX_PATH=${CMAKE_PREFIX_PATH}:/opt/ros/jazzy /usr/bin/cmake --build /workspaces/ros2project/build/pid2 -- -j8 -l8
[36.647s] Invoking command in '/workspaces/ros2project/build/pid2': CMAKE_PREFIX_PATH=${CMAKE_PREFIX_PATH}:/opt/ros/jazzy /usr/bin/cmake --install /workspaces/ros2project/build/pid2
[36.675s] -- Install configuration: ""
[36.676s] -- Installing: /workspaces/ros2project/install/pid2/lib/pid2/pid
[36.695s] -- Set non-toolchain portion of runtime path of "/workspaces/ros2project/install/pid2/lib/pid2/pid" to ""
[36.696s] -- Up-to-date: /workspaces/ros2project/install/pid2/share/ament_index/resource_index/package_run_dependencies/pid2
[36.696s] -- Up-to-date: /workspaces/ros2project/install/pid2/share/ament_index/resource_index/parent_prefix_path/pid2
[36.696s] -- Up-to-date: /workspaces/ros2project/install/pid2/share/pid2/environment/ament_prefix_path.sh
[36.696s] -- Up-to-date: /workspaces/ros2project/install/pid2/share/pid2/environment/ament_prefix_path.dsv
[36.696s] -- Up-to-date: /workspaces/ros2project/install/pid2/share/pid2/environment/path.sh
[36.697s] -- Up-to-date: /workspaces/ros2project/install/pid2/share/pid2/environment/path.dsv
[36.697s] -- Up-to-date: /workspaces/ros2project/install/pid2/share/pid2/local_setup.bash
[36.698s] -- Up-to-date: /workspaces/ros2project/install/pid2/share/pid2/local_setup.sh
[36.699s] -- Up-to-date: /workspaces/ros2project/install/pid2/share/pid2/local_setup.zsh
[36.702s] -- Up-to-date: /workspaces/ros2project/install/pid2/share/pid2/local_setup.dsv
[36.704s] -- Installing: /workspaces/ros2project/install/pid2/share/pid2/package.dsv
[36.704s] -- Up-to-date: /workspaces/ros2project/install/pid2/share/ament_index/resource_index/packages/pid2
[36.705s] -- Up-to-date: /workspaces/ros2project/install/pid2/share/pid2/cmake/pid2Config.cmake
[36.705s] -- Up-to-date: /workspaces/ros2project/install/pid2/share/pid2/cmake/pid2Config-version.cmake
[36.705s] -- Up-to-date: /workspaces/ros2project/install/pid2/share/pid2/package.xml
[36.710s] Invoked command in '/workspaces/ros2project/build/pid2' returned '0': CMAKE_PREFIX_PATH=${CMAKE_PREFIX_PATH}:/opt/ros/jazzy /usr/bin/cmake --install /workspaces/ros2project/build/pid2
