[ 50%] [32mBuilding CXX object CMakeFiles/pid.dir/src/pid.cpp.o[0m
[100%] [32m[1mLinking CXX executable pid[0m
[100%] Built target pid
-- Install configuration: ""
-- Installing: /workspaces/ros2project/install/pid2/lib/pid2/pid
-- Set non-toolchain portion of runtime path of "/workspaces/ros2project/install/pid2/lib/pid2/pid" to ""
-- Up-to-date: /workspaces/ros2project/install/pid2/share/ament_index/resource_index/package_run_dependencies/pid2
-- Up-to-date: /workspaces/ros2project/install/pid2/share/ament_index/resource_index/parent_prefix_path/pid2
-- Up-to-date: /workspaces/ros2project/install/pid2/share/pid2/environment/ament_prefix_path.sh
-- Up-to-date: /workspaces/ros2project/install/pid2/share/pid2/environment/ament_prefix_path.dsv
-- Up-to-date: /workspaces/ros2project/install/pid2/share/pid2/environment/path.sh
-- Up-to-date: /workspaces/ros2project/install/pid2/share/pid2/environment/path.dsv
-- Up-to-date: /workspaces/ros2project/install/pid2/share/pid2/local_setup.bash
-- Up-to-date: /workspaces/ros2project/install/pid2/share/pid2/local_setup.sh
-- Up-to-date: /workspaces/ros2project/install/pid2/share/pid2/local_setup.zsh
-- Up-to-date: /workspaces/ros2project/install/pid2/share/pid2/local_setup.dsv
-- Installing: /workspaces/ros2project/install/pid2/share/pid2/package.dsv
-- Up-to-date: /workspaces/ros2project/install/pid2/share/ament_index/resource_index/packages/pid2
-- Up-to-date: /workspaces/ros2project/install/pid2/share/pid2/cmake/pid2Config.cmake
-- Up-to-date: /workspaces/ros2project/install/pid2/share/pid2/cmake/pid2Config-version.cmake
-- Up-to-date: /workspaces/ros2project/install/pid2/share/pid2/package.xml
