[0.188s] Invoking command in '/workspaces/ros2project/build/pid2': CMAKE_PREFIX_PATH=${CMAKE_PREFIX_PATH}:/opt/ros/jazzy /usr/bin/cmake --build /workspaces/ros2project/build/pid2 -- -j8 -l8
[0.795s] [ 50%] [32mBuilding CXX object CMakeFiles/pid.dir/src/pid.cpp.o[0m
[58.436s] [100%] [32m[1mLinking CXX executable pid[0m
[59.714s] [100%] Built target pid
[59.763s] Invoked command in '/workspaces/ros2project/build/pid2' returned '0': CMAKE_PREFIX_PATH=${CMAKE_PREFIX_PATH}:/opt/ros/jazzy /usr/bin/cmake --build /workspaces/ros2project/build/pid2 -- -j8 -l8
[59.838s] Invoking command in '/workspaces/ros2project/build/pid2': CMAKE_PREFIX_PATH=${CMAKE_PREFIX_PATH}:/opt/ros/jazzy /usr/bin/cmake --install /workspaces/ros2project/build/pid2
[59.877s] -- Install configuration: ""
[59.886s] -- Installing: /workspaces/ros2project/install/pid2/lib/pid2/pid
[59.905s] -- Set non-toolchain portion of runtime path of "/workspaces/ros2project/install/pid2/lib/pid2/pid" to ""
[59.905s] -- Up-to-date: /workspaces/ros2project/install/pid2/share/ament_index/resource_index/package_run_dependencies/pid2
[59.906s] -- Up-to-date: /workspaces/ros2project/install/pid2/share/ament_index/resource_index/parent_prefix_path/pid2
[59.906s] -- Up-to-date: /workspaces/ros2project/install/pid2/share/pid2/environment/ament_prefix_path.sh
[59.907s] -- Up-to-date: /workspaces/ros2project/install/pid2/share/pid2/environment/ament_prefix_path.dsv
[59.907s] -- Up-to-date: /workspaces/ros2project/install/pid2/share/pid2/environment/path.sh
[59.907s] -- Up-to-date: /workspaces/ros2project/install/pid2/share/pid2/environment/path.dsv
[59.907s] -- Up-to-date: /workspaces/ros2project/install/pid2/share/pid2/local_setup.bash
[59.907s] -- Up-to-date: /workspaces/ros2project/install/pid2/share/pid2/local_setup.sh
[59.907s] -- Up-to-date: /workspaces/ros2project/install/pid2/share/pid2/local_setup.zsh
[59.908s] -- Up-to-date: /workspaces/ros2project/install/pid2/share/pid2/local_setup.dsv
[59.912s] -- Installing: /workspaces/ros2project/install/pid2/share/pid2/package.dsv
[59.919s] -- Up-to-date: /workspaces/ros2project/install/pid2/share/ament_index/resource_index/packages/pid2
[59.920s] -- Up-to-date: /workspaces/ros2project/install/pid2/share/pid2/cmake/pid2Config.cmake
[59.921s] -- Up-to-date: /workspaces/ros2project/install/pid2/share/pid2/cmake/pid2Config-version.cmake
[59.921s] -- Up-to-date: /workspaces/ros2project/install/pid2/share/pid2/package.xml
[59.923s] Invoked command in '/workspaces/ros2project/build/pid2' returned '0': CMAKE_PREFIX_PATH=${CMAKE_PREFIX_PATH}:/opt/ros/jazzy /usr/bin/cmake --install /workspaces/ros2project/build/pid2
