[0.014s] Invoking command in '/workspaces/ros2project/build/task2': CMAKE_PREFIX_PATH=${CMAKE_PREFIX_PATH}:/opt/ros/jazzy /usr/bin/cmake --build /workspaces/ros2project/build/task2 -- -j8 -l8
[0.067s] [ 25%] [32mBuilding CXX object CMakeFiles/listener.dir/src/subscriber.cpp.o[0m
[0.071s] [ 50%] [32mBuilding CXX object CMakeFiles/talker.dir/src/publisher.cpp.o[0m
[5.076s] [ 75%] [32m[1mLinking CXX executable talker[0m
[5.291s] [ 75%] Built target talker
[8.362s] [100%] [32m[1mLinking CXX executable listener[0m
[8.622s] [100%] Built target listener
[8.635s] Invoked command in '/workspaces/ros2project/build/task2' returned '0': CMAKE_PREFIX_PATH=${CMAKE_PREFIX_PATH}:/opt/ros/jazzy /usr/bin/cmake --build /workspaces/ros2project/build/task2 -- -j8 -l8
[8.645s] Invoking command in '/workspaces/ros2project/build/task2': CMAKE_PREFIX_PATH=${CMAKE_PREFIX_PATH}:/opt/ros/jazzy /usr/bin/cmake --install /workspaces/ros2project/build/task2
[8.653s] -- Install configuration: ""
[8.653s] -- Installing: /workspaces/ros2project/install/task2/lib/task2/talker
[8.655s] -- Set non-toolchain portion of runtime path of "/workspaces/ros2project/install/task2/lib/task2/talker" to ""
[8.655s] -- Installing: /workspaces/ros2project/install/task2/lib/task2/listener
[8.661s] -- Set non-toolchain portion of runtime path of "/workspaces/ros2project/install/task2/lib/task2/listener" to ""
[8.661s] -- Up-to-date: /workspaces/ros2project/install/task2/share/ament_index/resource_index/package_run_dependencies/task2
[8.661s] -- Up-to-date: /workspaces/ros2project/install/task2/share/ament_index/resource_index/parent_prefix_path/task2
[8.662s] -- Up-to-date: /workspaces/ros2project/install/task2/share/task2/environment/ament_prefix_path.sh
[8.662s] -- Up-to-date: /workspaces/ros2project/install/task2/share/task2/environment/ament_prefix_path.dsv
[8.662s] -- Up-to-date: /workspaces/ros2project/install/task2/share/task2/environment/path.sh
[8.662s] -- Up-to-date: /workspaces/ros2project/install/task2/share/task2/environment/path.dsv
[8.663s] -- Up-to-date: /workspaces/ros2project/install/task2/share/task2/local_setup.bash
[8.663s] -- Up-to-date: /workspaces/ros2project/install/task2/share/task2/local_setup.sh
[8.663s] -- Up-to-date: /workspaces/ros2project/install/task2/share/task2/local_setup.zsh
[8.663s] -- Up-to-date: /workspaces/ros2project/install/task2/share/task2/local_setup.dsv
[8.663s] -- Installing: /workspaces/ros2project/install/task2/share/task2/package.dsv
[8.663s] -- Up-to-date: /workspaces/ros2project/install/task2/share/ament_index/resource_index/packages/task2
[8.663s] -- Up-to-date: /workspaces/ros2project/install/task2/share/task2/cmake/task2Config.cmake
[8.663s] -- Up-to-date: /workspaces/ros2project/install/task2/share/task2/cmake/task2Config-version.cmake
[8.663s] -- Up-to-date: /workspaces/ros2project/install/task2/share/task2/package.xml
[8.665s] Invoked command in '/workspaces/ros2project/build/task2' returned '0': CMAKE_PREFIX_PATH=${CMAKE_PREFIX_PATH}:/opt/ros/jazzy /usr/bin/cmake --install /workspaces/ros2project/build/task2
