[0.260s] Invoking command in '/workspaces/ros2project/build/pid2': CMAKE_PREFIX_PATH=${CMAKE_PREFIX_PATH}:/opt/ros/jazzy /usr/bin/cmake --build /workspaces/ros2project/build/pid2 -- -j8 -l8
[0.549s] [ 50%] [32mBuilding CXX object CMakeFiles/pid.dir/src/pid.cpp.o[0m
[36.490s] [100%] [32m[1mLinking CXX executable pid[0m
[37.750s] [100%] Built target pid
[37.790s] Invoked command in '/workspaces/ros2project/build/pid2' returned '0': CMAKE_PREFIX_PATH=${CMAKE_PREFIX_PATH}:/opt/ros/jazzy /usr/bin/cmake --build /workspaces/ros2project/build/pid2 -- -j8 -l8
[37.831s] Invoking command in '/workspaces/ros2project/build/pid2': CMAKE_PREFIX_PATH=${CMAKE_PREFIX_PATH}:/opt/ros/jazzy /usr/bin/cmake --install /workspaces/ros2project/build/pid2
[37.854s] -- Install configuration: ""
[37.855s] -- Installing: /workspaces/ros2project/install/pid2/lib/pid2/pid
[37.930s] -- Set non-toolchain portion of runtime path of "/workspaces/ros2project/install/pid2/lib/pid2/pid" to ""
[37.933s] -- Up-to-date: /workspaces/ros2project/install/pid2/share/ament_index/resource_index/package_run_dependencies/pid2
[37.933s] -- Up-to-date: /workspaces/ros2project/install/pid2/share/ament_index/resource_index/parent_prefix_path/pid2
[37.933s] -- Up-to-date: /workspaces/ros2project/install/pid2/share/pid2/environment/ament_prefix_path.sh
[37.934s] -- Up-to-date: /workspaces/ros2project/install/pid2/share/pid2/environment/ament_prefix_path.dsv
[37.934s] -- Up-to-date: /workspaces/ros2project/install/pid2/share/pid2/environment/path.sh
[37.934s] -- Up-to-date: /workspaces/ros2project/install/pid2/share/pid2/environment/path.dsv
[37.934s] -- Up-to-date: /workspaces/ros2project/install/pid2/share/pid2/local_setup.bash
[37.934s] -- Up-to-date: /workspaces/ros2project/install/pid2/share/pid2/local_setup.sh
[37.934s] -- Up-to-date: /workspaces/ros2project/install/pid2/share/pid2/local_setup.zsh
[37.935s] -- Up-to-date: /workspaces/ros2project/install/pid2/share/pid2/local_setup.dsv
[37.935s] -- Installing: /workspaces/ros2project/install/pid2/share/pid2/package.dsv
[37.936s] -- Up-to-date: /workspaces/ros2project/install/pid2/share/ament_index/resource_index/packages/pid2
[37.937s] -- Up-to-date: /workspaces/ros2project/install/pid2/share/pid2/cmake/pid2Config.cmake
[37.937s] -- Up-to-date: /workspaces/ros2project/install/pid2/share/pid2/cmake/pid2Config-version.cmake
[37.937s] -- Up-to-date: /workspaces/ros2project/install/pid2/share/pid2/package.xml
[37.944s] Invoked command in '/workspaces/ros2project/build/pid2' returned '0': CMAKE_PREFIX_PATH=${CMAKE_PREFIX_PATH}:/opt/ros/jazzy /usr/bin/cmake --install /workspaces/ros2project/build/pid2
