[0.022s] Invoking command in '/workspaces/ros2project/build/pid2': CMAKE_PREFIX_PATH=${CMAKE_PREFIX_PATH}:/opt/ros/jazzy /usr/bin/cmake --build /workspaces/ros2project/build/pid2 -- -j8 -l8
[0.114s] [ 50%] [32mBuilding CXX object CMakeFiles/pid.dir/src/pid.cpp.o[0m
[12.811s] [100%] [32m[1mLinking CXX executable pid[0m
[13.228s] [100%] Built target pid
[13.244s] Invoked command in '/workspaces/ros2project/build/pid2' returned '0': CMAKE_PREFIX_PATH=${CMAKE_PREFIX_PATH}:/opt/ros/jazzy /usr/bin/cmake --build /workspaces/ros2project/build/pid2 -- -j8 -l8
[13.259s] Invoking command in '/workspaces/ros2project/build/pid2': CMAKE_PREFIX_PATH=${CMAKE_PREFIX_PATH}:/opt/ros/jazzy /usr/bin/cmake --install /workspaces/ros2project/build/pid2
[13.274s] -- Install configuration: ""
[13.275s] -- Installing: /workspaces/ros2project/install/pid2/lib/pid2/pid
[13.282s] -- Set non-toolchain portion of runtime path of "/workspaces/ros2project/install/pid2/lib/pid2/pid" to ""
[13.283s] -- Up-to-date: /workspaces/ros2project/install/pid2/share/ament_index/resource_index/package_run_dependencies/pid2
[13.283s] -- Up-to-date: /workspaces/ros2project/install/pid2/share/ament_index/resource_index/parent_prefix_path/pid2
[13.283s] -- Up-to-date: /workspaces/ros2project/install/pid2/share/pid2/environment/ament_prefix_path.sh
[13.284s] -- Up-to-date: /workspaces/ros2project/install/pid2/share/pid2/environment/ament_prefix_path.dsv
[13.284s] -- Up-to-date: /workspaces/ros2project/install/pid2/share/pid2/environment/path.sh
[13.284s] -- Up-to-date: /workspaces/ros2project/install/pid2/share/pid2/environment/path.dsv
[13.284s] -- Up-to-date: /workspaces/ros2project/install/pid2/share/pid2/local_setup.bash
[13.285s] -- Up-to-date: /workspaces/ros2project/install/pid2/share/pid2/local_setup.sh
[13.285s] -- Up-to-date: /workspaces/ros2project/install/pid2/share/pid2/local_setup.zsh
[13.286s] -- Up-to-date: /workspaces/ros2project/install/pid2/share/pid2/local_setup.dsv
[13.286s] -- Installing: /workspaces/ros2project/install/pid2/share/pid2/package.dsv
[13.286s] -- Up-to-date: /workspaces/ros2project/install/pid2/share/ament_index/resource_index/packages/pid2
[13.286s] -- Up-to-date: /workspaces/ros2project/install/pid2/share/pid2/cmake/pid2Config.cmake
[13.287s] -- Up-to-date: /workspaces/ros2project/install/pid2/share/pid2/cmake/pid2Config-version.cmake
[13.288s] -- Up-to-date: /workspaces/ros2project/install/pid2/share/pid2/package.xml
[13.289s] Invoked command in '/workspaces/ros2project/build/pid2' returned '0': CMAKE_PREFIX_PATH=${CMAKE_PREFIX_PATH}:/opt/ros/jazzy /usr/bin/cmake --install /workspaces/ros2project/build/pid2
