[0.027s] Invoking command in '/workspaces/ros2project/build/task2': CMAKE_PREFIX_PATH=${CMAKE_PREFIX_PATH}:/opt/ros/jazzy /usr/bin/cmake --build /workspaces/ros2project/build/task2 -- -j8 -l8
[0.105s] -- Found ament_cmake: 2.5.4 (/opt/ros/jazzy/share/ament_cmake/cmake)
[0.316s] -- Found rclcpp: 28.1.10 (/opt/ros/jazzy/share/rclcpp/cmake)
[0.376s] -- Found rosidl_generator_c: 4.6.5 (/opt/ros/jazzy/share/rosidl_generator_c/cmake)
[0.388s] -- Found rosidl_generator_cpp: 4.6.5 (/opt/ros/jazzy/share/rosidl_generator_cpp/cmake)
[0.405s] -- Using all available rosidl_typesupport_c: rosidl_typesupport_fastrtps_c;rosidl_typesupport_introspection_c
[0.425s] -- Using all available rosidl_typesupport_cpp: rosidl_typesupport_fastrtps_cpp;rosidl_typesupport_introspection_cpp
[0.511s] -- Found rmw_implementation_cmake: 7.3.2 (/opt/ros/jazzy/share/rmw_implementation_cmake/cmake)
[0.514s] -- Found rmw_fastrtps_cpp: 8.4.2 (/opt/ros/jazzy/share/rmw_fastrtps_cpp/cmake)
[0.607s] -- Using RMW implementation 'rmw_fastrtps_cpp' as default
[0.698s] -- Found std_msgs: 5.3.6 (/opt/ros/jazzy/share/std_msgs/cmake)
[0.717s] -- Found ament_lint_auto: 0.17.2 (/opt/ros/jazzy/share/ament_lint_auto/cmake)
[0.826s] -- Added test 'cppcheck' to perform static code analysis on C / C++ code
[0.826s] -- Configured cppcheck include dirs: 
[0.826s] -- Configured cppcheck exclude dirs and/or files: 
[0.828s] -- Added test 'lint_cmake' to check CMake code style
[0.829s] -- Added test 'uncrustify' to check C / C++ code style
[0.829s] -- Configured uncrustify additional arguments: 
[0.830s] -- Added test 'xmllint' to check XML markup files
[0.832s] -- Configuring done (0.7s)
[0.857s] -- Generating done (0.0s)
[0.862s] -- Build files have been written to: /workspaces/ros2project/build/task2
[0.913s] [100%] Built target talker
[0.913s] [100%] Built target listener
[0.926s] Invoked command in '/workspaces/ros2project/build/task2' returned '0': CMAKE_PREFIX_PATH=${CMAKE_PREFIX_PATH}:/opt/ros/jazzy /usr/bin/cmake --build /workspaces/ros2project/build/task2 -- -j8 -l8
[0.938s] Invoking command in '/workspaces/ros2project/build/task2': CMAKE_PREFIX_PATH=${CMAKE_PREFIX_PATH}:/opt/ros/jazzy /usr/bin/cmake --install /workspaces/ros2project/build/task2
[0.945s] -- Install configuration: ""
[0.946s] -- Up-to-date: /workspaces/ros2project/install/task2/lib/task2/talker
[0.946s] -- Up-to-date: /workspaces/ros2project/install/task2/lib/task2/listener
[0.947s] -- Up-to-date: /workspaces/ros2project/install/task2/share/ament_index/resource_index/package_run_dependencies/task2
[0.947s] -- Up-to-date: /workspaces/ros2project/install/task2/share/ament_index/resource_index/parent_prefix_path/task2
[0.947s] -- Up-to-date: /workspaces/ros2project/install/task2/share/task2/environment/ament_prefix_path.sh
[0.947s] -- Up-to-date: /workspaces/ros2project/install/task2/share/task2/environment/ament_prefix_path.dsv
[0.947s] -- Up-to-date: /workspaces/ros2project/install/task2/share/task2/environment/path.sh
[0.948s] -- Up-to-date: /workspaces/ros2project/install/task2/share/task2/environment/path.dsv
[0.948s] -- Up-to-date: /workspaces/ros2project/install/task2/share/task2/local_setup.bash
[0.948s] -- Up-to-date: /workspaces/ros2project/install/task2/share/task2/local_setup.sh
[0.948s] -- Up-to-date: /workspaces/ros2project/install/task2/share/task2/local_setup.zsh
[0.948s] -- Up-to-date: /workspaces/ros2project/install/task2/share/task2/local_setup.dsv
[0.949s] -- Installing: /workspaces/ros2project/install/task2/share/task2/package.dsv
[0.949s] -- Up-to-date: /workspaces/ros2project/install/task2/share/ament_index/resource_index/packages/task2
[0.949s] -- Up-to-date: /workspaces/ros2project/install/task2/share/task2/cmake/task2Config.cmake
[0.949s] -- Up-to-date: /workspaces/ros2project/install/task2/share/task2/cmake/task2Config-version.cmake
[0.949s] -- Installing: /workspaces/ros2project/install/task2/share/task2/package.xml
[0.950s] Invoked command in '/workspaces/ros2project/build/task2' returned '0': CMAKE_PREFIX_PATH=${CMAKE_PREFIX_PATH}:/opt/ros/jazzy /usr/bin/cmake --install /workspaces/ros2project/build/task2
