[ 50%] [32mBuilding CXX object CMakeFiles/pid.dir/src/pid.cpp.o[0m
[100%] [32m[1mLinking CXX executable pid[0m
[100%] Built target pid
-- Install configuration: ""
-- Installing: /workspaces/ros2project/install/motor_pid/lib/motor_pid/pid
-- Set non-toolchain portion of runtime path of "/workspaces/ros2project/install/motor_pid/lib/motor_pid/pid" to ""
-- Up-to-date: /workspaces/ros2project/install/motor_pid/share/ament_index/resource_index/package_run_dependencies/motor_pid
-- Up-to-date: /workspaces/ros2project/install/motor_pid/share/ament_index/resource_index/parent_prefix_path/motor_pid
-- Up-to-date: /workspaces/ros2project/install/motor_pid/share/motor_pid/environment/ament_prefix_path.sh
-- Up-to-date: /workspaces/ros2project/install/motor_pid/share/motor_pid/environment/ament_prefix_path.dsv
-- Up-to-date: /workspaces/ros2project/install/motor_pid/share/motor_pid/environment/path.sh
-- Up-to-date: /workspaces/ros2project/install/motor_pid/share/motor_pid/environment/path.dsv
-- Up-to-date: /workspaces/ros2project/install/motor_pid/share/motor_pid/local_setup.bash
-- Up-to-date: /workspaces/ros2project/install/motor_pid/share/motor_pid/local_setup.sh
-- Up-to-date: /workspaces/ros2project/install/motor_pid/share/motor_pid/local_setup.zsh
-- Up-to-date: /workspaces/ros2project/install/motor_pid/share/motor_pid/local_setup.dsv
-- Installing: /workspaces/ros2project/install/motor_pid/share/motor_pid/package.dsv
-- Up-to-date: /workspaces/ros2project/install/motor_pid/share/ament_index/resource_index/packages/motor_pid
-- Up-to-date: /workspaces/ros2project/install/motor_pid/share/motor_pid/cmake/motor_pidConfig.cmake
-- Up-to-date: /workspaces/ros2project/install/motor_pid/share/motor_pid/cmake/motor_pidConfig-version.cmake
-- Up-to-date: /workspaces/ros2project/install/motor_pid/share/motor_pid/package.xml
