[0.023s] Invoking command in '/workspaces/ros2project/build/pid2': CMAKE_PREFIX_PATH=${CMAKE_PREFIX_PATH}:/opt/ros/jazzy /usr/bin/cmake --build /workspaces/ros2project/build/pid2 -- -j8 -l8
[0.107s] [ 50%] [32mBuilding CXX object CMakeFiles/pid.dir/src/pid.cpp.o[0m
[12.376s] [100%] [32m[1mLinking CXX executable pid[0m
[12.776s] [100%] Built target pid
[12.794s] Invoked command in '/workspaces/ros2project/build/pid2' returned '0': CMAKE_PREFIX_PATH=${CMAKE_PREFIX_PATH}:/opt/ros/jazzy /usr/bin/cmake --build /workspaces/ros2project/build/pid2 -- -j8 -l8
[12.810s] Invoking command in '/workspaces/ros2project/build/pid2': CMAKE_PREFIX_PATH=${CMAKE_PREFIX_PATH}:/opt/ros/jazzy /usr/bin/cmake --install /workspaces/ros2project/build/pid2
[12.821s] -- Install configuration: ""
[12.821s] -- Installing: /workspaces/ros2project/install/pid2/lib/pid2/pid
[12.827s] -- Set non-toolchain portion of runtime path of "/workspaces/ros2project/install/pid2/lib/pid2/pid" to ""
[12.828s] -- Up-to-date: /workspaces/ros2project/install/pid2/share/ament_index/resource_index/package_run_dependencies/pid2
[12.828s] -- Up-to-date: /workspaces/ros2project/install/pid2/share/ament_index/resource_index/parent_prefix_path/pid2
[12.828s] -- Up-to-date: /workspaces/ros2project/install/pid2/share/pid2/environment/ament_prefix_path.sh
[12.828s] -- Up-to-date: /workspaces/ros2project/install/pid2/share/pid2/environment/ament_prefix_path.dsv
[12.829s] -- Up-to-date: /workspaces/ros2project/install/pid2/share/pid2/environment/path.sh
[12.829s] -- Up-to-date: /workspaces/ros2project/install/pid2/share/pid2/environment/path.dsv
[12.829s] -- Up-to-date: /workspaces/ros2project/install/pid2/share/pid2/local_setup.bash
[12.829s] -- Up-to-date: /workspaces/ros2project/install/pid2/share/pid2/local_setup.sh
[12.829s] -- Up-to-date: /workspaces/ros2project/install/pid2/share/pid2/local_setup.zsh
[12.829s] -- Up-to-date: /workspaces/ros2project/install/pid2/share/pid2/local_setup.dsv
[12.829s] -- Installing: /workspaces/ros2project/install/pid2/share/pid2/package.dsv
[12.829s] -- Up-to-date: /workspaces/ros2project/install/pid2/share/ament_index/resource_index/packages/pid2
[12.829s] -- Up-to-date: /workspaces/ros2project/install/pid2/share/pid2/cmake/pid2Config.cmake
[12.830s] -- Up-to-date: /workspaces/ros2project/install/pid2/share/pid2/cmake/pid2Config-version.cmake
[12.830s] -- Up-to-date: /workspaces/ros2project/install/pid2/share/pid2/package.xml
[12.832s] Invoked command in '/workspaces/ros2project/build/pid2' returned '0': CMAKE_PREFIX_PATH=${CMAKE_PREFIX_PATH}:/opt/ros/jazzy /usr/bin/cmake --install /workspaces/ros2project/build/pid2
