[0.840s] DEBUG:colcon:Command line arguments: ['/usr/bin/colcon', 'build', '--packages-select', 'pid2']
[0.840s] DEBUG:colcon:Parsed command line arguments: Namespace(log_base=None, log_level=None, verb_name='build', build_base='build', install_base='install', merge_install=False, symlink_install=False, test_result_base=None, continue_on_error=False, executor='parallel', parallel_workers=8, event_handlers=None, ignore_user_meta=False, metas=['./colcon.meta'], base_paths=['.'], packages_ignore=None, packages_ignore_regex=None, paths=None, packages_up_to=None, packages_up_to_regex=None, packages_above=None, packages_above_and_dependencies=None, packages_above_depth=None, packages_select_by_dep=None, packages_skip_by_dep=None, packages_skip_up_to=None, packages_select_build_failed=False, packages_skip_build_finished=False, packages_select_test_failures=False, packages_skip_test_passed=False, packages_select=['pid2'], packages_skip=None, packages_select_regex=None, packages_skip_regex=None, packages_start=None, packages_end=None, cmake_args=None, cmake_target=None, cmake_target_skip_unavailable=False, cmake_clean_cache=False, cmake_clean_first=False, cmake_force_configure=False, ament_cmake_args=None, catkin_cmake_args=None, catkin_skip_building_tests=False, mixin_files=None, mixin=None, verb_parser=<colcon_mixin.mixin.mixin_argument.MixinArgumentDecorator object at 0x786ee2733ad0>, verb_extension=<colcon_core.verb.build.BuildVerb object at 0x786ee27337d0>, main=<bound method BuildVerb.main of <colcon_core.verb.build.BuildVerb object at 0x786ee27337d0>>, mixin_verb=('build',))
[1.133s] Level 1:colcon.colcon_core.package_discovery:discover_packages(colcon_meta) check parameters
[1.134s] Level 1:colcon.colcon_core.package_discovery:discover_packages(recursive) check parameters
[1.134s] Level 1:colcon.colcon_core.package_discovery:discover_packages(ignore) check parameters
[1.134s] Level 1:colcon.colcon_core.package_discovery:discover_packages(path) check parameters
[1.134s] Level 1:colcon.colcon_core.package_discovery:discover_packages(colcon_meta) discover
[1.134s] Level 1:colcon.colcon_core.package_discovery:discover_packages(recursive) discover
[1.134s] INFO:colcon.colcon_core.package_discovery:Crawling recursively for packages in '/workspaces/ros2project'
[1.135s] Level 1:colcon.colcon_core.package_identification:_identify(.) by extensions ['ignore', 'ignore_ament_install']
[1.135s] Level 1:colcon.colcon_core.package_identification:_identify(.) by extension 'ignore'
[1.135s] Level 1:colcon.colcon_core.package_identification:_identify(.) by extension 'ignore_ament_install'
[1.135s] Level 1:colcon.colcon_core.package_identification:_identify(.) by extensions ['colcon_pkg']
[1.135s] Level 1:colcon.colcon_core.package_identification:_identify(.) by extension 'colcon_pkg'
[1.135s] Level 1:colcon.colcon_core.package_identification:_identify(.) by extensions ['colcon_meta']
[1.135s] Level 1:colcon.colcon_core.package_identification:_identify(.) by extension 'colcon_meta'
[1.136s] Level 1:colcon.colcon_core.package_identification:_identify(.) by extensions ['ros']
[1.136s] Level 1:colcon.colcon_core.package_identification:_identify(.) by extension 'ros'
[1.347s] Level 1:colcon.colcon_core.package_identification:_identify(.) by extensions ['cmake', 'python']
[1.347s] Level 1:colcon.colcon_core.package_identification:_identify(.) by extension 'cmake'
[1.347s] Level 1:colcon.colcon_core.package_identification:_identify(.) by extension 'python'
[1.351s] Level 1:colcon.colcon_core.package_identification:_identify(.) by extensions ['python_setup_py']
[1.352s] Level 1:colcon.colcon_core.package_identification:_identify(.) by extension 'python_setup_py'
[1.353s] Level 1:colcon.colcon_core.package_identification:_identify(build) by extensions ['ignore', 'ignore_ament_install']
[1.353s] Level 1:colcon.colcon_core.package_identification:_identify(build) by extension 'ignore'
[1.353s] Level 1:colcon.colcon_core.package_identification:_identify(build) ignored
[1.353s] Level 1:colcon.colcon_core.package_identification:_identify(install) by extensions ['ignore', 'ignore_ament_install']
[1.354s] Level 1:colcon.colcon_core.package_identification:_identify(install) by extension 'ignore'
[1.354s] Level 1:colcon.colcon_core.package_identification:_identify(install) ignored
[1.354s] Level 1:colcon.colcon_core.package_identification:_identify(log) by extensions ['ignore', 'ignore_ament_install']
[1.354s] Level 1:colcon.colcon_core.package_identification:_identify(log) by extension 'ignore'
[1.354s] Level 1:colcon.colcon_core.package_identification:_identify(log) ignored
[1.362s] Level 1:colcon.colcon_core.package_identification:_identify(src) by extensions ['ignore', 'ignore_ament_install']
[1.363s] Level 1:colcon.colcon_core.package_identification:_identify(src) by extension 'ignore'
[1.363s] Level 1:colcon.colcon_core.package_identification:_identify(src) by extension 'ignore_ament_install'
[1.363s] Level 1:colcon.colcon_core.package_identification:_identify(src) by extensions ['colcon_pkg']
[1.363s] Level 1:colcon.colcon_core.package_identification:_identify(src) by extension 'colcon_pkg'
[1.363s] Level 1:colcon.colcon_core.package_identification:_identify(src) by extensions ['colcon_meta']
[1.363s] Level 1:colcon.colcon_core.package_identification:_identify(src) by extension 'colcon_meta'
[1.364s] Level 1:colcon.colcon_core.package_identification:_identify(src) by extensions ['ros']
[1.364s] Level 1:colcon.colcon_core.package_identification:_identify(src) by extension 'ros'
[1.365s] Level 1:colcon.colcon_core.package_identification:_identify(src) by extensions ['cmake', 'python']
[1.365s] Level 1:colcon.colcon_core.package_identification:_identify(src) by extension 'cmake'
[1.366s] Level 1:colcon.colcon_core.package_identification:_identify(src) by extension 'python'
[1.366s] Level 1:colcon.colcon_core.package_identification:_identify(src) by extensions ['python_setup_py']
[1.366s] Level 1:colcon.colcon_core.package_identification:_identify(src) by extension 'python_setup_py'
[1.366s] Level 1:colcon.colcon_core.package_identification:_identify(src/filter) by extensions ['ignore', 'ignore_ament_install']
[1.366s] Level 1:colcon.colcon_core.package_identification:_identify(src/filter) by extension 'ignore'
[1.367s] Level 1:colcon.colcon_core.package_identification:_identify(src/filter) by extension 'ignore_ament_install'
[1.367s] Level 1:colcon.colcon_core.package_identification:_identify(src/filter) by extensions ['colcon_pkg']
[1.367s] Level 1:colcon.colcon_core.package_identification:_identify(src/filter) by extension 'colcon_pkg'
[1.367s] Level 1:colcon.colcon_core.package_identification:_identify(src/filter) by extensions ['colcon_meta']
[1.367s] Level 1:colcon.colcon_core.package_identification:_identify(src/filter) by extension 'colcon_meta'
[1.367s] Level 1:colcon.colcon_core.package_identification:_identify(src/filter) by extensions ['ros']
[1.367s] Level 1:colcon.colcon_core.package_identification:_identify(src/filter) by extension 'ros'
[1.386s] DEBUG:colcon.colcon_core.package_identification:Package 'src/filter' with type 'ros.ament_cmake' and name 'filter'
[1.387s] Level 1:colcon.colcon_core.package_identification:_identify(src/motor_pid) by extensions ['ignore', 'ignore_ament_install']
[1.387s] Level 1:colcon.colcon_core.package_identification:_identify(src/motor_pid) by extension 'ignore'
[1.387s] Level 1:colcon.colcon_core.package_identification:_identify(src/motor_pid) by extension 'ignore_ament_install'
[1.387s] Level 1:colcon.colcon_core.package_identification:_identify(src/motor_pid) by extensions ['colcon_pkg']
[1.387s] Level 1:colcon.colcon_core.package_identification:_identify(src/motor_pid) by extension 'colcon_pkg'
[1.388s] Level 1:colcon.colcon_core.package_identification:_identify(src/motor_pid) by extensions ['colcon_meta']
[1.388s] Level 1:colcon.colcon_core.package_identification:_identify(src/motor_pid) by extension 'colcon_meta'
[1.388s] Level 1:colcon.colcon_core.package_identification:_identify(src/motor_pid) by extensions ['ros']
[1.388s] Level 1:colcon.colcon_core.package_identification:_identify(src/motor_pid) by extension 'ros'
[1.389s] DEBUG:colcon.colcon_core.package_identification:Package 'src/motor_pid' with type 'ros.ament_cmake' and name 'motor_pid'
[1.390s] Level 1:colcon.colcon_core.package_identification:_identify(src/motor_simulator) by extensions ['ignore', 'ignore_ament_install']
[1.390s] Level 1:colcon.colcon_core.package_identification:_identify(src/motor_simulator) by extension 'ignore'
[1.390s] Level 1:colcon.colcon_core.package_identification:_identify(src/motor_simulator) by extension 'ignore_ament_install'
[1.390s] Level 1:colcon.colcon_core.package_identification:_identify(src/motor_simulator) by extensions ['colcon_pkg']
[1.390s] Level 1:colcon.colcon_core.package_identification:_identify(src/motor_simulator) by extension 'colcon_pkg'
[1.390s] Level 1:colcon.colcon_core.package_identification:_identify(src/motor_simulator) by extensions ['colcon_meta']
[1.391s] Level 1:colcon.colcon_core.package_identification:_identify(src/motor_simulator) by extension 'colcon_meta'
[1.391s] Level 1:colcon.colcon_core.package_identification:_identify(src/motor_simulator) by extensions ['ros']
[1.391s] Level 1:colcon.colcon_core.package_identification:_identify(src/motor_simulator) by extension 'ros'
[1.396s] DEBUG:colcon.colcon_core.package_identification:Package 'src/motor_simulator' with type 'ros.ament_cmake' and name 'motor_simulator'
[1.396s] Level 1:colcon.colcon_core.package_identification:_identify(src/pid2) by extensions ['ignore', 'ignore_ament_install']
[1.396s] Level 1:colcon.colcon_core.package_identification:_identify(src/pid2) by extension 'ignore'
[1.397s] Level 1:colcon.colcon_core.package_identification:_identify(src/pid2) by extension 'ignore_ament_install'
[1.397s] Level 1:colcon.colcon_core.package_identification:_identify(src/pid2) by extensions ['colcon_pkg']
[1.397s] Level 1:colcon.colcon_core.package_identification:_identify(src/pid2) by extension 'colcon_pkg'
[1.397s] Level 1:colcon.colcon_core.package_identification:_identify(src/pid2) by extensions ['colcon_meta']
[1.397s] Level 1:colcon.colcon_core.package_identification:_identify(src/pid2) by extension 'colcon_meta'
[1.397s] Level 1:colcon.colcon_core.package_identification:_identify(src/pid2) by extensions ['ros']
[1.397s] Level 1:colcon.colcon_core.package_identification:_identify(src/pid2) by extension 'ros'
[1.407s] DEBUG:colcon.colcon_core.package_identification:Package 'src/pid2' with type 'ros.ament_cmake' and name 'pid2'
[1.408s] Level 1:colcon.colcon_core.package_identification:_identify(src/task1) by extensions ['ignore', 'ignore_ament_install']
[1.410s] Level 1:colcon.colcon_core.package_identification:_identify(src/task1) by extension 'ignore'
[1.410s] Level 1:colcon.colcon_core.package_identification:_identify(src/task1) by extension 'ignore_ament_install'
[1.410s] Level 1:colcon.colcon_core.package_identification:_identify(src/task1) by extensions ['colcon_pkg']
[1.410s] Level 1:colcon.colcon_core.package_identification:_identify(src/task1) by extension 'colcon_pkg'
[1.412s] Level 1:colcon.colcon_core.package_identification:_identify(src/task1) by extensions ['colcon_meta']
[1.413s] Level 1:colcon.colcon_core.package_identification:_identify(src/task1) by extension 'colcon_meta'
[1.413s] Level 1:colcon.colcon_core.package_identification:_identify(src/task1) by extensions ['ros']
[1.413s] Level 1:colcon.colcon_core.package_identification:_identify(src/task1) by extension 'ros'
[1.415s] DEBUG:colcon.colcon_core.package_identification:Package 'src/task1' with type 'ros.ament_cmake' and name 'task1'
[1.415s] Level 1:colcon.colcon_core.package_identification:_identify(src/task2) by extensions ['ignore', 'ignore_ament_install']
[1.416s] Level 1:colcon.colcon_core.package_identification:_identify(src/task2) by extension 'ignore'
[1.416s] Level 1:colcon.colcon_core.package_identification:_identify(src/task2) by extension 'ignore_ament_install'
[1.416s] Level 1:colcon.colcon_core.package_identification:_identify(src/task2) by extensions ['colcon_pkg']
[1.416s] Level 1:colcon.colcon_core.package_identification:_identify(src/task2) by extension 'colcon_pkg'
[1.416s] Level 1:colcon.colcon_core.package_identification:_identify(src/task2) by extensions ['colcon_meta']
[1.416s] Level 1:colcon.colcon_core.package_identification:_identify(src/task2) by extension 'colcon_meta'
[1.416s] Level 1:colcon.colcon_core.package_identification:_identify(src/task2) by extensions ['ros']
[1.417s] Level 1:colcon.colcon_core.package_identification:_identify(src/task2) by extension 'ros'
[1.427s] DEBUG:colcon.colcon_core.package_identification:Package 'src/task2' with type 'ros.ament_cmake' and name 'task2'
[1.427s] Level 1:colcon.colcon_core.package_discovery:discover_packages(recursive) using defaults
[1.427s] Level 1:colcon.colcon_core.package_discovery:discover_packages(ignore) discover
[1.427s] Level 1:colcon.colcon_core.package_discovery:discover_packages(ignore) using defaults
[1.427s] Level 1:colcon.colcon_core.package_discovery:discover_packages(path) discover
[1.427s] Level 1:colcon.colcon_core.package_discovery:discover_packages(path) using defaults
[1.572s] INFO:colcon.colcon_core.package_selection:Skipping not selected package 'filter' in 'src/filter'
[1.572s] INFO:colcon.colcon_core.package_selection:Skipping not selected package 'motor_pid' in 'src/motor_pid'
[1.572s] INFO:colcon.colcon_core.package_selection:Skipping not selected package 'motor_simulator' in 'src/motor_simulator'
[1.572s] INFO:colcon.colcon_core.package_selection:Skipping not selected package 'task1' in 'src/task1'
[1.572s] INFO:colcon.colcon_core.package_selection:Skipping not selected package 'task2' in 'src/task2'
[1.573s] Level 5:colcon.colcon_core.verb:set package 'pid2' build argument 'cmake_args' from command line to 'None'
[1.573s] Level 5:colcon.colcon_core.verb:set package 'pid2' build argument 'cmake_target' from command line to 'None'
[1.574s] Level 5:colcon.colcon_core.verb:set package 'pid2' build argument 'cmake_target_skip_unavailable' from command line to 'False'
[1.574s] Level 5:colcon.colcon_core.verb:set package 'pid2' build argument 'cmake_clean_cache' from command line to 'False'
[1.574s] Level 5:colcon.colcon_core.verb:set package 'pid2' build argument 'cmake_clean_first' from command line to 'False'
[1.574s] Level 5:colcon.colcon_core.verb:set package 'pid2' build argument 'cmake_force_configure' from command line to 'False'
[1.574s] Level 5:colcon.colcon_core.verb:set package 'pid2' build argument 'ament_cmake_args' from command line to 'None'
[1.577s] Level 5:colcon.colcon_core.verb:set package 'pid2' build argument 'catkin_cmake_args' from command line to 'None'
[1.583s] Level 5:colcon.colcon_core.verb:set package 'pid2' build argument 'catkin_skip_building_tests' from command line to 'False'
[1.583s] DEBUG:colcon.colcon_core.verb:Building package 'pid2' with the following arguments: {'ament_cmake_args': None, 'build_base': '/workspaces/ros2project/build/pid2', 'catkin_cmake_args': None, 'catkin_skip_building_tests': False, 'cmake_args': None, 'cmake_clean_cache': False, 'cmake_clean_first': False, 'cmake_force_configure': False, 'cmake_target': None, 'cmake_target_skip_unavailable': False, 'install_base': '/workspaces/ros2project/install/pid2', 'merge_install': False, 'path': '/workspaces/ros2project/src/pid2', 'symlink_install': False, 'test_result_base': None}
[1.583s] INFO:colcon.colcon_core.executor:Executing jobs using 'parallel' executor
[1.588s] DEBUG:colcon.colcon_parallel_executor.executor.parallel:run_until_complete
[1.589s] INFO:colcon.colcon_ros.task.ament_cmake.build:Building ROS package in '/workspaces/ros2project/src/pid2' with build type 'ament_cmake'
[1.590s] INFO:colcon.colcon_cmake.task.cmake.build:Building CMake package in '/workspaces/ros2project/src/pid2'
[1.618s] INFO:colcon.colcon_core.plugin_system:Skipping extension 'colcon_core.shell.bat': Not used on non-Windows systems
[1.618s] INFO:colcon.colcon_core.shell:Skip shell extension 'powershell' for command environment: Not usable outside of PowerShell
[1.618s] DEBUG:colcon.colcon_core.shell:Skip shell extension 'dsv' for command environment
[1.779s] DEBUG:colcon.colcon_core.event_handler.log_command:Invoking command in '/workspaces/ros2project/build/pid2': CMAKE_PREFIX_PATH=${CMAKE_PREFIX_PATH}:/opt/ros/jazzy /usr/bin/cmake --build /workspaces/ros2project/build/pid2 -- -j8 -l8
[61.353s] DEBUG:colcon.colcon_core.event_handler.log_command:Invoked command in '/workspaces/ros2project/build/pid2' returned '0': CMAKE_PREFIX_PATH=${CMAKE_PREFIX_PATH}:/opt/ros/jazzy /usr/bin/cmake --build /workspaces/ros2project/build/pid2 -- -j8 -l8
[61.429s] DEBUG:colcon.colcon_core.event_handler.log_command:Invoking command in '/workspaces/ros2project/build/pid2': CMAKE_PREFIX_PATH=${CMAKE_PREFIX_PATH}:/opt/ros/jazzy /usr/bin/cmake --install /workspaces/ros2project/build/pid2
[61.512s] Level 1:colcon.colcon_core.environment:create_environment_scripts_only(pid2)
[61.513s] DEBUG:colcon.colcon_core.event_handler.log_command:Invoked command in '/workspaces/ros2project/build/pid2' returned '0': CMAKE_PREFIX_PATH=${CMAKE_PREFIX_PATH}:/opt/ros/jazzy /usr/bin/cmake --install /workspaces/ros2project/build/pid2
[61.519s] Level 1:colcon.colcon_core.environment:checking '/workspaces/ros2project/install/pid2' for CMake module files
[61.531s] Level 1:colcon.colcon_core.environment:checking '/workspaces/ros2project/install/pid2' for CMake config files
[61.532s] Level 1:colcon.colcon_core.shell:create_environment_hook('pid2', 'cmake_prefix_path')
[61.532s] INFO:colcon.colcon_core.shell:Creating environment hook '/workspaces/ros2project/install/pid2/share/pid2/hook/cmake_prefix_path.ps1'
[61.536s] INFO:colcon.colcon_core.shell:Creating environment descriptor '/workspaces/ros2project/install/pid2/share/pid2/hook/cmake_prefix_path.dsv'
[61.544s] INFO:colcon.colcon_core.shell:Creating environment hook '/workspaces/ros2project/install/pid2/share/pid2/hook/cmake_prefix_path.sh'
[61.547s] Level 1:colcon.colcon_core.environment:checking '/workspaces/ros2project/install/pid2/lib'
[61.547s] Level 1:colcon.colcon_core.environment:checking '/workspaces/ros2project/install/pid2/bin'
[61.547s] Level 1:colcon.colcon_core.environment:checking '/workspaces/ros2project/install/pid2/lib/pkgconfig/pid2.pc'
[61.554s] Level 1:colcon.colcon_core.environment:checking '/workspaces/ros2project/install/pid2/lib/python3.12/site-packages'
[61.560s] Level 1:colcon.colcon_core.environment:checking '/workspaces/ros2project/install/pid2/bin'
[61.561s] INFO:colcon.colcon_core.shell:Creating package script '/workspaces/ros2project/install/pid2/share/pid2/package.ps1'
[61.564s] INFO:colcon.colcon_core.shell:Creating package descriptor '/workspaces/ros2project/install/pid2/share/pid2/package.dsv'
[61.565s] INFO:colcon.colcon_core.shell:Creating package script '/workspaces/ros2project/install/pid2/share/pid2/package.sh'
[61.566s] INFO:colcon.colcon_core.shell:Creating package script '/workspaces/ros2project/install/pid2/share/pid2/package.bash'
[61.578s] INFO:colcon.colcon_core.shell:Creating package script '/workspaces/ros2project/install/pid2/share/pid2/package.zsh'
[61.580s] Level 1:colcon.colcon_core.environment:create_file_with_runtime_dependencies(/workspaces/ros2project/install/pid2/share/colcon-core/packages/pid2)
[61.581s] Level 1:colcon.colcon_core.environment:create_environment_scripts_only(pid2)
[61.582s] Level 1:colcon.colcon_core.environment:checking '/workspaces/ros2project/install/pid2' for CMake module files
[61.583s] Level 1:colcon.colcon_core.environment:checking '/workspaces/ros2project/install/pid2' for CMake config files
[61.583s] Level 1:colcon.colcon_core.shell:create_environment_hook('pid2', 'cmake_prefix_path')
[61.584s] INFO:colcon.colcon_core.shell:Creating environment hook '/workspaces/ros2project/install/pid2/share/pid2/hook/cmake_prefix_path.ps1'
[61.585s] INFO:colcon.colcon_core.shell:Creating environment descriptor '/workspaces/ros2project/install/pid2/share/pid2/hook/cmake_prefix_path.dsv'
[61.586s] INFO:colcon.colcon_core.shell:Creating environment hook '/workspaces/ros2project/install/pid2/share/pid2/hook/cmake_prefix_path.sh'
[61.587s] Level 1:colcon.colcon_core.environment:checking '/workspaces/ros2project/install/pid2/lib'
[61.587s] Level 1:colcon.colcon_core.environment:checking '/workspaces/ros2project/install/pid2/bin'
[61.587s] Level 1:colcon.colcon_core.environment:checking '/workspaces/ros2project/install/pid2/lib/pkgconfig/pid2.pc'
[61.588s] Level 1:colcon.colcon_core.environment:checking '/workspaces/ros2project/install/pid2/lib/python3.12/site-packages'
[61.588s] Level 1:colcon.colcon_core.environment:checking '/workspaces/ros2project/install/pid2/bin'
[61.588s] INFO:colcon.colcon_core.shell:Creating package script '/workspaces/ros2project/install/pid2/share/pid2/package.ps1'
[61.598s] INFO:colcon.colcon_core.shell:Creating package descriptor '/workspaces/ros2project/install/pid2/share/pid2/package.dsv'
[61.602s] INFO:colcon.colcon_core.shell:Creating package script '/workspaces/ros2project/install/pid2/share/pid2/package.sh'
[61.603s] INFO:colcon.colcon_core.shell:Creating package script '/workspaces/ros2project/install/pid2/share/pid2/package.bash'
[61.605s] INFO:colcon.colcon_core.shell:Creating package script '/workspaces/ros2project/install/pid2/share/pid2/package.zsh'
[61.606s] Level 1:colcon.colcon_core.environment:create_file_with_runtime_dependencies(/workspaces/ros2project/install/pid2/share/colcon-core/packages/pid2)
[61.606s] DEBUG:colcon.colcon_parallel_executor.executor.parallel:closing loop
[61.608s] DEBUG:colcon.colcon_parallel_executor.executor.parallel:loop closed
[61.608s] DEBUG:colcon.colcon_parallel_executor.executor.parallel:run_until_complete finished with '0'
[61.609s] DEBUG:colcon.colcon_core.event_reactor:joining thread
[61.630s] INFO:colcon.colcon_core.plugin_system:Skipping extension 'colcon_notification.desktop_notification.notify_send': Could not find 'notify-send'
[61.631s] INFO:colcon.colcon_core.plugin_system:Skipping extension 'colcon_notification.desktop_notification.terminal_notifier': Not used on non-Darwin systems
[61.631s] INFO:colcon.colcon_core.plugin_system:Skipping extension 'colcon_notification.desktop_notification.win32': Not used on non-Windows systems
[61.631s] INFO:colcon.colcon_notification.desktop_notification:Sending desktop notification using 'notify2'
[61.639s] DEBUG:colcon.colcon_notification.desktop_notification.notify2:Failed to initialize notify2: org.freedesktop.DBus.Error.Spawn.ExecFailed: /usr/bin/dbus-launch terminated abnormally without any error message
[61.640s] DEBUG:colcon.colcon_core.event_reactor:joined thread
[61.641s] INFO:colcon.colcon_core.shell:Creating prefix script '/workspaces/ros2project/install/local_setup.ps1'
[61.655s] INFO:colcon.colcon_core.shell:Creating prefix util module '/workspaces/ros2project/install/_local_setup_util_ps1.py'
[61.661s] INFO:colcon.colcon_core.shell:Creating prefix chain script '/workspaces/ros2project/install/setup.ps1'
[61.664s] INFO:colcon.colcon_core.shell:Creating prefix script '/workspaces/ros2project/install/local_setup.sh'
[61.673s] INFO:colcon.colcon_core.shell:Creating prefix util module '/workspaces/ros2project/install/_local_setup_util_sh.py'
[61.675s] INFO:colcon.colcon_core.shell:Creating prefix chain script '/workspaces/ros2project/install/setup.sh'
[61.678s] INFO:colcon.colcon_core.shell:Creating prefix script '/workspaces/ros2project/install/local_setup.bash'
[61.680s] INFO:colcon.colcon_core.shell:Creating prefix chain script '/workspaces/ros2project/install/setup.bash'
[61.684s] INFO:colcon.colcon_core.shell:Creating prefix script '/workspaces/ros2project/install/local_setup.zsh'
[61.698s] INFO:colcon.colcon_core.shell:Creating prefix chain script '/workspaces/ros2project/install/setup.zsh'
