[0.023s] Invoking command in '/workspaces/ros2project/build/task1': CMAKE_PREFIX_PATH=${CMAKE_PREFIX_PATH}:/opt/ros/jazzy /usr/bin/cmake /workspaces/ros2project/task1 -DCMAKE_INSTALL_PREFIX=/workspaces/ros2project/install/task1
[0.263s] -- The C compiler identification is GNU 14.2.0
[0.388s] -- The CXX compiler identification is GNU 14.2.0
[0.414s] -- Detecting C compiler ABI info
[0.527s] -- Detecting C compiler ABI info - done
[0.534s] -- Check for working C compiler: /usr/bin/cc - skipped
[0.535s] -- Detecting C compile features
[0.536s] -- Detecting C compile features - done
[0.547s] -- Detecting CXX compiler ABI info
[0.647s] -- Detecting CXX compiler ABI info - done
[0.655s] -- Check for working CXX compiler: /usr/bin/c++ - skipped
[0.655s] -- Detecting CXX compile features
[0.656s] -- Detecting CXX compile features - done
[0.678s] -- Found ament_cmake: 2.5.4 (/opt/ros/jazzy/share/ament_cmake/cmake)
[0.797s] -- Found Python3: /usr/bin/python3 (found version "3.12.3") found components: Interpreter 
[0.928s] -- Found rclcpp: 28.1.10 (/opt/ros/jazzy/share/rclcpp/cmake)
[0.998s] -- Found rosidl_generator_c: 4.6.5 (/opt/ros/jazzy/share/rosidl_generator_c/cmake)
[1.016s] -- Found rosidl_generator_cpp: 4.6.5 (/opt/ros/jazzy/share/rosidl_generator_cpp/cmake)
[1.044s] -- Using all available rosidl_typesupport_c: rosidl_typesupport_fastrtps_c;rosidl_typesupport_introspection_c
[1.070s] -- Using all available rosidl_typesupport_cpp: rosidl_typesupport_fastrtps_cpp;rosidl_typesupport_introspection_cpp
[1.175s] -- Found rmw_implementation_cmake: 7.3.2 (/opt/ros/jazzy/share/rmw_implementation_cmake/cmake)
[1.216s] -- Found rmw_fastrtps_cpp: 8.4.2 (/opt/ros/jazzy/share/rmw_fastrtps_cpp/cmake)
[1.342s] -- Found OpenSSL: /usr/lib/x86_64-linux-gnu/libcrypto.so (found version "3.0.13")  
[1.363s] -- Found FastRTPS: /opt/ros/jazzy/include (Required is at least version "2.13") 
[1.384s] -- Using RMW implementation 'rmw_fastrtps_cpp' as default
[1.482s] -- Found std_msgs: 5.3.6 (/opt/ros/jazzy/share/std_msgs/cmake)
[1.501s] -- Found ament_lint_auto: 0.17.2 (/opt/ros/jazzy/share/ament_lint_auto/cmake)
[1.617s] -- Added test 'cppcheck' to perform static code analysis on C / C++ code
[1.617s] -- Configured cppcheck include dirs: 
[1.618s] -- Configured cppcheck exclude dirs and/or files: 
[1.620s] -- Added test 'lint_cmake' to check CMake code style
[1.621s] -- Added test 'uncrustify' to check C / C++ code style
[1.621s] -- Configured uncrustify additional arguments: 
[1.622s] -- Added test 'xmllint' to check XML markup files
[1.626s] -- Configuring done (1.5s)
[1.632s] -- Generating done (0.0s)
[1.635s] -- Build files have been written to: /workspaces/ros2project/build/task1
[1.644s] Invoked command in '/workspaces/ros2project/build/task1' returned '0': CMAKE_PREFIX_PATH=${CMAKE_PREFIX_PATH}:/opt/ros/jazzy /usr/bin/cmake /workspaces/ros2project/task1 -DCMAKE_INSTALL_PREFIX=/workspaces/ros2project/install/task1
[1.647s] Invoking command in '/workspaces/ros2project/build/task1': CMAKE_PREFIX_PATH=${CMAKE_PREFIX_PATH}:/opt/ros/jazzy /usr/bin/cmake --build /workspaces/ros2project/build/task1 -- -j8 -l8
[1.669s] -- Found ament_cmake: 2.5.4 (/opt/ros/jazzy/share/ament_cmake/cmake)
[1.840s] -- Found rclcpp: 28.1.10 (/opt/ros/jazzy/share/rclcpp/cmake)
[1.863s] -- Found rosidl_generator_c: 4.6.5 (/opt/ros/jazzy/share/rosidl_generator_c/cmake)
[1.870s] -- Found rosidl_generator_cpp: 4.6.5 (/opt/ros/jazzy/share/rosidl_generator_cpp/cmake)
[1.880s] -- Using all available rosidl_typesupport_c: rosidl_typesupport_fastrtps_c;rosidl_typesupport_introspection_c
[1.891s] -- Using all available rosidl_typesupport_cpp: rosidl_typesupport_fastrtps_cpp;rosidl_typesupport_introspection_cpp
[1.942s] -- Found rmw_implementation_cmake: 7.3.2 (/opt/ros/jazzy/share/rmw_implementation_cmake/cmake)
[1.943s] -- Found rmw_fastrtps_cpp: 8.4.2 (/opt/ros/jazzy/share/rmw_fastrtps_cpp/cmake)
[1.996s] -- Using RMW implementation 'rmw_fastrtps_cpp' as default
[2.050s] -- Found std_msgs: 5.3.6 (/opt/ros/jazzy/share/std_msgs/cmake)
[2.060s] -- Found ament_lint_auto: 0.17.2 (/opt/ros/jazzy/share/ament_lint_auto/cmake)
[2.144s] -- Added test 'cppcheck' to perform static code analysis on C / C++ code
[2.144s] -- Configured cppcheck include dirs: 
[2.144s] -- Configured cppcheck exclude dirs and/or files: 
[2.144s] -- Added test 'lint_cmake' to check CMake code style
[2.145s] -- Added test 'uncrustify' to check C / C++ code style
[2.145s] -- Configured uncrustify additional arguments: 
[2.145s] -- Added test 'xmllint' to check XML markup files
[2.145s] -- Configuring done (0.5s)
[2.150s] -- Generating done (0.0s)
[2.152s] -- Build files have been written to: /workspaces/ros2project/build/task1
[2.175s] Invoked command in '/workspaces/ros2project/build/task1' returned '0': CMAKE_PREFIX_PATH=${CMAKE_PREFIX_PATH}:/opt/ros/jazzy /usr/bin/cmake --build /workspaces/ros2project/build/task1 -- -j8 -l8
[2.185s] Invoking command in '/workspaces/ros2project/build/task1': CMAKE_PREFIX_PATH=${CMAKE_PREFIX_PATH}:/opt/ros/jazzy /usr/bin/cmake --install /workspaces/ros2project/build/task1
[2.192s] -- Install configuration: ""
[2.193s] -- Installing: /workspaces/ros2project/install/task1/share/ament_index/resource_index/package_run_dependencies/task1
[2.193s] -- Installing: /workspaces/ros2project/install/task1/share/ament_index/resource_index/parent_prefix_path/task1
[2.194s] -- Installing: /workspaces/ros2project/install/task1/share/task1/environment/ament_prefix_path.sh
[2.194s] -- Installing: /workspaces/ros2project/install/task1/share/task1/environment/ament_prefix_path.dsv
[2.194s] -- Installing: /workspaces/ros2project/install/task1/share/task1/environment/path.sh
[2.194s] -- Installing: /workspaces/ros2project/install/task1/share/task1/environment/path.dsv
[2.194s] -- Installing: /workspaces/ros2project/install/task1/share/task1/local_setup.bash
[2.195s] -- Installing: /workspaces/ros2project/install/task1/share/task1/local_setup.sh
[2.195s] -- Installing: /workspaces/ros2project/install/task1/share/task1/local_setup.zsh
[2.195s] -- Installing: /workspaces/ros2project/install/task1/share/task1/local_setup.dsv
[2.195s] -- Installing: /workspaces/ros2project/install/task1/share/task1/package.dsv
[2.195s] -- Installing: /workspaces/ros2project/install/task1/share/ament_index/resource_index/packages/task1
[2.195s] -- Installing: /workspaces/ros2project/install/task1/share/task1/cmake/task1Config.cmake
[2.195s] -- Installing: /workspaces/ros2project/install/task1/share/task1/cmake/task1Config-version.cmake
[2.196s] -- Installing: /workspaces/ros2project/install/task1/share/task1/package.xml
[2.197s] Invoked command in '/workspaces/ros2project/build/task1' returned '0': CMAKE_PREFIX_PATH=${CMAKE_PREFIX_PATH}:/opt/ros/jazzy /usr/bin/cmake --install /workspaces/ros2project/build/task1
