[0.021s] Invoking command in '/workspaces/ros2project/build/task2': CMAKE_PREFIX_PATH=${CMAKE_PREFIX_PATH}:/opt/ros/jazzy /usr/bin/cmake --build /workspaces/ros2project/build/task2 -- -j8 -l8
[0.138s] [ 50%] Built target listener
[0.143s] [ 75%] [32mBuilding CXX object CMakeFiles/talker.dir/src/publisher.cpp.o[0m
[4.698s] [100%] [32m[1mLinking CXX executable talker[0m
[4.914s] [100%] Built target talker
[4.927s] Invoked command in '/workspaces/ros2project/build/task2' returned '0': CMAKE_PREFIX_PATH=${CMAKE_PREFIX_PATH}:/opt/ros/jazzy /usr/bin/cmake --build /workspaces/ros2project/build/task2 -- -j8 -l8
[4.938s] Invoking command in '/workspaces/ros2project/build/task2': CMAKE_PREFIX_PATH=${CMAKE_PREFIX_PATH}:/opt/ros/jazzy /usr/bin/cmake --install /workspaces/ros2project/build/task2
[4.947s] -- Install configuration: ""
[4.949s] -- Installing: /workspaces/ros2project/install/task2/lib/task2/talker
[4.950s] -- Set non-toolchain portion of runtime path of "/workspaces/ros2project/install/task2/lib/task2/talker" to ""
[4.951s] -- Up-to-date: /workspaces/ros2project/install/task2/lib/task2/listener
[4.951s] -- Up-to-date: /workspaces/ros2project/install/task2/share/ament_index/resource_index/package_run_dependencies/task2
[4.951s] -- Up-to-date: /workspaces/ros2project/install/task2/share/ament_index/resource_index/parent_prefix_path/task2
[4.952s] -- Up-to-date: /workspaces/ros2project/install/task2/share/task2/environment/ament_prefix_path.sh
[4.952s] -- Up-to-date: /workspaces/ros2project/install/task2/share/task2/environment/ament_prefix_path.dsv
[4.952s] -- Up-to-date: /workspaces/ros2project/install/task2/share/task2/environment/path.sh
[4.952s] -- Up-to-date: /workspaces/ros2project/install/task2/share/task2/environment/path.dsv
[4.952s] -- Up-to-date: /workspaces/ros2project/install/task2/share/task2/local_setup.bash
[4.952s] -- Up-to-date: /workspaces/ros2project/install/task2/share/task2/local_setup.sh
[4.952s] -- Up-to-date: /workspaces/ros2project/install/task2/share/task2/local_setup.zsh
[4.953s] -- Up-to-date: /workspaces/ros2project/install/task2/share/task2/local_setup.dsv
[4.953s] -- Installing: /workspaces/ros2project/install/task2/share/task2/package.dsv
[4.953s] -- Up-to-date: /workspaces/ros2project/install/task2/share/ament_index/resource_index/packages/task2
[4.953s] -- Up-to-date: /workspaces/ros2project/install/task2/share/task2/cmake/task2Config.cmake
[4.953s] -- Up-to-date: /workspaces/ros2project/install/task2/share/task2/cmake/task2Config-version.cmake
[4.953s] -- Up-to-date: /workspaces/ros2project/install/task2/share/task2/package.xml
[4.955s] Invoked command in '/workspaces/ros2project/build/task2' returned '0': CMAKE_PREFIX_PATH=${CMAKE_PREFIX_PATH}:/opt/ros/jazzy /usr/bin/cmake --install /workspaces/ros2project/build/task2
