[0.024s] Invoking command in '/workspaces/ros2project/build/pid2': CMAKE_PREFIX_PATH=${CMAKE_PREFIX_PATH}:/opt/ros/jazzy /usr/bin/cmake --build /workspaces/ros2project/build/pid2 -- -j8 -l8
[0.115s] [ 50%] [32mBuilding CXX object CMakeFiles/pid.dir/src/pid.cpp.o[0m
[12.759s] [100%] [32m[1mLinking CXX executable pid[0m
[13.194s] [100%] Built target pid
[13.214s] Invoked command in '/workspaces/ros2project/build/pid2' returned '0': CMAKE_PREFIX_PATH=${CMAKE_PREFIX_PATH}:/opt/ros/jazzy /usr/bin/cmake --build /workspaces/ros2project/build/pid2 -- -j8 -l8
[13.233s] Invoking command in '/workspaces/ros2project/build/pid2': CMAKE_PREFIX_PATH=${CMAKE_PREFIX_PATH}:/opt/ros/jazzy /usr/bin/cmake --install /workspaces/ros2project/build/pid2
[13.244s] -- Install configuration: ""
[13.244s] -- Installing: /workspaces/ros2project/install/pid2/lib/pid2/pid
[13.251s] -- Set non-toolchain portion of runtime path of "/workspaces/ros2project/install/pid2/lib/pid2/pid" to ""
[13.252s] -- Up-to-date: /workspaces/ros2project/install/pid2/share/ament_index/resource_index/package_run_dependencies/pid2
[13.252s] -- Up-to-date: /workspaces/ros2project/install/pid2/share/ament_index/resource_index/parent_prefix_path/pid2
[13.252s] -- Up-to-date: /workspaces/ros2project/install/pid2/share/pid2/environment/ament_prefix_path.sh
[13.253s] -- Up-to-date: /workspaces/ros2project/install/pid2/share/pid2/environment/ament_prefix_path.dsv
[13.253s] -- Up-to-date: /workspaces/ros2project/install/pid2/share/pid2/environment/path.sh
[13.253s] -- Up-to-date: /workspaces/ros2project/install/pid2/share/pid2/environment/path.dsv
[13.253s] -- Up-to-date: /workspaces/ros2project/install/pid2/share/pid2/local_setup.bash
[13.254s] -- Up-to-date: /workspaces/ros2project/install/pid2/share/pid2/local_setup.sh
[13.254s] -- Up-to-date: /workspaces/ros2project/install/pid2/share/pid2/local_setup.zsh
[13.254s] -- Up-to-date: /workspaces/ros2project/install/pid2/share/pid2/local_setup.dsv
[13.255s] -- Installing: /workspaces/ros2project/install/pid2/share/pid2/package.dsv
[13.255s] -- Up-to-date: /workspaces/ros2project/install/pid2/share/ament_index/resource_index/packages/pid2
[13.256s] -- Up-to-date: /workspaces/ros2project/install/pid2/share/pid2/cmake/pid2Config.cmake
[13.256s] -- Up-to-date: /workspaces/ros2project/install/pid2/share/pid2/cmake/pid2Config-version.cmake
[13.258s] -- Up-to-date: /workspaces/ros2project/install/pid2/share/pid2/package.xml
[13.258s] Invoked command in '/workspaces/ros2project/build/pid2' returned '0': CMAKE_PREFIX_PATH=${CMAKE_PREFIX_PATH}:/opt/ros/jazzy /usr/bin/cmake --install /workspaces/ros2project/build/pid2
