[0.077s] Invoking command in '/workspaces/ros2project/build/pid2': CMAKE_PREFIX_PATH=${CMAKE_PREFIX_PATH}:/opt/ros/jazzy /usr/bin/cmake --build /workspaces/ros2project/build/pid2 -- -j8 -l8
[0.325s] [ 50%] [32mBuilding CXX object CMakeFiles/pid.dir/src/pid.cpp.o[0m
[39.564s] [100%] [32m[1mLinking CXX executable pid[0m
[40.727s] [100%] Built target pid
[40.776s] Invoked command in '/workspaces/ros2project/build/pid2' returned '0': CMAKE_PREFIX_PATH=${CMAKE_PREFIX_PATH}:/opt/ros/jazzy /usr/bin/cmake --build /workspaces/ros2project/build/pid2 -- -j8 -l8
[40.821s] Invoking command in '/workspaces/ros2project/build/pid2': CMAKE_PREFIX_PATH=${CMAKE_PREFIX_PATH}:/opt/ros/jazzy /usr/bin/cmake --install /workspaces/ros2project/build/pid2
[40.857s] -- Install configuration: ""
[40.861s] -- Installing: /workspaces/ros2project/install/pid2/lib/pid2/pid
[40.868s] -- Set non-toolchain portion of runtime path of "/workspaces/ros2project/install/pid2/lib/pid2/pid" to ""
[40.869s] -- Up-to-date: /workspaces/ros2project/install/pid2/share/ament_index/resource_index/package_run_dependencies/pid2
[40.870s] -- Up-to-date: /workspaces/ros2project/install/pid2/share/ament_index/resource_index/parent_prefix_path/pid2
[40.870s] -- Up-to-date: /workspaces/ros2project/install/pid2/share/pid2/environment/ament_prefix_path.sh
[40.870s] -- Up-to-date: /workspaces/ros2project/install/pid2/share/pid2/environment/ament_prefix_path.dsv
[40.870s] -- Up-to-date: /workspaces/ros2project/install/pid2/share/pid2/environment/path.sh
[40.870s] -- Up-to-date: /workspaces/ros2project/install/pid2/share/pid2/environment/path.dsv
[40.871s] -- Up-to-date: /workspaces/ros2project/install/pid2/share/pid2/local_setup.bash
[40.871s] -- Up-to-date: /workspaces/ros2project/install/pid2/share/pid2/local_setup.sh
[40.872s] -- Up-to-date: /workspaces/ros2project/install/pid2/share/pid2/local_setup.zsh
[40.872s] -- Up-to-date: /workspaces/ros2project/install/pid2/share/pid2/local_setup.dsv
[40.872s] -- Installing: /workspaces/ros2project/install/pid2/share/pid2/package.dsv
[40.875s] -- Up-to-date: /workspaces/ros2project/install/pid2/share/ament_index/resource_index/packages/pid2
[40.875s] -- Up-to-date: /workspaces/ros2project/install/pid2/share/pid2/cmake/pid2Config.cmake
[40.875s] -- Up-to-date: /workspaces/ros2project/install/pid2/share/pid2/cmake/pid2Config-version.cmake
[40.875s] -- Up-to-date: /workspaces/ros2project/install/pid2/share/pid2/package.xml
[40.883s] Invoked command in '/workspaces/ros2project/build/pid2' returned '0': CMAKE_PREFIX_PATH=${CMAKE_PREFIX_PATH}:/opt/ros/jazzy /usr/bin/cmake --install /workspaces/ros2project/build/pid2
