[0.021s] Invoking command in '/workspaces/ros2project/build/cpp_pubsub': CMAKE_PREFIX_PATH=${CMAKE_PREFIX_PATH}:/opt/ros/jazzy /usr/bin/cmake /workspaces/ros2project/ros2_ws/src/cpp_pubsub -DCMAKE_INSTALL_PREFIX=/workspaces/ros2project/install/cpp_pubsub
[0.236s] -- The C compiler identification is GNU 14.2.0
[0.352s] -- The CXX compiler identification is GNU 14.2.0
[0.373s] -- Detecting C compiler ABI info
[0.472s] -- Detecting C compiler ABI info - done
[0.480s] -- Check for working C compiler: /usr/bin/cc - skipped
[0.481s] -- Detecting C compile features
[0.482s] -- Detecting C compile features - done
[0.493s] -- Detecting CXX compiler ABI info
[0.593s] -- Detecting CXX compiler ABI info - done
[0.601s] -- Check for working CXX compiler: /usr/bin/c++ - skipped
[0.601s] -- Detecting CXX compile features
[0.601s] -- Detecting CXX compile features - done
[0.621s] -- Found ament_cmake: 2.5.4 (/opt/ros/jazzy/share/ament_cmake/cmake)
[0.734s] -- Found Python3: /usr/bin/python3 (found version "3.12.3") found components: Interpreter 
[0.850s] -- Found rclcpp: 28.1.10 (/opt/ros/jazzy/share/rclcpp/cmake)
[0.912s] -- Found rosidl_generator_c: 4.6.5 (/opt/ros/jazzy/share/rosidl_generator_c/cmake)
[0.929s] -- Found rosidl_generator_cpp: 4.6.5 (/opt/ros/jazzy/share/rosidl_generator_cpp/cmake)
[0.952s] -- Using all available rosidl_typesupport_c: rosidl_typesupport_fastrtps_c;rosidl_typesupport_introspection_c
[0.975s] -- Using all available rosidl_typesupport_cpp: rosidl_typesupport_fastrtps_cpp;rosidl_typesupport_introspection_cpp
[1.073s] -- Found rmw_implementation_cmake: 7.3.2 (/opt/ros/jazzy/share/rmw_implementation_cmake/cmake)
[1.077s] -- Found rmw_fastrtps_cpp: 8.4.2 (/opt/ros/jazzy/share/rmw_fastrtps_cpp/cmake)
[1.171s] -- Found OpenSSL: /usr/lib/x86_64-linux-gnu/libcrypto.so (found version "3.0.13")  
[1.192s] -- Found FastRTPS: /opt/ros/jazzy/include (Required is at least version "2.13") 
[1.212s] -- Using RMW implementation 'rmw_fastrtps_cpp' as default
[1.303s] -- Found std_msgs: 5.3.6 (/opt/ros/jazzy/share/std_msgs/cmake)
[1.326s] -- Found ament_lint_auto: 0.17.2 (/opt/ros/jazzy/share/ament_lint_auto/cmake)
[1.433s] -- Added test 'cppcheck' to perform static code analysis on C / C++ code
[1.433s] -- Configured cppcheck include dirs: 
[1.433s] -- Configured cppcheck exclude dirs and/or files: 
[1.435s] -- Added test 'lint_cmake' to check CMake code style
[1.436s] -- Added test 'uncrustify' to check C / C++ code style
[1.436s] -- Configured uncrustify additional arguments: 
[1.437s] -- Added test 'xmllint' to check XML markup files
[1.439s] -- Configuring done (1.3s)
[1.453s] -- Generating done (0.0s)
[1.458s] -- Build files have been written to: /workspaces/ros2project/build/cpp_pubsub
[1.467s] Invoked command in '/workspaces/ros2project/build/cpp_pubsub' returned '0': CMAKE_PREFIX_PATH=${CMAKE_PREFIX_PATH}:/opt/ros/jazzy /usr/bin/cmake /workspaces/ros2project/ros2_ws/src/cpp_pubsub -DCMAKE_INSTALL_PREFIX=/workspaces/ros2project/install/cpp_pubsub
[1.469s] Invoking command in '/workspaces/ros2project/build/cpp_pubsub': CMAKE_PREFIX_PATH=${CMAKE_PREFIX_PATH}:/opt/ros/jazzy /usr/bin/cmake --build /workspaces/ros2project/build/cpp_pubsub -- -j8 -l8
[1.514s] [ 50%] [32mBuilding CXX object CMakeFiles/talker.dir/src/publisher_member_function.cpp.o[0m
[1.515s] [ 50%] [32mBuilding CXX object CMakeFiles/listener.dir/src/subscriber_member_function.cpp.o[0m
[7.501s] [ 75%] [32m[1mLinking CXX executable talker[0m
[7.788s] [ 75%] Built target talker
[11.438s] [100%] [32m[1mLinking CXX executable listener[0m
[11.717s] [100%] Built target listener
[11.732s] Invoked command in '/workspaces/ros2project/build/cpp_pubsub' returned '0': CMAKE_PREFIX_PATH=${CMAKE_PREFIX_PATH}:/opt/ros/jazzy /usr/bin/cmake --build /workspaces/ros2project/build/cpp_pubsub -- -j8 -l8
[11.743s] Invoking command in '/workspaces/ros2project/build/cpp_pubsub': CMAKE_PREFIX_PATH=${CMAKE_PREFIX_PATH}:/opt/ros/jazzy /usr/bin/cmake --install /workspaces/ros2project/build/cpp_pubsub
[11.752s] -- Install configuration: ""
[11.753s] -- Installing: /workspaces/ros2project/install/cpp_pubsub/lib/cpp_pubsub/talker
[11.754s] -- Set non-toolchain portion of runtime path of "/workspaces/ros2project/install/cpp_pubsub/lib/cpp_pubsub/talker" to ""
[11.755s] -- Installing: /workspaces/ros2project/install/cpp_pubsub/lib/cpp_pubsub/listener
[11.760s] -- Set non-toolchain portion of runtime path of "/workspaces/ros2project/install/cpp_pubsub/lib/cpp_pubsub/listener" to ""
[11.761s] -- Installing: /workspaces/ros2project/install/cpp_pubsub/share/ament_index/resource_index/package_run_dependencies/cpp_pubsub
[11.763s] -- Installing: /workspaces/ros2project/install/cpp_pubsub/share/ament_index/resource_index/parent_prefix_path/cpp_pubsub
[11.764s] -- Installing: /workspaces/ros2project/install/cpp_pubsub/share/cpp_pubsub/environment/ament_prefix_path.sh
[11.764s] -- Installing: /workspaces/ros2project/install/cpp_pubsub/share/cpp_pubsub/environment/ament_prefix_path.dsv
[11.764s] -- Installing: /workspaces/ros2project/install/cpp_pubsub/share/cpp_pubsub/environment/path.sh
[11.764s] -- Installing: /workspaces/ros2project/install/cpp_pubsub/share/cpp_pubsub/environment/path.dsv
[11.764s] -- Installing: /workspaces/ros2project/install/cpp_pubsub/share/cpp_pubsub/local_setup.bash
[11.765s] -- Installing: /workspaces/ros2project/install/cpp_pubsub/share/cpp_pubsub/local_setup.sh
[11.765s] -- Installing: /workspaces/ros2project/install/cpp_pubsub/share/cpp_pubsub/local_setup.zsh
[11.765s] -- Installing: /workspaces/ros2project/install/cpp_pubsub/share/cpp_pubsub/local_setup.dsv
[11.765s] -- Installing: /workspaces/ros2project/install/cpp_pubsub/share/cpp_pubsub/package.dsv
[11.765s] -- Installing: /workspaces/ros2project/install/cpp_pubsub/share/ament_index/resource_index/packages/cpp_pubsub
[11.765s] -- Installing: /workspaces/ros2project/install/cpp_pubsub/share/cpp_pubsub/cmake/cpp_pubsubConfig.cmake
[11.766s] -- Installing: /workspaces/ros2project/install/cpp_pubsub/share/cpp_pubsub/cmake/cpp_pubsubConfig-version.cmake
[11.766s] -- Installing: /workspaces/ros2project/install/cpp_pubsub/share/cpp_pubsub/package.xml
[11.768s] Invoked command in '/workspaces/ros2project/build/cpp_pubsub' returned '0': CMAKE_PREFIX_PATH=${CMAKE_PREFIX_PATH}:/opt/ros/jazzy /usr/bin/cmake --install /workspaces/ros2project/build/cpp_pubsub
