[0.013s] Invoking command in '/workspaces/ros2project/build/task2': CMAKE_PREFIX_PATH=${CMAKE_PREFIX_PATH}:/opt/ros/jazzy /usr/bin/cmake --build /workspaces/ros2project/build/task2 -- -j8 -l8
[0.071s] [ 50%] Built target listener
[0.075s] [ 75%] [32mBuilding CXX object CMakeFiles/talker.dir/src/publisher.cpp.o[0m
[4.526s] [100%] [32m[1mLinking CXX executable talker[0m
[4.680s] [100%] Built target talker
[4.695s] Invoked command in '/workspaces/ros2project/build/task2' returned '0': CMAKE_PREFIX_PATH=${CMAKE_PREFIX_PATH}:/opt/ros/jazzy /usr/bin/cmake --build /workspaces/ros2project/build/task2 -- -j8 -l8
[4.705s] Invoking command in '/workspaces/ros2project/build/task2': CMAKE_PREFIX_PATH=${CMAKE_PREFIX_PATH}:/opt/ros/jazzy /usr/bin/cmake --install /workspaces/ros2project/build/task2
[4.712s] -- Install configuration: ""
[4.713s] -- Installing: /workspaces/ros2project/install/task2/lib/task2/talker
[4.713s] -- Set non-toolchain portion of runtime path of "/workspaces/ros2project/install/task2/lib/task2/talker" to ""
[4.714s] -- Up-to-date: /workspaces/ros2project/install/task2/lib/task2/listener
[4.714s] -- Up-to-date: /workspaces/ros2project/install/task2/share/ament_index/resource_index/package_run_dependencies/task2
[4.714s] -- Up-to-date: /workspaces/ros2project/install/task2/share/ament_index/resource_index/parent_prefix_path/task2
[4.714s] -- Up-to-date: /workspaces/ros2project/install/task2/share/task2/environment/ament_prefix_path.sh
[4.714s] -- Up-to-date: /workspaces/ros2project/install/task2/share/task2/environment/ament_prefix_path.dsv
[4.714s] -- Up-to-date: /workspaces/ros2project/install/task2/share/task2/environment/path.sh
[4.715s] -- Up-to-date: /workspaces/ros2project/install/task2/share/task2/environment/path.dsv
[4.715s] -- Up-to-date: /workspaces/ros2project/install/task2/share/task2/local_setup.bash
[4.715s] -- Up-to-date: /workspaces/ros2project/install/task2/share/task2/local_setup.sh
[4.715s] -- Up-to-date: /workspaces/ros2project/install/task2/share/task2/local_setup.zsh
[4.715s] -- Up-to-date: /workspaces/ros2project/install/task2/share/task2/local_setup.dsv
[4.715s] -- Installing: /workspaces/ros2project/install/task2/share/task2/package.dsv
[4.715s] -- Up-to-date: /workspaces/ros2project/install/task2/share/ament_index/resource_index/packages/task2
[4.716s] -- Up-to-date: /workspaces/ros2project/install/task2/share/task2/cmake/task2Config.cmake
[4.716s] -- Up-to-date: /workspaces/ros2project/install/task2/share/task2/cmake/task2Config-version.cmake
[4.717s] -- Up-to-date: /workspaces/ros2project/install/task2/share/task2/package.xml
[4.717s] Invoked command in '/workspaces/ros2project/build/task2' returned '0': CMAKE_PREFIX_PATH=${CMAKE_PREFIX_PATH}:/opt/ros/jazzy /usr/bin/cmake --install /workspaces/ros2project/build/task2
