-- The C compiler identification is GNU 14.2.0
-- The CXX compiler identification is GNU 14.2.0
-- Detecting C compiler ABI info
-- Detecting C compiler ABI info - done
-- Check for working C compiler: /usr/bin/cc - skipped
-- Detecting C compile features
-- Detecting C compile features - done
-- Detecting CXX compiler ABI info
-- Detecting CXX compiler ABI info - done
-- Check for working CXX compiler: /usr/bin/c++ - skipped
-- Detecting CXX compile features
-- Detecting CXX compile features - done
-- Found ament_cmake: 2.5.4 (/opt/ros/jazzy/share/ament_cmake/cmake)
-- Found Python3: /usr/bin/python3 (found version "3.12.3") found components: Interpreter 
-- Found rclcpp: 28.1.10 (/opt/ros/jazzy/share/rclcpp/cmake)
-- Found rosidl_generator_c: 4.6.5 (/opt/ros/jazzy/share/rosidl_generator_c/cmake)
-- Found rosidl_generator_cpp: 4.6.5 (/opt/ros/jazzy/share/rosidl_generator_cpp/cmake)
-- Using all available rosidl_typesupport_c: rosidl_typesupport_fastrtps_c;rosidl_typesupport_introspection_c
-- Using all available rosidl_typesupport_cpp: rosidl_typesupport_fastrtps_cpp;rosidl_typesupport_introspection_cpp
-- Found rmw_implementation_cmake: 7.3.2 (/opt/ros/jazzy/share/rmw_implementation_cmake/cmake)
-- Found rmw_fastrtps_cpp: 8.4.2 (/opt/ros/jazzy/share/rmw_fastrtps_cpp/cmake)
-- Found OpenSSL: /usr/lib/x86_64-linux-gnu/libcrypto.so (found version "3.0.13")  
-- Found FastRTPS: /opt/ros/jazzy/include (Required is at least version "2.13") 
-- Using RMW implementation 'rmw_fastrtps_cpp' as default
-- Found std_msgs: 5.3.6 (/opt/ros/jazzy/share/std_msgs/cmake)
-- Found geometry_msgs: 5.3.6 (/opt/ros/jazzy/share/geometry_msgs/cmake)
-- Configuring done (3.4s)
-- Generating done (0.0s)
-- Build files have been written to: /workspaces/ros2project/build/motor_simulator
[ 50%] [32mBuilding CXX object CMakeFiles/motor_simulator_node.dir/src/motor_simulator_node.cpp.o[0m
[100%] [32m[1mLinking CXX executable motor_simulator_node[0m
[100%] Built target motor_simulator_node
-- Install configuration: ""
-- Installing: /workspaces/ros2project/install/motor_simulator/lib/motor_simulator/motor_simulator_node
-- Set non-toolchain portion of runtime path of "/workspaces/ros2project/install/motor_simulator/lib/motor_simulator/motor_simulator_node" to ""
-- Installing: /workspaces/ros2project/install/motor_simulator/include
-- Installing: /workspaces/ros2project/install/motor_simulator/include/motor_simulator
-- Installing: /workspaces/ros2project/install/motor_simulator/include/motor_simulator/motor_model.hpp
-- Installing: /workspaces/ros2project/install/motor_simulator/share/ament_index/resource_index/package_run_dependencies/motor_simulator
-- Installing: /workspaces/ros2project/install/motor_simulator/share/ament_index/resource_index/parent_prefix_path/motor_simulator
-- Installing: /workspaces/ros2project/install/motor_simulator/share/motor_simulator/environment/ament_prefix_path.sh
-- Installing: /workspaces/ros2project/install/motor_simulator/share/motor_simulator/environment/ament_prefix_path.dsv
-- Installing: /workspaces/ros2project/install/motor_simulator/share/motor_simulator/environment/path.sh
-- Installing: /workspaces/ros2project/install/motor_simulator/share/motor_simulator/environment/path.dsv
-- Installing: /workspaces/ros2project/install/motor_simulator/share/motor_simulator/local_setup.bash
-- Installing: /workspaces/ros2project/install/motor_simulator/share/motor_simulator/local_setup.sh
-- Installing: /workspaces/ros2project/install/motor_simulator/share/motor_simulator/local_setup.zsh
-- Installing: /workspaces/ros2project/install/motor_simulator/share/motor_simulator/local_setup.dsv
-- Installing: /workspaces/ros2project/install/motor_simulator/share/motor_simulator/package.dsv
-- Installing: /workspaces/ros2project/install/motor_simulator/share/ament_index/resource_index/packages/motor_simulator
-- Installing: /workspaces/ros2project/install/motor_simulator/share/motor_simulator/cmake/motor_simulatorConfig.cmake
-- Installing: /workspaces/ros2project/install/motor_simulator/share/motor_simulator/cmake/motor_simulatorConfig-version.cmake
-- Installing: /workspaces/ros2project/install/motor_simulator/share/motor_simulator/package.xml
