[0.051s] Invoking command in '/workspaces/ros2project/build/task1': CMAKE_PREFIX_PATH=${CMAKE_PREFIX_PATH}:/opt/ros/jazzy /usr/bin/cmake /workspaces/ros2project/src/task1 -DCMAKE_INSTALL_PREFIX=/workspaces/ros2project/install/task1
[0.257s] -- The C compiler identification is GNU 14.2.0
[0.509s] -- The CXX compiler identification is GNU 14.2.0
[0.553s] -- Detecting C compiler ABI info
[0.837s] -- Detecting C compiler ABI info - done
[0.867s] -- Check for working C compiler: /usr/bin/cc - skipped
[0.869s] -- Detecting C compile features
[0.869s] -- Detecting C compile features - done
[0.908s] -- Detecting CXX compiler ABI info
[1.268s] -- Detecting CXX compiler ABI info - done
[1.298s] -- Check for working CXX compiler: /usr/bin/c++ - skipped
[1.299s] -- Detecting CXX compile features
[1.305s] -- Detecting CXX compile features - done
[1.311s] -- Found ament_cmake: 2.5.4 (/opt/ros/jazzy/share/ament_cmake/cmake)
[1.693s] -- Found Python3: /usr/bin/python3 (found version "3.12.3") found components: Interpreter 
[1.981s] -- Found rclcpp: 28.1.10 (/opt/ros/jazzy/share/rclcpp/cmake)
[2.096s] -- Found rosidl_generator_c: 4.6.5 (/opt/ros/jazzy/share/rosidl_generator_c/cmake)
[2.134s] -- Found rosidl_generator_cpp: 4.6.5 (/opt/ros/jazzy/share/rosidl_generator_cpp/cmake)
[2.185s] -- Using all available rosidl_typesupport_c: rosidl_typesupport_fastrtps_c;rosidl_typesupport_introspection_c
[2.318s] -- Using all available rosidl_typesupport_cpp: rosidl_typesupport_fastrtps_cpp;rosidl_typesupport_introspection_cpp
[2.523s] -- Found rmw_implementation_cmake: 7.3.2 (/opt/ros/jazzy/share/rmw_implementation_cmake/cmake)
[2.535s] -- Found rmw_fastrtps_cpp: 8.4.2 (/opt/ros/jazzy/share/rmw_fastrtps_cpp/cmake)
[2.740s] -- Found OpenSSL: /usr/lib/x86_64-linux-gnu/libcrypto.so (found version "3.0.13")  
[2.796s] -- Found FastRTPS: /opt/ros/jazzy/include (Required is at least version "2.13") 
[2.870s] -- Using RMW implementation 'rmw_fastrtps_cpp' as default
[3.127s] -- Found std_msgs: 5.3.6 (/opt/ros/jazzy/share/std_msgs/cmake)
[3.174s] -- Found ament_lint_auto: 0.17.2 (/opt/ros/jazzy/share/ament_lint_auto/cmake)
[3.469s] -- Added test 'cppcheck' to perform static code analysis on C / C++ code
[3.470s] -- Configured cppcheck include dirs: 
[3.470s] -- Configured cppcheck exclude dirs and/or files: 
[3.476s] -- Added test 'lint_cmake' to check CMake code style
[3.478s] -- Added test 'uncrustify' to check C / C++ code style
[3.478s] -- Configured uncrustify additional arguments: 
[3.485s] -- Added test 'xmllint' to check XML markup files
[3.485s] -- Configuring done (3.4s)
[3.528s] -- Generating done (0.0s)
[3.549s] -- Build files have been written to: /workspaces/ros2project/build/task1
[3.570s] Invoked command in '/workspaces/ros2project/build/task1' returned '0': CMAKE_PREFIX_PATH=${CMAKE_PREFIX_PATH}:/opt/ros/jazzy /usr/bin/cmake /workspaces/ros2project/src/task1 -DCMAKE_INSTALL_PREFIX=/workspaces/ros2project/install/task1
[3.572s] Invoking command in '/workspaces/ros2project/build/task1': CMAKE_PREFIX_PATH=${CMAKE_PREFIX_PATH}:/opt/ros/jazzy /usr/bin/cmake --build /workspaces/ros2project/build/task1 -- -j8 -l8
[3.721s] [ 25%] [32mBuilding CXX object CMakeFiles/listener.dir/src/subscriber.cpp.o[0m
[3.721s] [ 50%] [32mBuilding CXX object CMakeFiles/talker.dir/src/publisher.cpp.o[0m
[21.489s] [ 75%] [32m[1mLinking CXX executable talker[0m
[22.083s] [ 75%] Built target talker
[31.229s] [100%] [32m[1mLinking CXX executable listener[0m
[32.057s] [100%] Built target listener
[32.094s] Invoked command in '/workspaces/ros2project/build/task1' returned '0': CMAKE_PREFIX_PATH=${CMAKE_PREFIX_PATH}:/opt/ros/jazzy /usr/bin/cmake --build /workspaces/ros2project/build/task1 -- -j8 -l8
[32.099s] Invoking command in '/workspaces/ros2project/build/task1': CMAKE_PREFIX_PATH=${CMAKE_PREFIX_PATH}:/opt/ros/jazzy /usr/bin/cmake --install /workspaces/ros2project/build/task1
[32.116s] -- Install configuration: ""
[32.118s] -- Installing: /workspaces/ros2project/install/task1/lib/task1/talker
[32.122s] -- Set non-toolchain portion of runtime path of "/workspaces/ros2project/install/task1/lib/task1/talker" to ""
[32.122s] -- Installing: /workspaces/ros2project/install/task1/lib/task1/listener
[32.133s] -- Set non-toolchain portion of runtime path of "/workspaces/ros2project/install/task1/lib/task1/listener" to ""
[32.134s] -- Installing: /workspaces/ros2project/install/task1/share/ament_index/resource_index/package_run_dependencies/task1
[32.135s] -- Installing: /workspaces/ros2project/install/task1/share/ament_index/resource_index/parent_prefix_path/task1
[32.137s] -- Installing: /workspaces/ros2project/install/task1/share/task1/environment/ament_prefix_path.sh
[32.137s] -- Installing: /workspaces/ros2project/install/task1/share/task1/environment/ament_prefix_path.dsv
[32.138s] -- Installing: /workspaces/ros2project/install/task1/share/task1/environment/path.sh
[32.138s] -- Installing: /workspaces/ros2project/install/task1/share/task1/environment/path.dsv
[32.139s] -- Installing: /workspaces/ros2project/install/task1/share/task1/local_setup.bash
[32.139s] -- Installing: /workspaces/ros2project/install/task1/share/task1/local_setup.sh
[32.140s] -- Installing: /workspaces/ros2project/install/task1/share/task1/local_setup.zsh
[32.141s] -- Installing: /workspaces/ros2project/install/task1/share/task1/local_setup.dsv
[32.142s] -- Installing: /workspaces/ros2project/install/task1/share/task1/package.dsv
[32.142s] -- Installing: /workspaces/ros2project/install/task1/share/ament_index/resource_index/packages/task1
[32.144s] -- Installing: /workspaces/ros2project/install/task1/share/task1/cmake/task1Config.cmake
[32.145s] -- Installing: /workspaces/ros2project/install/task1/share/task1/cmake/task1Config-version.cmake
[32.145s] -- Installing: /workspaces/ros2project/install/task1/share/task1/package.xml
[32.150s] Invoked command in '/workspaces/ros2project/build/task1' returned '0': CMAKE_PREFIX_PATH=${CMAKE_PREFIX_PATH}:/opt/ros/jazzy /usr/bin/cmake --install /workspaces/ros2project/build/task1
